sysbench 1.0.17 (using system LuaJIT 2.0.4)

Running the test with following options:
Number of threads: 1
Initializing random number generator from current time


Prime numbers limit: 200000

Initializing worker threads...

Threads started!

CPU speed:
    events per second:    17.15

General statistics:
    total time:                          30.0273s
    total number of events:              515

Latency (ms):
         min:                                   58.15
         avg:                                   58.30
         max:                                   58.60
         95th percentile:                       58.92
         sum:                                30026.16

Threads fairness:
    events (avg/stddev):           515.0000/0.00
    execution time (avg/stddev):   30.0262/0.00

