sysbench 1.0.17 (using system LuaJIT 2.0.4)

Running the test with following options:
Number of threads: 1
Initializing random number generator from current time


Prime numbers limit: 200000

Initializing worker threads...

Threads started!

CPU speed:
    events per second:    17.62

General statistics:
    total time:                          30.0127s
    total number of events:              529

Latency (ms):
         min:                                   56.57
         avg:                                   56.73
         max:                                   57.68
         95th percentile:                       56.84
         sum:                                30012.03

Threads fairness:
    events (avg/stddev):           529.0000/0.00
    execution time (avg/stddev):   30.0120/0.00

