sysbench 1.0.17 (using system LuaJIT 2.0.4)

Running the test with following options:
Number of threads: 16
Report intermediate results every 10 second(s)
Initializing random number generator from current time


Initializing worker threads...

Threads started!

[ 10s ] thds: 16 tps: 3512.51 qps: 3512.51 (r/w/o: 0.00/2787.83/724.68) lat (ms,95%): 8.28 err/s: 0.00 reconn/s: 0.00
[ 20s ] thds: 16 tps: 3439.73 qps: 3439.73 (r/w/o: 0.00/2737.62/702.11) lat (ms,95%): 8.43 err/s: 0.00 reconn/s: 0.00
[ 30s ] thds: 16 tps: 3467.71 qps: 3467.71 (r/w/o: 0.00/2741.01/726.70) lat (ms,95%): 8.28 err/s: 0.00 reconn/s: 0.00
[ 40s ] thds: 16 tps: 3376.50 qps: 3376.50 (r/w/o: 0.00/2686.30/690.20) lat (ms,95%): 8.90 err/s: 0.00 reconn/s: 0.00
[ 50s ] thds: 16 tps: 3382.81 qps: 3382.81 (r/w/o: 0.00/2678.81/704.00) lat (ms,95%): 8.74 err/s: 0.00 reconn/s: 0.00
[ 60s ] thds: 16 tps: 3437.99 qps: 3437.99 (r/w/o: 0.00/2730.49/707.50) lat (ms,95%): 8.58 err/s: 0.00 reconn/s: 0.00
[ 70s ] thds: 16 tps: 3467.50 qps: 3467.50 (r/w/o: 0.00/2754.90/712.60) lat (ms,95%): 8.13 err/s: 0.00 reconn/s: 0.00
[ 80s ] thds: 16 tps: 3580.61 qps: 3580.61 (r/w/o: 0.00/2848.90/731.70) lat (ms,95%): 7.84 err/s: 0.00 reconn/s: 0.00
[ 90s ] thds: 16 tps: 3551.49 qps: 3551.49 (r/w/o: 0.00/2807.69/743.80) lat (ms,95%): 7.84 err/s: 0.00 reconn/s: 0.00
[ 100s ] thds: 16 tps: 3615.30 qps: 3615.30 (r/w/o: 0.00/2865.50/749.80) lat (ms,95%): 7.70 err/s: 0.00 reconn/s: 0.00
[ 110s ] thds: 16 tps: 3532.09 qps: 3532.09 (r/w/o: 0.00/2797.89/734.20) lat (ms,95%): 7.98 err/s: 0.00 reconn/s: 0.00
[ 120s ] thds: 16 tps: 3486.42 qps: 3486.42 (r/w/o: 0.00/2755.71/730.70) lat (ms,95%): 8.28 err/s: 0.00 reconn/s: 0.00
[ 130s ] thds: 16 tps: 3466.29 qps: 3466.29 (r/w/o: 0.00/2747.49/718.80) lat (ms,95%): 8.43 err/s: 0.00 reconn/s: 0.00
[ 140s ] thds: 16 tps: 3506.50 qps: 3506.50 (r/w/o: 0.00/2791.90/714.60) lat (ms,95%): 8.28 err/s: 0.00 reconn/s: 0.00
[ 150s ] thds: 16 tps: 3415.90 qps: 3415.90 (r/w/o: 0.00/2724.00/691.90) lat (ms,95%): 8.58 err/s: 0.00 reconn/s: 0.00
[ 160s ] thds: 16 tps: 3617.60 qps: 3617.60 (r/w/o: 0.00/2880.20/737.40) lat (ms,95%): 7.84 err/s: 0.00 reconn/s: 0.00
[ 170s ] thds: 16 tps: 3515.20 qps: 3515.20 (r/w/o: 0.00/2790.90/724.30) lat (ms,95%): 8.13 err/s: 0.00 reconn/s: 0.00
[ 180s ] thds: 16 tps: 3549.28 qps: 3549.28 (r/w/o: 0.00/2835.18/714.10) lat (ms,95%): 7.98 err/s: 0.00 reconn/s: 0.00
SQL statistics:
    queries performed:
        read:                            0
        write:                           499644
        other:                           129592
        total:                           629236
    transactions:                        629236 (3495.60 per sec.)
    queries:                             629236 (3495.60 per sec.)
    ignored errors:                      0      (0.00 per sec.)
    reconnects:                          0      (0.00 per sec.)

General statistics:
    total time:                          180.0068s
    total number of events:              629236

Latency (ms):
         min:                                    0.42
         avg:                                    4.58
         max:                                 3113.36
         95th percentile:                        8.28
         sum:                              2879674.73

Threads fairness:
    events (avg/stddev):           39327.2500/289.22
    execution time (avg/stddev):   179.9797/0.00

