sysbench 1.0.17 (using system LuaJIT 2.0.4)

Running the test with following options:
Number of threads: 1
Initializing random number generator from current time


Prime numbers limit: 200000

Initializing worker threads...

Threads started!

CPU speed:
    events per second:    17.60

General statistics:
    total time:                          30.0044s
    total number of events:              528

Latency (ms):
         min:                                   56.66
         avg:                                   56.82
         max:                                   60.09
         95th percentile:                       56.84
         sum:                                30003.43

Threads fairness:
    events (avg/stddev):           528.0000/0.00
    execution time (avg/stddev):   30.0034/0.00

