sysbench 1.0.17 (using system LuaJIT 2.0.4)

Running the test with following options:
Number of threads: 128
Report intermediate results every 10 second(s)
Initializing random number generator from current time


Initializing worker threads...

Threads started!

[ 10s ] thds: 128 tps: 3078.74 qps: 49362.95 (r/w/o: 43192.97/0.00/6169.98) lat (ms,95%): 57.87 err/s: 0.00 reconn/s: 0.00
[ 20s ] thds: 128 tps: 3108.37 qps: 49734.17 (r/w/o: 43517.54/0.00/6216.63) lat (ms,95%): 57.87 err/s: 0.00 reconn/s: 0.00
[ 30s ] thds: 128 tps: 3082.61 qps: 49317.73 (r/w/o: 43152.21/0.00/6165.52) lat (ms,95%): 58.92 err/s: 0.00 reconn/s: 0.00
[ 40s ] thds: 128 tps: 2960.49 qps: 47374.56 (r/w/o: 41453.69/0.00/5920.87) lat (ms,95%): 61.08 err/s: 0.00 reconn/s: 0.00
[ 50s ] thds: 128 tps: 2995.14 qps: 47919.68 (r/w/o: 41930.01/0.00/5989.67) lat (ms,95%): 62.19 err/s: 0.00 reconn/s: 0.00
[ 60s ] thds: 128 tps: 2983.19 qps: 47718.08 (r/w/o: 41751.99/0.00/5966.08) lat (ms,95%): 62.19 err/s: 0.00 reconn/s: 0.00
[ 70s ] thds: 128 tps: 3014.36 qps: 48240.76 (r/w/o: 42211.34/0.00/6029.42) lat (ms,95%): 61.08 err/s: 0.00 reconn/s: 0.00
[ 80s ] thds: 128 tps: 3044.53 qps: 48701.23 (r/w/o: 42612.26/0.00/6088.97) lat (ms,95%): 58.92 err/s: 0.00 reconn/s: 0.00
[ 90s ] thds: 128 tps: 3054.73 qps: 48893.73 (r/w/o: 42784.08/0.00/6109.65) lat (ms,95%): 59.99 err/s: 0.00 reconn/s: 0.00
[ 100s ] thds: 128 tps: 3062.82 qps: 48997.14 (r/w/o: 42872.71/0.00/6124.43) lat (ms,95%): 58.92 err/s: 0.00 reconn/s: 0.00
[ 110s ] thds: 128 tps: 3078.67 qps: 49244.78 (r/w/o: 43087.43/0.00/6157.35) lat (ms,95%): 58.92 err/s: 0.00 reconn/s: 0.00
[ 120s ] thds: 128 tps: 3076.78 qps: 49248.28 (r/w/o: 43093.52/0.00/6154.76) lat (ms,95%): 58.92 err/s: 0.00 reconn/s: 0.00
[ 130s ] thds: 128 tps: 3061.98 qps: 48987.63 (r/w/o: 42864.96/0.00/6122.67) lat (ms,95%): 58.92 err/s: 0.00 reconn/s: 0.00
[ 140s ] thds: 128 tps: 3060.38 qps: 48958.68 (r/w/o: 42836.92/0.00/6121.76) lat (ms,95%): 58.92 err/s: 0.00 reconn/s: 0.00
[ 150s ] thds: 128 tps: 3069.14 qps: 49113.46 (r/w/o: 42975.28/0.00/6138.18) lat (ms,95%): 58.92 err/s: 0.00 reconn/s: 0.00
[ 160s ] thds: 128 tps: 3081.02 qps: 49290.81 (r/w/o: 43128.17/0.00/6162.64) lat (ms,95%): 57.87 err/s: 0.00 reconn/s: 0.00
[ 170s ] thds: 128 tps: 3105.54 qps: 49687.57 (r/w/o: 43477.38/0.00/6210.18) lat (ms,95%): 57.87 err/s: 0.00 reconn/s: 0.00
[ 180s ] thds: 128 tps: 3072.42 qps: 49168.10 (r/w/o: 43022.47/0.00/6145.64) lat (ms,95%): 57.87 err/s: 0.00 reconn/s: 0.00
SQL statistics:
    queries performed:
        read:                            7700644
        write:                           0
        other:                           1100092
        total:                           8800736
    transactions:                        550046 (3052.32 per sec.)
    queries:                             8800736 (48837.08 per sec.)
    ignored errors:                      0      (0.00 per sec.)
    reconnects:                          0      (0.00 per sec.)

General statistics:
    total time:                          180.2046s
    total number of events:              550046

Latency (ms):
         min:                                   11.62
         avg:                                   41.90
         max:                                  230.01
         95th percentile:                       58.92
         sum:                             23046802.54

Threads fairness:
    events (avg/stddev):           4297.2344/11.49
    execution time (avg/stddev):   180.0531/0.04

