sysbench 1.0.17 (using system LuaJIT 2.0.4)

Running the test with following options:
Number of threads: 16
Initializing random number generator from current time


Prime numbers limit: 200000

Initializing worker threads...

Threads started!

CPU speed:
    events per second:   246.97

General statistics:
    total time:                          30.0552s
    total number of events:              7423

Latency (ms):
         min:                                   61.79
         avg:                                   64.73
         max:                                   77.84
         95th percentile:                       64.47
         sum:                               480500.50

Threads fairness:
    events (avg/stddev):           463.9375/0.24
    execution time (avg/stddev):   30.0313/0.01

