sysbench 1.0.17 (using system LuaJIT 2.0.4)

Running the test with following options:
Number of threads: 8
Report intermediate results every 10 second(s)
Initializing random number generator from current time


Initializing worker threads...

Threads started!

[ 10s ] thds: 8 tps: 18865.35 qps: 18865.35 (r/w/o: 18865.35/0.00/0.00) lat (ms,95%): 0.51 err/s: 0.00 reconn/s: 0.00
[ 20s ] thds: 8 tps: 18839.18 qps: 18839.18 (r/w/o: 18839.18/0.00/0.00) lat (ms,95%): 0.51 err/s: 0.00 reconn/s: 0.00
[ 30s ] thds: 8 tps: 18842.38 qps: 18842.38 (r/w/o: 18842.38/0.00/0.00) lat (ms,95%): 0.51 err/s: 0.00 reconn/s: 0.00
[ 40s ] thds: 8 tps: 18840.51 qps: 18840.51 (r/w/o: 18840.51/0.00/0.00) lat (ms,95%): 0.51 err/s: 0.00 reconn/s: 0.00
[ 50s ] thds: 8 tps: 18843.47 qps: 18843.57 (r/w/o: 18843.57/0.00/0.00) lat (ms,95%): 0.51 err/s: 0.00 reconn/s: 0.00
[ 60s ] thds: 8 tps: 18846.59 qps: 18846.49 (r/w/o: 18846.49/0.00/0.00) lat (ms,95%): 0.51 err/s: 0.00 reconn/s: 0.00
[ 70s ] thds: 8 tps: 18842.54 qps: 18842.54 (r/w/o: 18842.54/0.00/0.00) lat (ms,95%): 0.51 err/s: 0.00 reconn/s: 0.00
[ 80s ] thds: 8 tps: 18803.38 qps: 18803.38 (r/w/o: 18803.38/0.00/0.00) lat (ms,95%): 0.51 err/s: 0.00 reconn/s: 0.00
[ 90s ] thds: 8 tps: 18718.14 qps: 18718.14 (r/w/o: 18718.14/0.00/0.00) lat (ms,95%): 0.52 err/s: 0.00 reconn/s: 0.00
[ 100s ] thds: 8 tps: 18789.85 qps: 18789.85 (r/w/o: 18789.85/0.00/0.00) lat (ms,95%): 0.52 err/s: 0.00 reconn/s: 0.00
[ 110s ] thds: 8 tps: 18825.64 qps: 18825.64 (r/w/o: 18825.64/0.00/0.00) lat (ms,95%): 0.52 err/s: 0.00 reconn/s: 0.00
[ 120s ] thds: 8 tps: 18792.91 qps: 18792.91 (r/w/o: 18792.91/0.00/0.00) lat (ms,95%): 0.52 err/s: 0.00 reconn/s: 0.00
[ 130s ] thds: 8 tps: 18777.38 qps: 18777.38 (r/w/o: 18777.38/0.00/0.00) lat (ms,95%): 0.52 err/s: 0.00 reconn/s: 0.00
[ 140s ] thds: 8 tps: 18778.99 qps: 18778.99 (r/w/o: 18778.99/0.00/0.00) lat (ms,95%): 0.52 err/s: 0.00 reconn/s: 0.00
[ 150s ] thds: 8 tps: 18729.40 qps: 18729.40 (r/w/o: 18729.40/0.00/0.00) lat (ms,95%): 0.52 err/s: 0.00 reconn/s: 0.00
[ 160s ] thds: 8 tps: 18801.41 qps: 18801.41 (r/w/o: 18801.41/0.00/0.00) lat (ms,95%): 0.52 err/s: 0.00 reconn/s: 0.00
[ 170s ] thds: 8 tps: 18772.71 qps: 18772.71 (r/w/o: 18772.71/0.00/0.00) lat (ms,95%): 0.52 err/s: 0.00 reconn/s: 0.00
[ 180s ] thds: 8 tps: 18782.07 qps: 18782.07 (r/w/o: 18782.07/0.00/0.00) lat (ms,95%): 0.52 err/s: 0.00 reconn/s: 0.00
SQL statistics:
    queries performed:
        read:                            3384956
        write:                           0
        other:                           0
        total:                           3384956
    transactions:                        3384956 (18804.96 per sec.)
    queries:                             3384956 (18804.96 per sec.)
    ignored errors:                      0      (0.00 per sec.)
    reconnects:                          0      (0.00 per sec.)

General statistics:
    total time:                          180.0019s
    total number of events:              3384956

Latency (ms):
         min:                                    0.25
         avg:                                    0.42
         max:                                    5.52
         95th percentile:                        0.52
         sum:                              1438306.39

Threads fairness:
    events (avg/stddev):           423119.5000/978.75
    execution time (avg/stddev):   179.7883/0.00

