sysbench 1.0.17 (using system LuaJIT 2.0.4)

Running the test with following options:
Number of threads: 128
Report intermediate results every 10 second(s)
Initializing random number generator from current time


Initializing worker threads...

Threads started!

[ 10s ] thds: 128 tps: 68916.73 qps: 68916.73 (r/w/o: 68916.73/0.00/0.00) lat (ms,95%): 5.37 err/s: 0.00 reconn/s: 0.00
[ 20s ] thds: 128 tps: 68381.10 qps: 68381.10 (r/w/o: 68381.10/0.00/0.00) lat (ms,95%): 5.09 err/s: 0.00 reconn/s: 0.00
[ 30s ] thds: 128 tps: 68732.42 qps: 68732.42 (r/w/o: 68732.42/0.00/0.00) lat (ms,95%): 5.00 err/s: 0.00 reconn/s: 0.00
[ 40s ] thds: 128 tps: 66912.76 qps: 66912.76 (r/w/o: 66912.76/0.00/0.00) lat (ms,95%): 5.18 err/s: 0.00 reconn/s: 0.00
[ 50s ] thds: 128 tps: 63870.82 qps: 63870.82 (r/w/o: 63870.82/0.00/0.00) lat (ms,95%): 5.67 err/s: 0.00 reconn/s: 0.00
[ 60s ] thds: 128 tps: 64679.98 qps: 64679.98 (r/w/o: 64679.98/0.00/0.00) lat (ms,95%): 5.57 err/s: 0.00 reconn/s: 0.00
[ 70s ] thds: 128 tps: 66083.31 qps: 66083.31 (r/w/o: 66083.31/0.00/0.00) lat (ms,95%): 5.47 err/s: 0.00 reconn/s: 0.00
[ 80s ] thds: 128 tps: 66416.57 qps: 66416.57 (r/w/o: 66416.57/0.00/0.00) lat (ms,95%): 5.57 err/s: 0.00 reconn/s: 0.00
[ 90s ] thds: 128 tps: 65369.29 qps: 65369.29 (r/w/o: 65369.29/0.00/0.00) lat (ms,95%): 5.57 err/s: 0.00 reconn/s: 0.00
[ 100s ] thds: 128 tps: 65848.24 qps: 65848.24 (r/w/o: 65848.24/0.00/0.00) lat (ms,95%): 5.47 err/s: 0.00 reconn/s: 0.00
[ 110s ] thds: 128 tps: 64529.58 qps: 64529.58 (r/w/o: 64529.58/0.00/0.00) lat (ms,95%): 5.77 err/s: 0.00 reconn/s: 0.00
[ 120s ] thds: 128 tps: 67003.65 qps: 67003.65 (r/w/o: 67003.65/0.00/0.00) lat (ms,95%): 5.47 err/s: 0.00 reconn/s: 0.00
[ 130s ] thds: 128 tps: 66350.89 qps: 66350.89 (r/w/o: 66350.89/0.00/0.00) lat (ms,95%): 5.37 err/s: 0.00 reconn/s: 0.00
[ 140s ] thds: 128 tps: 66514.83 qps: 66514.83 (r/w/o: 66514.83/0.00/0.00) lat (ms,95%): 5.37 err/s: 0.00 reconn/s: 0.00
[ 150s ] thds: 128 tps: 65395.36 qps: 65395.46 (r/w/o: 65395.46/0.00/0.00) lat (ms,95%): 5.57 err/s: 0.00 reconn/s: 0.00
[ 160s ] thds: 128 tps: 66257.76 qps: 66257.66 (r/w/o: 66257.66/0.00/0.00) lat (ms,95%): 5.57 err/s: 0.00 reconn/s: 0.00
[ 170s ] thds: 128 tps: 66760.54 qps: 66760.64 (r/w/o: 66760.64/0.00/0.00) lat (ms,95%): 5.28 err/s: 0.00 reconn/s: 0.00
[ 180s ] thds: 128 tps: 69984.57 qps: 69984.47 (r/w/o: 69984.47/0.00/0.00) lat (ms,95%): 5.09 err/s: 0.00 reconn/s: 0.00
SQL statistics:
    queries performed:
        read:                            11980441
        write:                           0
        other:                           0
        total:                           11980441
    transactions:                        11980441 (66549.29 per sec.)
    queries:                             11980441 (66549.29 per sec.)
    ignored errors:                      0      (0.00 per sec.)
    reconnects:                          0      (0.00 per sec.)

General statistics:
    total time:                          180.0222s
    total number of events:              11980441

Latency (ms):
         min:                                    0.29
         avg:                                    1.92
         max:                                   94.87
         95th percentile:                        5.47
         sum:                             23033369.08

Threads fairness:
    events (avg/stddev):           93597.1953/363.58
    execution time (avg/stddev):   179.9482/0.00

