sysbench 1.0.17 (using system LuaJIT 2.0.4)

Running the test with following options:
Number of threads: 16
Initializing random number generator from current time


Prime numbers limit: 200000

Initializing worker threads...

Threads started!

CPU speed:
    events per second:   246.98

General statistics:
    total time:                          30.0450s
    total number of events:              7421

Latency (ms):
         min:                                   61.69
         avg:                                   64.74
         max:                                   82.19
         95th percentile:                       64.47
         sum:                               480430.93

Threads fairness:
    events (avg/stddev):           463.8125/0.39
    execution time (avg/stddev):   30.0269/0.01

