sysbench 1.0.17 (using system LuaJIT 2.0.4)

Running the test with following options:
Number of threads: 128
Report intermediate results every 10 second(s)
Initializing random number generator from current time


Initializing worker threads...

Threads started!

[ 10s ] thds: 128 tps: 68587.79 qps: 68587.79 (r/w/o: 68587.79/0.00/0.00) lat (ms,95%): 5.37 err/s: 0.00 reconn/s: 0.00
[ 20s ] thds: 128 tps: 68275.62 qps: 68275.62 (r/w/o: 68275.62/0.00/0.00) lat (ms,95%): 5.09 err/s: 0.00 reconn/s: 0.00
[ 30s ] thds: 128 tps: 68294.58 qps: 68294.58 (r/w/o: 68294.58/0.00/0.00) lat (ms,95%): 5.09 err/s: 0.00 reconn/s: 0.00
[ 40s ] thds: 128 tps: 66947.27 qps: 66947.27 (r/w/o: 66947.27/0.00/0.00) lat (ms,95%): 5.18 err/s: 0.00 reconn/s: 0.00
[ 50s ] thds: 128 tps: 63793.27 qps: 63793.27 (r/w/o: 63793.27/0.00/0.00) lat (ms,95%): 5.67 err/s: 0.00 reconn/s: 0.00
[ 60s ] thds: 128 tps: 64515.01 qps: 64515.01 (r/w/o: 64515.01/0.00/0.00) lat (ms,95%): 5.57 err/s: 0.00 reconn/s: 0.00
[ 70s ] thds: 128 tps: 66066.42 qps: 66066.42 (r/w/o: 66066.42/0.00/0.00) lat (ms,95%): 5.47 err/s: 0.00 reconn/s: 0.00
[ 80s ] thds: 128 tps: 66201.69 qps: 66201.69 (r/w/o: 66201.69/0.00/0.00) lat (ms,95%): 5.57 err/s: 0.00 reconn/s: 0.00
[ 90s ] thds: 128 tps: 65276.14 qps: 65276.14 (r/w/o: 65276.14/0.00/0.00) lat (ms,95%): 5.57 err/s: 0.00 reconn/s: 0.00
[ 100s ] thds: 128 tps: 65713.08 qps: 65713.08 (r/w/o: 65713.08/0.00/0.00) lat (ms,95%): 5.47 err/s: 0.00 reconn/s: 0.00
[ 110s ] thds: 128 tps: 64502.76 qps: 64502.76 (r/w/o: 64502.76/0.00/0.00) lat (ms,95%): 5.77 err/s: 0.00 reconn/s: 0.00
[ 120s ] thds: 128 tps: 66718.80 qps: 66718.80 (r/w/o: 66718.80/0.00/0.00) lat (ms,95%): 5.47 err/s: 0.00 reconn/s: 0.00
[ 130s ] thds: 128 tps: 66265.96 qps: 66265.96 (r/w/o: 66265.96/0.00/0.00) lat (ms,95%): 5.37 err/s: 0.00 reconn/s: 0.00
[ 140s ] thds: 128 tps: 66409.16 qps: 66409.16 (r/w/o: 66409.16/0.00/0.00) lat (ms,95%): 5.47 err/s: 0.00 reconn/s: 0.00
[ 150s ] thds: 128 tps: 65239.10 qps: 65239.10 (r/w/o: 65239.10/0.00/0.00) lat (ms,95%): 5.57 err/s: 0.00 reconn/s: 0.00
[ 160s ] thds: 128 tps: 66167.08 qps: 66167.08 (r/w/o: 66167.08/0.00/0.00) lat (ms,95%): 5.57 err/s: 0.00 reconn/s: 0.00
[ 170s ] thds: 128 tps: 66639.86 qps: 66639.86 (r/w/o: 66639.86/0.00/0.00) lat (ms,95%): 5.28 err/s: 0.00 reconn/s: 0.00
[ 180s ] thds: 128 tps: 69666.91 qps: 69666.91 (r/w/o: 69666.91/0.00/0.00) lat (ms,95%): 5.09 err/s: 0.00 reconn/s: 0.00
SQL statistics:
    queries performed:
        read:                            11953129
        write:                           0
        other:                           0
        total:                           11953129
    transactions:                        11953129 (66399.39 per sec.)
    queries:                             11953129 (66399.39 per sec.)
    ignored errors:                      0      (0.00 per sec.)
    reconnects:                          0      (0.00 per sec.)

General statistics:
    total time:                          180.0173s
    total number of events:              11953129

Latency (ms):
         min:                                    0.30
         avg:                                    1.93
         max:                                   67.78
         95th percentile:                        5.47
         sum:                             23032092.41

Threads fairness:
    events (avg/stddev):           93383.8203/377.52
    execution time (avg/stddev):   179.9382/0.00

