sysbench 1.0.17 (using system LuaJIT 2.0.4)

Running the test with following options:
Number of threads: 8
Report intermediate results every 10 second(s)
Initializing random number generator from current time


Initializing worker threads...

Threads started!

[ 10s ] thds: 8 tps: 2507.66 qps: 2507.66 (r/w/o: 0.00/1986.05/521.61) lat (ms,95%): 4.65 err/s: 0.00 reconn/s: 0.00
[ 20s ] thds: 8 tps: 2294.15 qps: 2294.25 (r/w/o: 0.00/1835.04/459.21) lat (ms,95%): 4.74 err/s: 0.00 reconn/s: 0.00
[ 30s ] thds: 8 tps: 2522.94 qps: 2522.84 (r/w/o: 0.00/1999.83/523.01) lat (ms,95%): 4.74 err/s: 0.00 reconn/s: 0.00
[ 40s ] thds: 8 tps: 2483.46 qps: 2483.46 (r/w/o: 0.00/1972.17/511.29) lat (ms,95%): 4.91 err/s: 0.00 reconn/s: 0.00
[ 50s ] thds: 8 tps: 2511.60 qps: 2511.60 (r/w/o: 0.00/1989.00/522.60) lat (ms,95%): 4.91 err/s: 0.00 reconn/s: 0.00
[ 60s ] thds: 8 tps: 2540.81 qps: 2540.81 (r/w/o: 0.00/2013.31/527.50) lat (ms,95%): 4.74 err/s: 0.00 reconn/s: 0.00
[ 70s ] thds: 8 tps: 2521.50 qps: 2521.50 (r/w/o: 0.00/2003.80/517.70) lat (ms,95%): 4.74 err/s: 0.00 reconn/s: 0.00
[ 80s ] thds: 8 tps: 2534.61 qps: 2534.61 (r/w/o: 0.00/2011.61/523.00) lat (ms,95%): 4.82 err/s: 0.00 reconn/s: 0.00
[ 90s ] thds: 8 tps: 2498.67 qps: 2498.67 (r/w/o: 0.00/1991.18/507.49) lat (ms,95%): 4.82 err/s: 0.00 reconn/s: 0.00
[ 100s ] thds: 8 tps: 2546.42 qps: 2546.42 (r/w/o: 0.00/2015.62/530.80) lat (ms,95%): 4.74 err/s: 0.00 reconn/s: 0.00
[ 110s ] thds: 8 tps: 2528.20 qps: 2528.20 (r/w/o: 0.00/2005.60/522.60) lat (ms,95%): 4.82 err/s: 0.00 reconn/s: 0.00
[ 120s ] thds: 8 tps: 2495.79 qps: 2495.79 (r/w/o: 0.00/1975.89/519.90) lat (ms,95%): 5.00 err/s: 0.00 reconn/s: 0.00
[ 130s ] thds: 8 tps: 2517.01 qps: 2517.01 (r/w/o: 0.00/2000.41/516.60) lat (ms,95%): 4.74 err/s: 0.00 reconn/s: 0.00
[ 140s ] thds: 8 tps: 2513.90 qps: 2513.90 (r/w/o: 0.00/2000.80/513.10) lat (ms,95%): 4.74 err/s: 0.00 reconn/s: 0.00
[ 150s ] thds: 8 tps: 2528.20 qps: 2528.20 (r/w/o: 0.00/2004.00/524.20) lat (ms,95%): 4.74 err/s: 0.00 reconn/s: 0.00
[ 160s ] thds: 8 tps: 2515.80 qps: 2515.80 (r/w/o: 0.00/1992.80/523.00) lat (ms,95%): 4.82 err/s: 0.00 reconn/s: 0.00
[ 170s ] thds: 8 tps: 2426.00 qps: 2426.00 (r/w/o: 0.00/1919.70/506.30) lat (ms,95%): 5.47 err/s: 0.00 reconn/s: 0.00
[ 180s ] thds: 8 tps: 2546.52 qps: 2546.52 (r/w/o: 0.00/2009.62/536.90) lat (ms,95%): 4.74 err/s: 0.00 reconn/s: 0.00
SQL statistics:
    queries performed:
        read:                            0
        write:                           357275
        other:                           93069
        total:                           450344
    transactions:                        450344 (2501.84 per sec.)
    queries:                             450344 (2501.84 per sec.)
    ignored errors:                      0      (0.00 per sec.)
    reconnects:                          0      (0.00 per sec.)

General statistics:
    total time:                          180.0036s
    total number of events:              450344

Latency (ms):
         min:                                    0.40
         avg:                                    3.20
         max:                                 5698.93
         95th percentile:                        4.82
         sum:                              1439490.37

Threads fairness:
    events (avg/stddev):           56293.0000/503.94
    execution time (avg/stddev):   179.9363/0.00

