sysbench 1.0.17 (using system LuaJIT 2.0.4)

Running the test with following options:
Number of threads: 8
Report intermediate results every 10 second(s)
Initializing random number generator from current time


Initializing worker threads...

Threads started!

[ 10s ] thds: 8 tps: 18791.27 qps: 18791.27 (r/w/o: 18791.27/0.00/0.00) lat (ms,95%): 0.51 err/s: 0.00 reconn/s: 0.00
[ 20s ] thds: 8 tps: 18804.79 qps: 18804.79 (r/w/o: 18804.79/0.00/0.00) lat (ms,95%): 0.51 err/s: 0.00 reconn/s: 0.00
[ 30s ] thds: 8 tps: 18778.44 qps: 18778.44 (r/w/o: 18778.44/0.00/0.00) lat (ms,95%): 0.52 err/s: 0.00 reconn/s: 0.00
[ 40s ] thds: 8 tps: 18743.22 qps: 18743.22 (r/w/o: 18743.22/0.00/0.00) lat (ms,95%): 0.52 err/s: 0.00 reconn/s: 0.00
[ 50s ] thds: 8 tps: 18717.72 qps: 18717.72 (r/w/o: 18717.72/0.00/0.00) lat (ms,95%): 0.52 err/s: 0.00 reconn/s: 0.00
[ 60s ] thds: 8 tps: 18729.71 qps: 18729.71 (r/w/o: 18729.71/0.00/0.00) lat (ms,95%): 0.52 err/s: 0.00 reconn/s: 0.00
[ 70s ] thds: 8 tps: 18741.15 qps: 18741.15 (r/w/o: 18741.15/0.00/0.00) lat (ms,95%): 0.52 err/s: 0.00 reconn/s: 0.00
[ 80s ] thds: 8 tps: 18714.93 qps: 18714.93 (r/w/o: 18714.93/0.00/0.00) lat (ms,95%): 0.52 err/s: 0.00 reconn/s: 0.00
[ 90s ] thds: 8 tps: 18636.08 qps: 18636.08 (r/w/o: 18636.08/0.00/0.00) lat (ms,95%): 0.52 err/s: 0.00 reconn/s: 0.00
[ 100s ] thds: 8 tps: 18702.55 qps: 18702.55 (r/w/o: 18702.55/0.00/0.00) lat (ms,95%): 0.52 err/s: 0.00 reconn/s: 0.00
[ 110s ] thds: 8 tps: 18676.71 qps: 18676.71 (r/w/o: 18676.71/0.00/0.00) lat (ms,95%): 0.52 err/s: 0.00 reconn/s: 0.00
[ 120s ] thds: 8 tps: 18710.13 qps: 18710.13 (r/w/o: 18710.13/0.00/0.00) lat (ms,95%): 0.52 err/s: 0.00 reconn/s: 0.00
[ 130s ] thds: 8 tps: 18707.16 qps: 18707.16 (r/w/o: 18707.16/0.00/0.00) lat (ms,95%): 0.52 err/s: 0.00 reconn/s: 0.00
[ 140s ] thds: 8 tps: 18686.53 qps: 18686.53 (r/w/o: 18686.53/0.00/0.00) lat (ms,95%): 0.52 err/s: 0.00 reconn/s: 0.00
[ 150s ] thds: 8 tps: 18627.08 qps: 18627.08 (r/w/o: 18627.08/0.00/0.00) lat (ms,95%): 0.52 err/s: 0.00 reconn/s: 0.00
[ 160s ] thds: 8 tps: 18714.48 qps: 18714.48 (r/w/o: 18714.48/0.00/0.00) lat (ms,95%): 0.52 err/s: 0.00 reconn/s: 0.00
[ 170s ] thds: 8 tps: 18686.35 qps: 18686.35 (r/w/o: 18686.35/0.00/0.00) lat (ms,95%): 0.52 err/s: 0.00 reconn/s: 0.00
[ 180s ] thds: 8 tps: 18700.22 qps: 18700.22 (r/w/o: 18700.22/0.00/0.00) lat (ms,95%): 0.52 err/s: 0.00 reconn/s: 0.00
SQL statistics:
    queries performed:
        read:                            3368725
        write:                           0
        other:                           0
        total:                           3368725
    transactions:                        3368725 (18714.72 per sec.)
    queries:                             3368725 (18714.72 per sec.)
    ignored errors:                      0      (0.00 per sec.)
    reconnects:                          0      (0.00 per sec.)

General statistics:
    total time:                          180.0024s
    total number of events:              3368725

Latency (ms):
         min:                                    0.25
         avg:                                    0.43
         max:                                    9.71
         95th percentile:                        0.52
         sum:                              1437557.89

Threads fairness:
    events (avg/stddev):           421090.6250/1011.94
    execution time (avg/stddev):   179.6947/0.00

