sysbench 1.0.17 (using system LuaJIT 2.0.4)

Running the test with following options:
Number of threads: 64
Report intermediate results every 10 second(s)
Initializing random number generator from current time


Initializing worker threads...

Threads started!

[ 10s ] thds: 64 tps: 2600.31 qps: 41658.41 (r/w/o: 36451.38/0.00/5207.03) lat (ms,95%): 36.89 err/s: 0.00 reconn/s: 0.00
[ 20s ] thds: 64 tps: 2603.16 qps: 41648.04 (r/w/o: 36442.11/0.00/5205.93) lat (ms,95%): 36.24 err/s: 0.00 reconn/s: 0.00
[ 30s ] thds: 64 tps: 2605.20 qps: 41680.60 (r/w/o: 36469.90/0.00/5210.70) lat (ms,95%): 36.24 err/s: 0.00 reconn/s: 0.00
[ 40s ] thds: 64 tps: 2627.78 qps: 42054.29 (r/w/o: 36798.83/0.00/5255.46) lat (ms,95%): 35.59 err/s: 0.00 reconn/s: 0.00
[ 50s ] thds: 64 tps: 2605.91 qps: 41686.83 (r/w/o: 36474.92/0.00/5211.92) lat (ms,95%): 36.24 err/s: 0.00 reconn/s: 0.00
[ 60s ] thds: 64 tps: 2607.41 qps: 41717.53 (r/w/o: 36502.60/0.00/5214.93) lat (ms,95%): 36.24 err/s: 0.00 reconn/s: 0.00
[ 70s ] thds: 64 tps: 2627.51 qps: 42045.13 (r/w/o: 36790.42/0.00/5254.72) lat (ms,95%): 36.24 err/s: 0.00 reconn/s: 0.00
[ 80s ] thds: 64 tps: 2687.99 qps: 43000.29 (r/w/o: 37625.40/0.00/5374.89) lat (ms,95%): 35.59 err/s: 0.00 reconn/s: 0.00
[ 90s ] thds: 64 tps: 2703.12 qps: 43252.01 (r/w/o: 37844.87/0.00/5407.14) lat (ms,95%): 34.95 err/s: 0.00 reconn/s: 0.00
[ 100s ] thds: 64 tps: 2701.01 qps: 43216.66 (r/w/o: 37814.74/0.00/5401.92) lat (ms,95%): 34.33 err/s: 0.00 reconn/s: 0.00
[ 110s ] thds: 64 tps: 2707.60 qps: 43327.77 (r/w/o: 37911.98/0.00/5415.80) lat (ms,95%): 34.33 err/s: 0.00 reconn/s: 0.00
[ 120s ] thds: 64 tps: 2698.92 qps: 43172.80 (r/w/o: 37776.16/0.00/5396.64) lat (ms,95%): 34.95 err/s: 0.00 reconn/s: 0.00
[ 130s ] thds: 64 tps: 2721.16 qps: 43548.12 (r/w/o: 38104.59/0.00/5443.53) lat (ms,95%): 34.95 err/s: 0.00 reconn/s: 0.00
[ 140s ] thds: 64 tps: 2757.70 qps: 44120.94 (r/w/o: 38605.63/0.00/5515.30) lat (ms,95%): 33.72 err/s: 0.00 reconn/s: 0.00
[ 150s ] thds: 64 tps: 2768.98 qps: 44307.75 (r/w/o: 38769.69/0.00/5538.06) lat (ms,95%): 33.72 err/s: 0.00 reconn/s: 0.00
[ 160s ] thds: 64 tps: 2810.32 qps: 44958.46 (r/w/o: 39338.53/0.00/5619.93) lat (ms,95%): 33.72 err/s: 0.00 reconn/s: 0.00
[ 170s ] thds: 64 tps: 2876.39 qps: 46029.20 (r/w/o: 40275.91/0.00/5753.29) lat (ms,95%): 34.33 err/s: 0.00 reconn/s: 0.00
[ 180s ] thds: 64 tps: 2874.25 qps: 45987.65 (r/w/o: 40239.26/0.00/5748.39) lat (ms,95%): 34.33 err/s: 0.00 reconn/s: 0.00
SQL statistics:
    queries performed:
        read:                            6802796
        write:                           0
        other:                           971828
        total:                           7774624
    transactions:                        485914 (2699.01 per sec.)
    queries:                             7774624 (43184.09 per sec.)
    ignored errors:                      0      (0.00 per sec.)
    reconnects:                          0      (0.00 per sec.)

General statistics:
    total time:                          180.0331s
    total number of events:              485914

Latency (ms):
         min:                                    9.16
         avg:                                   23.71
         max:                                  116.08
         95th percentile:                       34.95
         sum:                             11519908.32

Threads fairness:
    events (avg/stddev):           7592.4062/19.61
    execution time (avg/stddev):   179.9986/0.01

