sysbench 1.0.17 (using system LuaJIT 2.0.4)

Running the test with following options:
Number of threads: 16
Initializing random number generator from current time


Prime numbers limit: 200000

Initializing worker threads...

Threads started!

CPU speed:
    events per second:   122.12

General statistics:
    total time:                          30.0836s
    total number of events:              3674

Latency (ms):
         min:                                   64.14
         avg:                                  130.70
         max:                                  353.50
         95th percentile:                      142.39
         sum:                               480195.48

Threads fairness:
    events (avg/stddev):           229.6250/2.52
    execution time (avg/stddev):   30.0122/0.05

