sysbench 1.0.17 (using system LuaJIT 2.0.4)

Running the test with following options:
Number of threads: 128
Report intermediate results every 10 second(s)
Initializing random number generator from current time


Initializing worker threads...

Threads started!

[ 10s ] thds: 128 tps: 5090.68 qps: 5090.68 (r/w/o: 0.00/4036.42/1054.27) lat (ms,95%): 82.96 err/s: 0.00 reconn/s: 0.00
[ 20s ] thds: 128 tps: 3584.84 qps: 3584.84 (r/w/o: 0.00/2857.03/727.81) lat (ms,95%): 65.65 err/s: 0.00 reconn/s: 0.00
[ 30s ] thds: 128 tps: 51.10 qps: 51.10 (r/w/o: 0.00/42.50/8.60) lat (ms,95%): 11317.84 err/s: 0.00 reconn/s: 0.00
[ 40s ] thds: 128 tps: 4186.52 qps: 4186.52 (r/w/o: 0.00/3314.42/872.10) lat (ms,95%): 50.11 err/s: 0.00 reconn/s: 0.00
[ 50s ] thds: 128 tps: 6048.23 qps: 6048.23 (r/w/o: 0.00/4786.42/1261.81) lat (ms,95%): 52.89 err/s: 0.00 reconn/s: 0.00
[ 60s ] thds: 128 tps: 2333.52 qps: 2333.52 (r/w/o: 0.00/1853.81/479.70) lat (ms,95%): 54.83 err/s: 0.00 reconn/s: 0.00
[ 70s ] thds: 128 tps: 404.79 qps: 404.79 (r/w/o: 0.00/314.00/90.80) lat (ms,95%): 960.30 err/s: 0.00 reconn/s: 0.00
[ 80s ] thds: 128 tps: 4844.44 qps: 4844.44 (r/w/o: 0.00/3839.94/1004.51) lat (ms,95%): 56.84 err/s: 0.00 reconn/s: 0.00
[ 90s ] thds: 128 tps: 4683.39 qps: 4683.39 (r/w/o: 0.00/3730.09/953.30) lat (ms,95%): 65.65 err/s: 0.00 reconn/s: 0.00
[ 100s ] thds: 128 tps: 4346.83 qps: 4346.83 (r/w/o: 0.00/3436.93/909.91) lat (ms,95%): 75.82 err/s: 0.00 reconn/s: 0.00
[ 110s ] thds: 128 tps: 9.90 qps: 9.90 (r/w/o: 0.00/8.70/1.20) lat (ms,95%): 10343.39 err/s: 0.00 reconn/s: 0.00
[ 120s ] thds: 128 tps: 4987.26 qps: 4987.26 (r/w/o: 0.00/3961.87/1025.39) lat (ms,95%): 15.27 err/s: 0.00 reconn/s: 0.00
[ 130s ] thds: 128 tps: 15511.44 qps: 15511.44 (r/w/o: 0.00/12309.57/3201.87) lat (ms,95%): 17.32 err/s: 0.00 reconn/s: 0.00
[ 140s ] thds: 128 tps: 14936.55 qps: 14936.55 (r/w/o: 0.00/11845.82/3090.73) lat (ms,95%): 18.61 err/s: 0.00 reconn/s: 0.00
[ 150s ] thds: 128 tps: 14669.95 qps: 14669.95 (r/w/o: 0.00/11658.34/3011.61) lat (ms,95%): 19.65 err/s: 0.00 reconn/s: 0.00
[ 160s ] thds: 128 tps: 15000.62 qps: 15000.62 (r/w/o: 0.00/11905.12/3095.50) lat (ms,95%): 18.61 err/s: 0.00 reconn/s: 0.00
[ 170s ] thds: 128 tps: 12414.90 qps: 12414.90 (r/w/o: 0.00/9864.14/2550.76) lat (ms,95%): 24.83 err/s: 0.00 reconn/s: 0.00
[ 180s ] thds: 128 tps: 12945.29 qps: 12945.29 (r/w/o: 0.00/10275.28/2670.01) lat (ms,95%): 24.38 err/s: 0.00 reconn/s: 0.00
SQL statistics:
    queries performed:
        read:                            0
        write:                           1000531
        other:                           260106
        total:                           1260637
    transactions:                        1260637 (7002.84 per sec.)
    queries:                             1260637 (7002.84 per sec.)
    ignored errors:                      0      (0.00 per sec.)
    reconnects:                          0      (0.00 per sec.)

General statistics:
    total time:                          180.0165s
    total number of events:              1260637

Latency (ms):
         min:                                    0.42
         avg:                                   18.28
         max:                                19305.42
         95th percentile:                       43.39
         sum:                             23039440.03

Threads fairness:
    events (avg/stddev):           9848.7266/155.86
    execution time (avg/stddev):   179.9956/0.00

