sysbench 1.0.17 (using system LuaJIT 2.0.4)

Running the test with following options:
Number of threads: 512
Report intermediate results every 10 second(s)
Initializing random number generator from current time


Initializing worker threads...

Threads started!

[ 10s ] thds: 512 tps: 73040.99 qps: 73040.99 (r/w/o: 73040.99/0.00/0.00) lat (ms,95%): 22.28 err/s: 0.00 reconn/s: 0.00
[ 20s ] thds: 512 tps: 72586.11 qps: 72586.01 (r/w/o: 72586.01/0.00/0.00) lat (ms,95%): 22.28 err/s: 0.00 reconn/s: 0.00
[ 30s ] thds: 512 tps: 70757.58 qps: 70757.68 (r/w/o: 70757.68/0.00/0.00) lat (ms,95%): 22.69 err/s: 0.00 reconn/s: 0.00
[ 40s ] thds: 512 tps: 72571.62 qps: 72571.62 (r/w/o: 72571.62/0.00/0.00) lat (ms,95%): 22.28 err/s: 0.00 reconn/s: 0.00
[ 50s ] thds: 512 tps: 68695.39 qps: 68695.39 (r/w/o: 68695.39/0.00/0.00) lat (ms,95%): 22.69 err/s: 0.00 reconn/s: 0.00
[ 60s ] thds: 512 tps: 70510.59 qps: 70510.59 (r/w/o: 70510.59/0.00/0.00) lat (ms,95%): 22.28 err/s: 0.00 reconn/s: 0.00
[ 70s ] thds: 512 tps: 68680.35 qps: 68680.35 (r/w/o: 68680.35/0.00/0.00) lat (ms,95%): 22.69 err/s: 0.00 reconn/s: 0.00
[ 80s ] thds: 512 tps: 69158.33 qps: 69158.33 (r/w/o: 69158.33/0.00/0.00) lat (ms,95%): 22.69 err/s: 0.00 reconn/s: 0.00
[ 90s ] thds: 512 tps: 69345.15 qps: 69345.15 (r/w/o: 69345.15/0.00/0.00) lat (ms,95%): 23.10 err/s: 0.00 reconn/s: 0.00
[ 100s ] thds: 512 tps: 70195.74 qps: 70195.74 (r/w/o: 70195.74/0.00/0.00) lat (ms,95%): 22.69 err/s: 0.00 reconn/s: 0.00
[ 110s ] thds: 512 tps: 71040.46 qps: 71040.46 (r/w/o: 71040.46/0.00/0.00) lat (ms,95%): 22.28 err/s: 0.00 reconn/s: 0.00
[ 120s ] thds: 512 tps: 69629.67 qps: 69629.67 (r/w/o: 69629.67/0.00/0.00) lat (ms,95%): 22.69 err/s: 0.00 reconn/s: 0.00
[ 130s ] thds: 512 tps: 70696.87 qps: 70696.87 (r/w/o: 70696.87/0.00/0.00) lat (ms,95%): 22.69 err/s: 0.00 reconn/s: 0.00
[ 140s ] thds: 512 tps: 69726.25 qps: 69726.25 (r/w/o: 69726.25/0.00/0.00) lat (ms,95%): 22.69 err/s: 0.00 reconn/s: 0.00
[ 150s ] thds: 512 tps: 70609.65 qps: 70609.65 (r/w/o: 70609.65/0.00/0.00) lat (ms,95%): 22.28 err/s: 0.00 reconn/s: 0.00
[ 160s ] thds: 512 tps: 72373.05 qps: 72373.05 (r/w/o: 72373.05/0.00/0.00) lat (ms,95%): 21.89 err/s: 0.00 reconn/s: 0.00
[ 170s ] thds: 512 tps: 70136.34 qps: 70136.34 (r/w/o: 70136.34/0.00/0.00) lat (ms,95%): 22.69 err/s: 0.00 reconn/s: 0.00
[ 180s ] thds: 512 tps: 65463.20 qps: 65463.20 (r/w/o: 65463.20/0.00/0.00) lat (ms,95%): 23.95 err/s: 0.00 reconn/s: 0.00
SQL statistics:
    queries performed:
        read:                            12653286
        write:                           0
        other:                           0
        total:                           12653286
    transactions:                        12653286 (70266.37 per sec.)
    queries:                             12653286 (70266.37 per sec.)
    ignored errors:                      0      (0.00 per sec.)
    reconnects:                          0      (0.00 per sec.)

General statistics:
    total time:                          180.0746s
    total number of events:              12653286

Latency (ms):
         min:                                    0.31
         avg:                                    7.28
         max:                                  153.45
         95th percentile:                       22.69
         sum:                             92159839.37

Threads fairness:
    events (avg/stddev):           24713.4492/197.83
    execution time (avg/stddev):   179.9997/0.02

