sysbench 1.0.17 (using system LuaJIT 2.0.4)

Running the test with following options:
Number of threads: 32
Report intermediate results every 10 second(s)
Initializing random number generator from current time


Initializing worker threads...

Threads started!

[ 10s ] thds: 32 tps: 4560.04 qps: 4560.04 (r/w/o: 0.00/3626.21/933.82) lat (ms,95%): 14.46 err/s: 0.00 reconn/s: 0.00
[ 20s ] thds: 32 tps: 4545.89 qps: 4545.89 (r/w/o: 0.00/3611.79/934.10) lat (ms,95%): 14.73 err/s: 0.00 reconn/s: 0.00
[ 30s ] thds: 32 tps: 4623.20 qps: 4623.20 (r/w/o: 0.00/3669.70/953.50) lat (ms,95%): 14.73 err/s: 0.00 reconn/s: 0.00
[ 40s ] thds: 32 tps: 4571.96 qps: 4571.96 (r/w/o: 0.00/3628.45/943.51) lat (ms,95%): 15.00 err/s: 0.00 reconn/s: 0.00
[ 50s ] thds: 32 tps: 4544.85 qps: 4544.85 (r/w/o: 0.00/3611.96/932.89) lat (ms,95%): 15.00 err/s: 0.00 reconn/s: 0.00
[ 60s ] thds: 32 tps: 4116.07 qps: 4116.07 (r/w/o: 0.00/3270.55/845.51) lat (ms,95%): 18.95 err/s: 0.00 reconn/s: 0.00
[ 70s ] thds: 32 tps: 4143.48 qps: 4143.48 (r/w/o: 0.00/3282.48/861.00) lat (ms,95%): 19.29 err/s: 0.00 reconn/s: 0.00
[ 80s ] thds: 32 tps: 4099.51 qps: 4099.51 (r/w/o: 0.00/3250.11/849.40) lat (ms,95%): 18.95 err/s: 0.00 reconn/s: 0.00
[ 90s ] thds: 32 tps: 4269.39 qps: 4269.39 (r/w/o: 0.00/3380.09/889.30) lat (ms,95%): 17.01 err/s: 0.00 reconn/s: 0.00
[ 100s ] thds: 32 tps: 4375.17 qps: 4375.17 (r/w/o: 0.00/3484.07/891.09) lat (ms,95%): 15.83 err/s: 0.00 reconn/s: 0.00
[ 110s ] thds: 32 tps: 4364.68 qps: 4364.68 (r/w/o: 0.00/3464.88/899.80) lat (ms,95%): 16.41 err/s: 0.00 reconn/s: 0.00
[ 120s ] thds: 32 tps: 4448.82 qps: 4448.82 (r/w/o: 0.00/3512.62/936.20) lat (ms,95%): 16.41 err/s: 0.00 reconn/s: 0.00
[ 130s ] thds: 32 tps: 4459.80 qps: 4459.80 (r/w/o: 0.00/3531.60/928.20) lat (ms,95%): 16.12 err/s: 0.00 reconn/s: 0.00
[ 140s ] thds: 32 tps: 4485.49 qps: 4485.49 (r/w/o: 0.00/3561.29/924.20) lat (ms,95%): 16.12 err/s: 0.00 reconn/s: 0.00
[ 150s ] thds: 32 tps: 4529.03 qps: 4529.03 (r/w/o: 0.00/3588.22/940.81) lat (ms,95%): 15.55 err/s: 0.00 reconn/s: 0.00
[ 160s ] thds: 32 tps: 4462.50 qps: 4462.50 (r/w/o: 0.00/3537.00/925.50) lat (ms,95%): 16.12 err/s: 0.00 reconn/s: 0.00
[ 170s ] thds: 32 tps: 4440.62 qps: 4440.62 (r/w/o: 0.00/3532.43/908.18) lat (ms,95%): 15.83 err/s: 0.00 reconn/s: 0.00
[ 180s ] thds: 32 tps: 4276.92 qps: 4276.92 (r/w/o: 0.00/3385.83/891.08) lat (ms,95%): 17.63 err/s: 0.00 reconn/s: 0.00
SQL statistics:
    queries performed:
        read:                            0
        write:                           629328
        other:                           163886
        total:                           793214
    transactions:                        793214 (4406.59 per sec.)
    queries:                             793214 (4406.59 per sec.)
    ignored errors:                      0      (0.00 per sec.)
    reconnects:                          0      (0.00 per sec.)

General statistics:
    total time:                          180.0048s
    total number of events:              793214

Latency (ms):
         min:                                    0.42
         avg:                                    7.26
         max:                                 3128.36
         95th percentile:                       16.41
         sum:                              5759225.90

Threads fairness:
    events (avg/stddev):           24787.9375/163.11
    execution time (avg/stddev):   179.9758/0.00

