sysbench 1.0.17 (using system LuaJIT 2.0.4)

Running the test with following options:
Number of threads: 32
Report intermediate results every 10 second(s)
Initializing random number generator from current time


Initializing worker threads...

Threads started!

[ 10s ] thds: 32 tps: 2223.82 qps: 35603.94 (r/w/o: 31153.21/0.00/4450.73) lat (ms,95%): 21.11 err/s: 0.00 reconn/s: 0.00
[ 20s ] thds: 32 tps: 2154.63 qps: 34480.19 (r/w/o: 30170.83/0.00/4309.36) lat (ms,95%): 21.89 err/s: 0.00 reconn/s: 0.00
[ 30s ] thds: 32 tps: 2165.03 qps: 34635.93 (r/w/o: 30305.98/0.00/4329.95) lat (ms,95%): 21.89 err/s: 0.00 reconn/s: 0.00
[ 40s ] thds: 32 tps: 2181.60 qps: 34908.25 (r/w/o: 30545.04/0.00/4363.21) lat (ms,95%): 21.50 err/s: 0.00 reconn/s: 0.00
[ 50s ] thds: 32 tps: 2163.11 qps: 34611.61 (r/w/o: 30285.49/0.00/4326.11) lat (ms,95%): 21.89 err/s: 0.00 reconn/s: 0.00
[ 60s ] thds: 32 tps: 2185.29 qps: 34960.93 (r/w/o: 30590.26/0.00/4370.68) lat (ms,95%): 21.89 err/s: 0.00 reconn/s: 0.00
[ 70s ] thds: 32 tps: 2228.01 qps: 35651.30 (r/w/o: 31195.19/0.00/4456.11) lat (ms,95%): 21.50 err/s: 0.00 reconn/s: 0.00
[ 80s ] thds: 32 tps: 2244.60 qps: 35912.77 (r/w/o: 31423.58/0.00/4489.20) lat (ms,95%): 21.50 err/s: 0.00 reconn/s: 0.00
[ 90s ] thds: 32 tps: 2236.70 qps: 35790.45 (r/w/o: 31317.24/0.00/4473.21) lat (ms,95%): 21.50 err/s: 0.00 reconn/s: 0.00
[ 100s ] thds: 32 tps: 2225.07 qps: 35595.41 (r/w/o: 31145.17/0.00/4450.24) lat (ms,95%): 21.50 err/s: 0.00 reconn/s: 0.00
[ 110s ] thds: 32 tps: 2230.54 qps: 35690.04 (r/w/o: 31228.86/0.00/4461.18) lat (ms,95%): 21.50 err/s: 0.00 reconn/s: 0.00
[ 120s ] thds: 32 tps: 2221.68 qps: 35543.99 (r/w/o: 31100.63/0.00/4443.36) lat (ms,95%): 21.50 err/s: 0.00 reconn/s: 0.00
[ 130s ] thds: 32 tps: 2238.41 qps: 35818.91 (r/w/o: 31342.20/0.00/4476.71) lat (ms,95%): 21.50 err/s: 0.00 reconn/s: 0.00
[ 140s ] thds: 32 tps: 2246.41 qps: 35939.58 (r/w/o: 31446.75/0.00/4492.82) lat (ms,95%): 21.11 err/s: 0.00 reconn/s: 0.00
[ 150s ] thds: 32 tps: 2240.20 qps: 35844.08 (r/w/o: 31363.58/0.00/4480.50) lat (ms,95%): 21.50 err/s: 0.00 reconn/s: 0.00
[ 160s ] thds: 32 tps: 2246.38 qps: 35939.32 (r/w/o: 31446.76/0.00/4492.57) lat (ms,95%): 21.50 err/s: 0.00 reconn/s: 0.00
[ 170s ] thds: 32 tps: 2253.00 qps: 36049.68 (r/w/o: 31543.58/0.00/4506.10) lat (ms,95%): 21.11 err/s: 0.00 reconn/s: 0.00
[ 180s ] thds: 32 tps: 2291.73 qps: 36668.97 (r/w/o: 32085.91/0.00/4583.06) lat (ms,95%): 21.11 err/s: 0.00 reconn/s: 0.00
SQL statistics:
    queries performed:
        read:                            5597158
        write:                           0
        other:                           799594
        total:                           6396752
    transactions:                        399797 (2220.86 per sec.)
    queries:                             6396752 (35533.77 per sec.)
    ignored errors:                      0      (0.00 per sec.)
    reconnects:                          0      (0.00 per sec.)

General statistics:
    total time:                          180.0176s
    total number of events:              399797

Latency (ms):
         min:                                    7.47
         avg:                                   14.41
         max:                                   54.22
         95th percentile:                       21.50
         sum:                              5759305.53

Threads fairness:
    events (avg/stddev):           12493.6562/26.30
    execution time (avg/stddev):   179.9783/0.00

