sysbench 1.0.17 (using system LuaJIT 2.0.4)

Running the test with following options:
Number of threads: 16
Report intermediate results every 10 second(s)
Initializing random number generator from current time


Initializing worker threads...

Threads started!

[ 10s ] thds: 16 tps: 32938.02 qps: 32938.02 (r/w/o: 32938.02/0.00/0.00) lat (ms,95%): 0.62 err/s: 0.00 reconn/s: 0.00
[ 20s ] thds: 16 tps: 32958.26 qps: 32958.26 (r/w/o: 32958.26/0.00/0.00) lat (ms,95%): 0.62 err/s: 0.00 reconn/s: 0.00
[ 30s ] thds: 16 tps: 33028.44 qps: 33028.44 (r/w/o: 33028.44/0.00/0.00) lat (ms,95%): 0.62 err/s: 0.00 reconn/s: 0.00
[ 40s ] thds: 16 tps: 32979.77 qps: 32979.77 (r/w/o: 32979.77/0.00/0.00) lat (ms,95%): 0.62 err/s: 0.00 reconn/s: 0.00
[ 50s ] thds: 16 tps: 32895.45 qps: 32895.45 (r/w/o: 32895.45/0.00/0.00) lat (ms,95%): 0.62 err/s: 0.00 reconn/s: 0.00
[ 60s ] thds: 16 tps: 32843.78 qps: 32843.78 (r/w/o: 32843.78/0.00/0.00) lat (ms,95%): 0.62 err/s: 0.00 reconn/s: 0.00
[ 70s ] thds: 16 tps: 32880.49 qps: 32880.49 (r/w/o: 32880.49/0.00/0.00) lat (ms,95%): 0.62 err/s: 0.00 reconn/s: 0.00
[ 80s ] thds: 16 tps: 32739.01 qps: 32739.01 (r/w/o: 32739.01/0.00/0.00) lat (ms,95%): 0.62 err/s: 0.00 reconn/s: 0.00
[ 90s ] thds: 16 tps: 32677.88 qps: 32677.88 (r/w/o: 32677.88/0.00/0.00) lat (ms,95%): 0.63 err/s: 0.00 reconn/s: 0.00
[ 100s ] thds: 16 tps: 32795.13 qps: 32795.13 (r/w/o: 32795.13/0.00/0.00) lat (ms,95%): 0.62 err/s: 0.00 reconn/s: 0.00
[ 110s ] thds: 16 tps: 32850.52 qps: 32850.52 (r/w/o: 32850.52/0.00/0.00) lat (ms,95%): 0.62 err/s: 0.00 reconn/s: 0.00
[ 120s ] thds: 16 tps: 32886.83 qps: 32886.83 (r/w/o: 32886.83/0.00/0.00) lat (ms,95%): 0.62 err/s: 0.00 reconn/s: 0.00
[ 130s ] thds: 16 tps: 32803.80 qps: 32803.80 (r/w/o: 32803.80/0.00/0.00) lat (ms,95%): 0.62 err/s: 0.00 reconn/s: 0.00
[ 140s ] thds: 16 tps: 32729.04 qps: 32729.04 (r/w/o: 32729.04/0.00/0.00) lat (ms,95%): 0.63 err/s: 0.00 reconn/s: 0.00
[ 150s ] thds: 16 tps: 32306.95 qps: 32306.95 (r/w/o: 32306.95/0.00/0.00) lat (ms,95%): 0.64 err/s: 0.00 reconn/s: 0.00
[ 160s ] thds: 16 tps: 32434.40 qps: 32434.40 (r/w/o: 32434.40/0.00/0.00) lat (ms,95%): 0.63 err/s: 0.00 reconn/s: 0.00
[ 170s ] thds: 16 tps: 32106.22 qps: 32106.22 (r/w/o: 32106.22/0.00/0.00) lat (ms,95%): 0.65 err/s: 0.00 reconn/s: 0.00
[ 180s ] thds: 16 tps: 32294.47 qps: 32294.47 (r/w/o: 32294.47/0.00/0.00) lat (ms,95%): 0.64 err/s: 0.00 reconn/s: 0.00
SQL statistics:
    queries performed:
        read:                            5891555
        write:                           0
        other:                           0
        total:                           5891555
    transactions:                        5891555 (32730.14 per sec.)
    queries:                             5891555 (32730.14 per sec.)
    ignored errors:                      0      (0.00 per sec.)
    reconnects:                          0      (0.00 per sec.)

General statistics:
    total time:                          180.0026s
    total number of events:              5891555

Latency (ms):
         min:                                    0.26
         avg:                                    0.49
         max:                                   40.02
         95th percentile:                        0.63
         sum:                              2875899.04

Threads fairness:
    events (avg/stddev):           368222.1875/1565.12
    execution time (avg/stddev):   179.7437/0.00

