sysbench 1.0.17 (using system LuaJIT 2.0.4)

Running the test with following options:
Number of threads: 256
Report intermediate results every 10 second(s)
Initializing random number generator from current time


Initializing worker threads...

Threads started!

[ 10s ] thds: 256 tps: 71297.40 qps: 71297.40 (r/w/o: 71297.40/0.00/0.00) lat (ms,95%): 10.84 err/s: 0.00 reconn/s: 0.00
[ 20s ] thds: 256 tps: 72101.28 qps: 72101.28 (r/w/o: 72101.28/0.00/0.00) lat (ms,95%): 10.46 err/s: 0.00 reconn/s: 0.00
[ 30s ] thds: 256 tps: 71317.65 qps: 71317.65 (r/w/o: 71317.65/0.00/0.00) lat (ms,95%): 10.84 err/s: 0.00 reconn/s: 0.00
[ 40s ] thds: 256 tps: 71777.38 qps: 71777.38 (r/w/o: 71777.38/0.00/0.00) lat (ms,95%): 10.84 err/s: 0.00 reconn/s: 0.00
[ 50s ] thds: 256 tps: 71178.46 qps: 71178.46 (r/w/o: 71178.46/0.00/0.00) lat (ms,95%): 11.04 err/s: 0.00 reconn/s: 0.00
[ 60s ] thds: 256 tps: 71679.41 qps: 71679.41 (r/w/o: 71679.41/0.00/0.00) lat (ms,95%): 10.84 err/s: 0.00 reconn/s: 0.00
[ 70s ] thds: 256 tps: 70848.35 qps: 70848.35 (r/w/o: 70848.35/0.00/0.00) lat (ms,95%): 10.84 err/s: 0.00 reconn/s: 0.00
[ 80s ] thds: 256 tps: 70870.89 qps: 70870.89 (r/w/o: 70870.89/0.00/0.00) lat (ms,95%): 10.65 err/s: 0.00 reconn/s: 0.00
[ 90s ] thds: 256 tps: 70606.37 qps: 70606.37 (r/w/o: 70606.37/0.00/0.00) lat (ms,95%): 10.65 err/s: 0.00 reconn/s: 0.00
[ 100s ] thds: 256 tps: 71655.71 qps: 71655.71 (r/w/o: 71655.71/0.00/0.00) lat (ms,95%): 10.65 err/s: 0.00 reconn/s: 0.00
[ 110s ] thds: 256 tps: 69716.08 qps: 69716.08 (r/w/o: 69716.08/0.00/0.00) lat (ms,95%): 10.84 err/s: 0.00 reconn/s: 0.00
[ 120s ] thds: 256 tps: 66159.81 qps: 66159.81 (r/w/o: 66159.81/0.00/0.00) lat (ms,95%): 11.65 err/s: 0.00 reconn/s: 0.00
[ 130s ] thds: 256 tps: 69134.43 qps: 69134.43 (r/w/o: 69134.43/0.00/0.00) lat (ms,95%): 11.24 err/s: 0.00 reconn/s: 0.00
[ 140s ] thds: 256 tps: 71955.52 qps: 71955.52 (r/w/o: 71955.52/0.00/0.00) lat (ms,95%): 10.65 err/s: 0.00 reconn/s: 0.00
[ 150s ] thds: 256 tps: 71888.35 qps: 71888.35 (r/w/o: 71888.35/0.00/0.00) lat (ms,95%): 10.65 err/s: 0.00 reconn/s: 0.00
[ 160s ] thds: 256 tps: 72863.60 qps: 72863.60 (r/w/o: 72863.60/0.00/0.00) lat (ms,95%): 10.46 err/s: 0.00 reconn/s: 0.00
[ 170s ] thds: 256 tps: 72261.36 qps: 72261.36 (r/w/o: 72261.36/0.00/0.00) lat (ms,95%): 10.65 err/s: 0.00 reconn/s: 0.00
[ 180s ] thds: 256 tps: 70918.52 qps: 70918.52 (r/w/o: 70918.52/0.00/0.00) lat (ms,95%): 10.84 err/s: 0.00 reconn/s: 0.00
SQL statistics:
    queries performed:
        read:                            12782942
        write:                           0
        other:                           0
        total:                           12782942
    transactions:                        12782942 (71001.34 per sec.)
    queries:                             12782942 (71001.34 per sec.)
    ignored errors:                      0      (0.00 per sec.)
    reconnects:                          0      (0.00 per sec.)

General statistics:
    total time:                          180.0367s
    total number of events:              12782942

Latency (ms):
         min:                                    0.30
         avg:                                    3.60
         max:                                   46.91
         95th percentile:                       10.84
         sum:                             46072652.87

Threads fairness:
    events (avg/stddev):           49933.3672/268.24
    execution time (avg/stddev):   179.9713/0.01

