sysbench 1.0.17 (using system LuaJIT 2.0.4)

Running the test with following options:
Number of threads: 64
Report intermediate results every 10 second(s)
Initializing random number generator from current time


Initializing worker threads...

Threads started!

[ 10s ] thds: 64 tps: 5866.90 qps: 5866.90 (r/w/o: 0.00/4653.98/1212.91) lat (ms,95%): 27.17 err/s: 0.00 reconn/s: 0.00
[ 20s ] thds: 64 tps: 5688.23 qps: 5688.23 (r/w/o: 0.00/4512.93/1175.31) lat (ms,95%): 28.67 err/s: 0.00 reconn/s: 0.00
[ 30s ] thds: 64 tps: 5743.24 qps: 5743.24 (r/w/o: 0.00/4539.05/1204.19) lat (ms,95%): 28.67 err/s: 0.00 reconn/s: 0.00
[ 40s ] thds: 64 tps: 5408.14 qps: 5408.14 (r/w/o: 0.00/4265.53/1142.61) lat (ms,95%): 30.81 err/s: 0.00 reconn/s: 0.00
[ 50s ] thds: 64 tps: 5404.01 qps: 5404.01 (r/w/o: 0.00/4286.61/1117.40) lat (ms,95%): 31.37 err/s: 0.00 reconn/s: 0.00
[ 60s ] thds: 64 tps: 5277.47 qps: 5277.47 (r/w/o: 0.00/4186.57/1090.89) lat (ms,95%): 33.72 err/s: 0.00 reconn/s: 0.00
[ 70s ] thds: 64 tps: 5344.91 qps: 5344.91 (r/w/o: 0.00/4239.78/1105.12) lat (ms,95%): 32.53 err/s: 0.00 reconn/s: 0.00
[ 80s ] thds: 64 tps: 5107.73 qps: 5107.73 (r/w/o: 0.00/4066.14/1041.59) lat (ms,95%): 33.72 err/s: 0.00 reconn/s: 0.00
[ 90s ] thds: 64 tps: 5278.14 qps: 5278.14 (r/w/o: 0.00/4174.15/1103.99) lat (ms,95%): 33.72 err/s: 0.00 reconn/s: 0.00
[ 100s ] thds: 64 tps: 5326.63 qps: 5326.63 (r/w/o: 0.00/4211.63/1115.01) lat (ms,95%): 29.72 err/s: 0.00 reconn/s: 0.00
[ 110s ] thds: 64 tps: 5297.70 qps: 5297.70 (r/w/o: 0.00/4219.82/1077.88) lat (ms,95%): 29.72 err/s: 0.00 reconn/s: 0.00
[ 120s ] thds: 64 tps: 5459.13 qps: 5459.13 (r/w/o: 0.00/4316.53/1142.61) lat (ms,95%): 29.19 err/s: 0.00 reconn/s: 0.00
[ 130s ] thds: 64 tps: 5533.83 qps: 5533.83 (r/w/o: 0.00/4388.70/1145.13) lat (ms,95%): 29.19 err/s: 0.00 reconn/s: 0.00
[ 140s ] thds: 64 tps: 5736.64 qps: 5736.64 (r/w/o: 0.00/4549.25/1187.39) lat (ms,95%): 28.16 err/s: 0.00 reconn/s: 0.00
[ 150s ] thds: 64 tps: 5427.91 qps: 5427.91 (r/w/o: 0.00/4318.11/1109.80) lat (ms,95%): 30.81 err/s: 0.00 reconn/s: 0.00
[ 160s ] thds: 64 tps: 5069.35 qps: 5069.35 (r/w/o: 0.00/4022.46/1046.89) lat (ms,95%): 33.72 err/s: 0.00 reconn/s: 0.00
[ 170s ] thds: 64 tps: 5014.88 qps: 5014.88 (r/w/o: 0.00/3964.29/1050.60) lat (ms,95%): 34.95 err/s: 0.00 reconn/s: 0.00
[ 180s ] thds: 64 tps: 5112.86 qps: 5112.86 (r/w/o: 0.00/4045.09/1067.77) lat (ms,95%): 32.53 err/s: 0.00 reconn/s: 0.00
SQL statistics:
    queries performed:
        read:                            0
        write:                           769677
        other:                           201375
        total:                           971052
    transactions:                        971052 (5394.03 per sec.)
    queries:                             971052 (5394.03 per sec.)
    ignored errors:                      0      (0.00 per sec.)
    reconnects:                          0      (0.00 per sec.)

General statistics:
    total time:                          180.0220s
    total number of events:              971052

Latency (ms):
         min:                                    0.46
         avg:                                   11.86
         max:                                 6151.38
         95th percentile:                       30.81
         sum:                             11519639.36

Threads fairness:
    events (avg/stddev):           15172.6875/126.56
    execution time (avg/stddev):   179.9944/0.01

