sysbench 1.0.17 (using system LuaJIT 2.0.4)

Running the test with following options:
Number of threads: 16
Report intermediate results every 10 second(s)
Initializing random number generator from current time


Initializing worker threads...

Threads started!

[ 10s ] thds: 16 tps: 32680.51 qps: 32680.51 (r/w/o: 32680.51/0.00/0.00) lat (ms,95%): 0.63 err/s: 0.00 reconn/s: 0.00
[ 20s ] thds: 16 tps: 32718.30 qps: 32718.30 (r/w/o: 32718.30/0.00/0.00) lat (ms,95%): 0.62 err/s: 0.00 reconn/s: 0.00
[ 30s ] thds: 16 tps: 32717.77 qps: 32717.77 (r/w/o: 32717.77/0.00/0.00) lat (ms,95%): 0.62 err/s: 0.00 reconn/s: 0.00
[ 40s ] thds: 16 tps: 32720.17 qps: 32720.17 (r/w/o: 32720.17/0.00/0.00) lat (ms,95%): 0.62 err/s: 0.00 reconn/s: 0.00
[ 50s ] thds: 16 tps: 32596.15 qps: 32596.15 (r/w/o: 32596.15/0.00/0.00) lat (ms,95%): 0.62 err/s: 0.00 reconn/s: 0.00
[ 60s ] thds: 16 tps: 32602.95 qps: 32602.95 (r/w/o: 32602.95/0.00/0.00) lat (ms,95%): 0.62 err/s: 0.00 reconn/s: 0.00
[ 70s ] thds: 16 tps: 32599.92 qps: 32599.92 (r/w/o: 32599.92/0.00/0.00) lat (ms,95%): 0.62 err/s: 0.00 reconn/s: 0.00
[ 80s ] thds: 16 tps: 32528.69 qps: 32528.69 (r/w/o: 32528.69/0.00/0.00) lat (ms,95%): 0.63 err/s: 0.00 reconn/s: 0.00
[ 90s ] thds: 16 tps: 32448.50 qps: 32448.50 (r/w/o: 32448.50/0.00/0.00) lat (ms,95%): 0.63 err/s: 0.00 reconn/s: 0.00
[ 100s ] thds: 16 tps: 32587.58 qps: 32587.58 (r/w/o: 32587.58/0.00/0.00) lat (ms,95%): 0.62 err/s: 0.00 reconn/s: 0.00
[ 110s ] thds: 16 tps: 32637.85 qps: 32637.85 (r/w/o: 32637.85/0.00/0.00) lat (ms,95%): 0.62 err/s: 0.00 reconn/s: 0.00
[ 120s ] thds: 16 tps: 32670.74 qps: 32670.74 (r/w/o: 32670.74/0.00/0.00) lat (ms,95%): 0.62 err/s: 0.00 reconn/s: 0.00
[ 130s ] thds: 16 tps: 32576.71 qps: 32576.71 (r/w/o: 32576.71/0.00/0.00) lat (ms,95%): 0.63 err/s: 0.00 reconn/s: 0.00
[ 140s ] thds: 16 tps: 32504.74 qps: 32504.74 (r/w/o: 32504.74/0.00/0.00) lat (ms,95%): 0.63 err/s: 0.00 reconn/s: 0.00
[ 150s ] thds: 16 tps: 32091.97 qps: 32091.97 (r/w/o: 32091.97/0.00/0.00) lat (ms,95%): 0.64 err/s: 0.00 reconn/s: 0.00
[ 160s ] thds: 16 tps: 32202.00 qps: 32202.00 (r/w/o: 32202.00/0.00/0.00) lat (ms,95%): 0.64 err/s: 0.00 reconn/s: 0.00
[ 170s ] thds: 16 tps: 31900.92 qps: 31900.92 (r/w/o: 31900.92/0.00/0.00) lat (ms,95%): 0.65 err/s: 0.00 reconn/s: 0.00
SQL statistics:
    queries performed:
        read:                            5848814
        write:                           0
        other:                           0
        total:                           5848814
    transactions:                        5848814 (32492.67 per sec.)
    queries:                             5848814 (32492.67 per sec.)
    ignored errors:                      0      (0.00 per sec.)
    reconnects:                          0      (0.00 per sec.)

General statistics:
    total time:                          180.0027s
    total number of events:              5848814

Latency (ms):
         min:                                    0.26
         avg:                                    0.49
         max:                                   40.60
         95th percentile:                        0.63
         sum:                              2877470.08

Threads fairness:
    events (avg/stddev):           365550.8750/1491.55
    execution time (avg/stddev):   179.8419/0.00

