sysbench 1.0.17 (using system LuaJIT 2.0.4)

Running the test with following options:
Number of threads: 16
Report intermediate results every 10 second(s)
Initializing random number generator from current time


Initializing worker threads...

Threads started!

[ 10s ] thds: 16 tps: 30568.20 qps: 30568.20 (r/w/o: 30568.20/0.00/0.00) lat (ms,95%): 0.69 err/s: 0.00 reconn/s: 0.00
[ 20s ] thds: 16 tps: 30378.02 qps: 30378.02 (r/w/o: 30378.02/0.00/0.00) lat (ms,95%): 0.69 err/s: 0.00 reconn/s: 0.00
[ 30s ] thds: 16 tps: 30506.11 qps: 30506.11 (r/w/o: 30506.11/0.00/0.00) lat (ms,95%): 0.69 err/s: 0.00 reconn/s: 0.00
[ 40s ] thds: 16 tps: 30528.20 qps: 30528.20 (r/w/o: 30528.20/0.00/0.00) lat (ms,95%): 0.69 err/s: 0.00 reconn/s: 0.00
[ 50s ] thds: 16 tps: 29503.05 qps: 29503.05 (r/w/o: 29503.05/0.00/0.00) lat (ms,95%): 0.69 err/s: 0.00 reconn/s: 0.00
[ 60s ] thds: 16 tps: 30486.36 qps: 30486.36 (r/w/o: 30486.36/0.00/0.00) lat (ms,95%): 0.69 err/s: 0.00 reconn/s: 0.00
[ 70s ] thds: 16 tps: 30401.39 qps: 30401.39 (r/w/o: 30401.39/0.00/0.00) lat (ms,95%): 0.70 err/s: 0.00 reconn/s: 0.00
[ 80s ] thds: 16 tps: 30250.97 qps: 30250.97 (r/w/o: 30250.97/0.00/0.00) lat (ms,95%): 0.70 err/s: 0.00 reconn/s: 0.00
[ 90s ] thds: 16 tps: 30324.99 qps: 30324.99 (r/w/o: 30324.99/0.00/0.00) lat (ms,95%): 0.70 err/s: 0.00 reconn/s: 0.00
[ 100s ] thds: 16 tps: 30350.02 qps: 30350.02 (r/w/o: 30350.02/0.00/0.00) lat (ms,95%): 0.70 err/s: 0.00 reconn/s: 0.00
[ 110s ] thds: 16 tps: 30103.41 qps: 30103.41 (r/w/o: 30103.41/0.00/0.00) lat (ms,95%): 0.72 err/s: 0.00 reconn/s: 0.00
[ 120s ] thds: 16 tps: 30139.12 qps: 30139.12 (r/w/o: 30139.12/0.00/0.00) lat (ms,95%): 0.72 err/s: 0.00 reconn/s: 0.00
[ 130s ] thds: 16 tps: 30123.28 qps: 30123.28 (r/w/o: 30123.28/0.00/0.00) lat (ms,95%): 0.72 err/s: 0.00 reconn/s: 0.00
[ 140s ] thds: 16 tps: 30057.46 qps: 30057.46 (r/w/o: 30057.46/0.00/0.00) lat (ms,95%): 0.72 err/s: 0.00 reconn/s: 0.00
[ 150s ] thds: 16 tps: 30134.39 qps: 30134.39 (r/w/o: 30134.39/0.00/0.00) lat (ms,95%): 0.72 err/s: 0.00 reconn/s: 0.00
[ 160s ] thds: 16 tps: 30172.52 qps: 30172.52 (r/w/o: 30172.52/0.00/0.00) lat (ms,95%): 0.72 err/s: 0.00 reconn/s: 0.00
[ 170s ] thds: 16 tps: 30283.81 qps: 30283.81 (r/w/o: 30283.81/0.00/0.00) lat (ms,95%): 0.70 err/s: 0.00 reconn/s: 0.00
[ 180s ] thds: 16 tps: 26663.84 qps: 26663.84 (r/w/o: 26663.84/0.00/0.00) lat (ms,95%): 0.73 err/s: 0.00 reconn/s: 0.00
SQL statistics:
    queries performed:
        read:                            5409813
        write:                           0
        other:                           0
        total:                           5409813
    transactions:                        5409813 (30048.07 per sec.)
    queries:                             5409813 (30048.07 per sec.)
    ignored errors:                      0      (0.00 per sec.)
    reconnects:                          0      (0.00 per sec.)

General statistics:
    total time:                          180.0373s
    total number of events:              5409813

Latency (ms):
         min:                                    0.27
         avg:                                    0.53
         max:                                  296.52
         95th percentile:                        0.70
         sum:                              2877337.19

Threads fairness:
    events (avg/stddev):           338113.3125/1113.04
    execution time (avg/stddev):   179.8336/0.01

