sysbench 1.0.17 (using system LuaJIT 2.0.4)

Running the test with following options:
Number of threads: 1
Initializing random number generator from current time


Prime numbers limit: 200000

Initializing worker threads...

Threads started!

CPU speed:
    events per second:    17.62

General statistics:
    total time:                          30.0178s
    total number of events:              529

Latency (ms):
         min:                                   56.58
         avg:                                   56.74
         max:                                   56.87
         95th percentile:                       56.84
         sum:                                30017.35

Threads fairness:
    events (avg/stddev):           529.0000/0.00
    execution time (avg/stddev):   30.0173/0.00

