sysbench 1.0.17 (using system LuaJIT 2.0.4)

Running the test with following options:
Number of threads: 64
Report intermediate results every 10 second(s)
Initializing random number generator from current time


Initializing worker threads...

Threads started!

[ 10s ] thds: 64 tps: 2578.76 qps: 41308.42 (r/w/o: 36144.70/0.00/5163.71) lat (ms,95%): 36.89 err/s: 0.00 reconn/s: 0.00
[ 20s ] thds: 64 tps: 2596.18 qps: 41535.56 (r/w/o: 36343.31/0.00/5192.26) lat (ms,95%): 35.59 err/s: 0.00 reconn/s: 0.00
[ 30s ] thds: 64 tps: 2588.68 qps: 41425.73 (r/w/o: 36248.07/0.00/5177.65) lat (ms,95%): 35.59 err/s: 0.00 reconn/s: 0.00
[ 40s ] thds: 64 tps: 2601.74 qps: 41632.47 (r/w/o: 36428.99/0.00/5203.48) lat (ms,95%): 35.59 err/s: 0.00 reconn/s: 0.00
[ 50s ] thds: 64 tps: 2586.73 qps: 41380.30 (r/w/o: 36207.34/0.00/5172.96) lat (ms,95%): 36.24 err/s: 0.00 reconn/s: 0.00
[ 60s ] thds: 64 tps: 2589.71 qps: 41439.73 (r/w/o: 36259.90/0.00/5179.83) lat (ms,95%): 36.24 err/s: 0.00 reconn/s: 0.00
[ 70s ] thds: 64 tps: 2619.46 qps: 41915.63 (r/w/o: 36676.91/0.00/5238.72) lat (ms,95%): 35.59 err/s: 0.00 reconn/s: 0.00
[ 80s ] thds: 64 tps: 2684.70 qps: 42949.67 (r/w/o: 37580.07/0.00/5369.60) lat (ms,95%): 34.33 err/s: 0.00 reconn/s: 0.00
[ 90s ] thds: 64 tps: 2669.19 qps: 42705.05 (r/w/o: 37366.67/0.00/5338.38) lat (ms,95%): 34.95 err/s: 0.00 reconn/s: 0.00
[ 100s ] thds: 64 tps: 2682.02 qps: 42926.11 (r/w/o: 37562.07/0.00/5364.04) lat (ms,95%): 34.33 err/s: 0.00 reconn/s: 0.00
[ 110s ] thds: 64 tps: 2684.50 qps: 42943.08 (r/w/o: 37574.08/0.00/5369.00) lat (ms,95%): 34.95 err/s: 0.00 reconn/s: 0.00
[ 120s ] thds: 64 tps: 2675.52 qps: 42802.88 (r/w/o: 37452.04/0.00/5350.85) lat (ms,95%): 34.95 err/s: 0.00 reconn/s: 0.00
[ 130s ] thds: 64 tps: 2682.56 qps: 42922.84 (r/w/o: 37557.52/0.00/5365.32) lat (ms,95%): 34.95 err/s: 0.00 reconn/s: 0.00
[ 140s ] thds: 64 tps: 2716.93 qps: 43469.03 (r/w/o: 38035.28/0.00/5433.75) lat (ms,95%): 34.33 err/s: 0.00 reconn/s: 0.00
[ 150s ] thds: 64 tps: 2742.85 qps: 43891.08 (r/w/o: 38405.18/0.00/5485.90) lat (ms,95%): 34.33 err/s: 0.00 reconn/s: 0.00
[ 160s ] thds: 64 tps: 2781.75 qps: 44511.82 (r/w/o: 38948.42/0.00/5563.40) lat (ms,95%): 33.72 err/s: 0.00 reconn/s: 0.00
[ 170s ] thds: 64 tps: 2836.26 qps: 45374.69 (r/w/o: 39702.08/0.00/5672.61) lat (ms,95%): 33.12 err/s: 0.00 reconn/s: 0.00
[ 180s ] thds: 64 tps: 2809.25 qps: 44944.33 (r/w/o: 39326.24/0.00/5618.09) lat (ms,95%): 34.33 err/s: 0.00 reconn/s: 0.00
SQL statistics:
    queries performed:
        read:                            6738704
        write:                           0
        other:                           962672
        total:                           7701376
    transactions:                        481336 (2673.73 per sec.)
    queries:                             7701376 (42779.75 per sec.)
    ignored errors:                      0      (0.00 per sec.)
    reconnects:                          0      (0.00 per sec.)

General statistics:
    total time:                          180.0226s
    total number of events:              481336

Latency (ms):
         min:                                    9.17
         avg:                                   23.93
         max:                                  233.50
         95th percentile:                       34.95
         sum:                             11519533.87

Threads fairness:
    events (avg/stddev):           7520.8750/18.77
    execution time (avg/stddev):   179.9927/0.01

