sysbench 1.0.17 (using system LuaJIT 2.0.4)

Running the test with following options:
Number of threads: 16
Report intermediate results every 10 second(s)
Initializing random number generator from current time


Initializing worker threads...

Threads started!

[ 10s ] thds: 16 tps: 1630.64 qps: 26103.65 (r/w/o: 22840.77/0.00/3262.88) lat (ms,95%): 13.95 err/s: 0.00 reconn/s: 0.00
[ 20s ] thds: 16 tps: 822.41 qps: 13160.89 (r/w/o: 11516.07/0.00/1644.82) lat (ms,95%): 14.21 err/s: 0.00 reconn/s: 0.00
[ 30s ] thds: 16 tps: 15.60 qps: 244.10 (r/w/o: 212.90/0.00/31.20) lat (ms,95%): 11115.87 err/s: 0.00 reconn/s: 0.00
[ 40s ] thds: 16 tps: 1231.08 qps: 19702.23 (r/w/o: 17240.07/0.00/2462.17) lat (ms,95%): 14.73 err/s: 0.00 reconn/s: 0.00
[ 50s ] thds: 16 tps: 1539.01 qps: 24623.93 (r/w/o: 21545.91/0.00/3078.02) lat (ms,95%): 14.73 err/s: 0.00 reconn/s: 0.00
[ 60s ] thds: 16 tps: 1544.50 qps: 24709.93 (r/w/o: 21620.94/0.00/3088.99) lat (ms,95%): 14.73 err/s: 0.00 reconn/s: 0.00
[ 70s ] thds: 16 tps: 1543.80 qps: 24701.06 (r/w/o: 21613.67/0.00/3087.40) lat (ms,95%): 14.46 err/s: 0.00 reconn/s: 0.00
[ 80s ] thds: 16 tps: 1577.01 qps: 25232.24 (r/w/o: 22078.12/0.00/3154.12) lat (ms,95%): 14.46 err/s: 0.00 reconn/s: 0.00
[ 90s ] thds: 16 tps: 1607.39 qps: 25718.50 (r/w/o: 22503.63/0.00/3214.88) lat (ms,95%): 14.21 err/s: 0.00 reconn/s: 0.00
[ 100s ] thds: 16 tps: 1613.90 qps: 25824.84 (r/w/o: 22597.04/0.00/3227.81) lat (ms,95%): 14.21 err/s: 0.00 reconn/s: 0.00
[ 110s ] thds: 16 tps: 1613.60 qps: 25814.76 (r/w/o: 22587.55/0.00/3227.21) lat (ms,95%): 14.21 err/s: 0.00 reconn/s: 0.00
[ 120s ] thds: 16 tps: 1620.30 qps: 25926.76 (r/w/o: 22686.15/0.00/3240.61) lat (ms,95%): 14.21 err/s: 0.00 reconn/s: 0.00
[ 130s ] thds: 16 tps: 1615.60 qps: 25849.40 (r/w/o: 22618.20/0.00/3231.20) lat (ms,95%): 14.21 err/s: 0.00 reconn/s: 0.00
[ 140s ] thds: 16 tps: 1612.80 qps: 25802.12 (r/w/o: 22576.51/0.00/3225.60) lat (ms,95%): 14.21 err/s: 0.00 reconn/s: 0.00
[ 150s ] thds: 16 tps: 1597.20 qps: 25558.89 (r/w/o: 22364.49/0.00/3194.40) lat (ms,95%): 14.21 err/s: 0.00 reconn/s: 0.00
[ 160s ] thds: 16 tps: 1605.09 qps: 25682.32 (r/w/o: 22472.13/0.00/3210.19) lat (ms,95%): 14.21 err/s: 0.00 reconn/s: 0.00
[ 170s ] thds: 16 tps: 1615.80 qps: 25849.35 (r/w/o: 22617.74/0.00/3231.61) lat (ms,95%): 14.21 err/s: 0.00 reconn/s: 0.00
[ 180s ] thds: 16 tps: 1618.86 qps: 25904.98 (r/w/o: 22667.27/0.00/3237.71) lat (ms,95%): 13.95 err/s: 0.00 reconn/s: 0.00
SQL statistics:
    queries performed:
        read:                            3643710
        write:                           0
        other:                           520530
        total:                           4164240
    transactions:                        260265 (1445.83 per sec.)
    queries:                             4164240 (23133.30 per sec.)
    ignored errors:                      0      (0.00 per sec.)
    reconnects:                          0      (0.00 per sec.)

General statistics:
    total time:                          180.0092s
    total number of events:              260265

Latency (ms):
         min:                                    5.72
         avg:                                   11.06
         max:                                14366.68
         95th percentile:                       14.21
         sum:                              2879408.93

Threads fairness:
    events (avg/stddev):           16266.5625/57.16
    execution time (avg/stddev):   179.9631/0.00

