sysbench 1.0.17 (using system LuaJIT 2.0.4)

Running the test with following options:
Number of threads: 256
Report intermediate results every 10 second(s)
Initializing random number generator from current time


Initializing worker threads...

Threads started!

[ 10s ] thds: 256 tps: 2958.40 qps: 47522.77 (r/w/o: 41582.87/0.00/5939.90) lat (ms,95%): 112.67 err/s: 0.00 reconn/s: 0.00
[ 20s ] thds: 256 tps: 3026.81 qps: 48404.40 (r/w/o: 42349.68/0.00/6054.71) lat (ms,95%): 112.67 err/s: 0.00 reconn/s: 0.00
[ 30s ] thds: 256 tps: 3022.85 qps: 48384.77 (r/w/o: 42339.38/0.00/6045.40) lat (ms,95%): 112.67 err/s: 0.00 reconn/s: 0.00
[ 40s ] thds: 256 tps: 3003.13 qps: 48039.96 (r/w/o: 42035.30/0.00/6004.66) lat (ms,95%): 112.67 err/s: 0.00 reconn/s: 0.00
[ 50s ] thds: 256 tps: 3015.09 qps: 48231.91 (r/w/o: 42199.33/0.00/6032.58) lat (ms,95%): 112.67 err/s: 0.00 reconn/s: 0.00
[ 60s ] thds: 256 tps: 3018.20 qps: 48340.10 (r/w/o: 42304.10/0.00/6036.00) lat (ms,95%): 112.67 err/s: 0.00 reconn/s: 0.00
[ 70s ] thds: 256 tps: 3022.10 qps: 48346.87 (r/w/o: 42303.08/0.00/6043.80) lat (ms,95%): 112.67 err/s: 0.00 reconn/s: 0.00
[ 80s ] thds: 256 tps: 3006.07 qps: 48085.80 (r/w/o: 42072.65/0.00/6013.15) lat (ms,95%): 112.67 err/s: 0.00 reconn/s: 0.00
[ 90s ] thds: 256 tps: 3015.62 qps: 48262.59 (r/w/o: 42232.64/0.00/6029.95) lat (ms,95%): 112.67 err/s: 0.00 reconn/s: 0.00
[ 100s ] thds: 256 tps: 3001.51 qps: 47987.07 (r/w/o: 41983.55/0.00/6003.52) lat (ms,95%): 112.67 err/s: 0.00 reconn/s: 0.00
[ 110s ] thds: 256 tps: 2994.51 qps: 47916.02 (r/w/o: 41927.61/0.00/5988.42) lat (ms,95%): 114.72 err/s: 0.00 reconn/s: 0.00
[ 120s ] thds: 256 tps: 3017.48 qps: 48269.64 (r/w/o: 42235.07/0.00/6034.57) lat (ms,95%): 112.67 err/s: 0.00 reconn/s: 0.00
[ 130s ] thds: 256 tps: 3003.94 qps: 48077.57 (r/w/o: 42068.99/0.00/6008.58) lat (ms,95%): 112.67 err/s: 0.00 reconn/s: 0.00
[ 140s ] thds: 256 tps: 3013.83 qps: 48242.91 (r/w/o: 42215.76/0.00/6027.15) lat (ms,95%): 112.67 err/s: 0.00 reconn/s: 0.00
[ 150s ] thds: 256 tps: 3016.67 qps: 48233.91 (r/w/o: 42199.77/0.00/6034.14) lat (ms,95%): 112.67 err/s: 0.00 reconn/s: 0.00
[ 160s ] thds: 256 tps: 2999.69 qps: 48028.90 (r/w/o: 42030.73/0.00/5998.18) lat (ms,95%): 112.67 err/s: 0.00 reconn/s: 0.00
[ 170s ] thds: 256 tps: 3017.49 qps: 48259.21 (r/w/o: 42225.62/0.00/6033.59) lat (ms,95%): 110.66 err/s: 0.00 reconn/s: 0.00
[ 180s ] thds: 256 tps: 2919.42 qps: 46733.55 (r/w/o: 40891.22/0.00/5842.33) lat (ms,95%): 118.92 err/s: 0.00 reconn/s: 0.00
SQL statistics:
    queries performed:
        read:                            7573902
        write:                           0
        other:                           1081986
        total:                           8655888
    transactions:                        540993 (3002.57 per sec.)
    queries:                             8655888 (48041.19 per sec.)
    ignored errors:                      0      (0.00 per sec.)
    reconnects:                          0      (0.00 per sec.)

General statistics:
    total time:                          180.1750s
    total number of events:              540993

Latency (ms):
         min:                                   23.41
         avg:                                   85.21
         max:                                  273.26
         95th percentile:                      112.67
         sum:                             46098961.26

Threads fairness:
    events (avg/stddev):           2113.2539/4.30
    execution time (avg/stddev):   180.0741/0.04

