sysbench 1.0.17 (using system LuaJIT 2.0.4)

Running the test with following options:
Number of threads: 8
Report intermediate results every 10 second(s)
Initializing random number generator from current time


Initializing worker threads...

Threads started!

[ 10s ] thds: 8 tps: 18158.03 qps: 18158.03 (r/w/o: 18158.03/0.00/0.00) lat (ms,95%): 0.53 err/s: 0.00 reconn/s: 0.00
[ 20s ] thds: 8 tps: 18137.72 qps: 18137.72 (r/w/o: 18137.72/0.00/0.00) lat (ms,95%): 0.53 err/s: 0.00 reconn/s: 0.00
[ 30s ] thds: 8 tps: 18156.17 qps: 18156.17 (r/w/o: 18156.17/0.00/0.00) lat (ms,95%): 0.53 err/s: 0.00 reconn/s: 0.00
[ 40s ] thds: 8 tps: 18112.15 qps: 18112.15 (r/w/o: 18112.15/0.00/0.00) lat (ms,95%): 0.53 err/s: 0.00 reconn/s: 0.00
[ 50s ] thds: 8 tps: 18145.79 qps: 18145.79 (r/w/o: 18145.79/0.00/0.00) lat (ms,95%): 0.53 err/s: 0.00 reconn/s: 0.00
[ 60s ] thds: 8 tps: 18115.84 qps: 18115.84 (r/w/o: 18115.84/0.00/0.00) lat (ms,95%): 0.53 err/s: 0.00 reconn/s: 0.00
[ 70s ] thds: 8 tps: 18151.25 qps: 18151.25 (r/w/o: 18151.25/0.00/0.00) lat (ms,95%): 0.53 err/s: 0.00 reconn/s: 0.00
[ 80s ] thds: 8 tps: 18147.69 qps: 18147.69 (r/w/o: 18147.69/0.00/0.00) lat (ms,95%): 0.53 err/s: 0.00 reconn/s: 0.00
[ 90s ] thds: 8 tps: 18059.03 qps: 18059.03 (r/w/o: 18059.03/0.00/0.00) lat (ms,95%): 0.54 err/s: 0.00 reconn/s: 0.00
[ 100s ] thds: 8 tps: 17963.36 qps: 17963.36 (r/w/o: 17963.36/0.00/0.00) lat (ms,95%): 0.54 err/s: 0.00 reconn/s: 0.00
[ 110s ] thds: 8 tps: 18062.85 qps: 18062.85 (r/w/o: 18062.85/0.00/0.00) lat (ms,95%): 0.54 err/s: 0.00 reconn/s: 0.00
[ 120s ] thds: 8 tps: 18120.81 qps: 18120.81 (r/w/o: 18120.81/0.00/0.00) lat (ms,95%): 0.53 err/s: 0.00 reconn/s: 0.00
[ 130s ] thds: 8 tps: 18082.86 qps: 18082.86 (r/w/o: 18082.86/0.00/0.00) lat (ms,95%): 0.53 err/s: 0.00 reconn/s: 0.00
[ 140s ] thds: 8 tps: 18099.26 qps: 18099.26 (r/w/o: 18099.26/0.00/0.00) lat (ms,95%): 0.53 err/s: 0.00 reconn/s: 0.00
[ 150s ] thds: 8 tps: 18164.59 qps: 18164.59 (r/w/o: 18164.59/0.00/0.00) lat (ms,95%): 0.53 err/s: 0.00 reconn/s: 0.00
[ 160s ] thds: 8 tps: 18130.41 qps: 18130.41 (r/w/o: 18130.41/0.00/0.00) lat (ms,95%): 0.53 err/s: 0.00 reconn/s: 0.00
[ 170s ] thds: 8 tps: 18086.61 qps: 18086.61 (r/w/o: 18086.61/0.00/0.00) lat (ms,95%): 0.53 err/s: 0.00 reconn/s: 0.00
SQL statistics:
    queries performed:
        read:                            3260271
        write:                           0
        other:                           0
        total:                           3260271
    transactions:                        3260271 (18112.29 per sec.)
    queries:                             3260271 (18112.29 per sec.)
    ignored errors:                      0      (0.00 per sec.)
    reconnects:                          0      (0.00 per sec.)

General statistics:
    total time:                          180.0019s
    total number of events:              3260271

Latency (ms):
         min:                                    0.26
         avg:                                    0.44
         max:                                    9.34
         95th percentile:                        0.53
         sum:                              1437912.04

Threads fairness:
    events (avg/stddev):           407533.8750/682.67
    execution time (avg/stddev):   179.7390/0.00

