sysbench 1.0.17 (using system LuaJIT 2.0.4)

Running the test with following options:
Number of threads: 32
Report intermediate results every 10 second(s)
Initializing random number generator from current time


Initializing worker threads...

Threads started!

[ 10s ] thds: 32 tps: 48763.28 qps: 48763.28 (r/w/o: 48763.28/0.00/0.00) lat (ms,95%): 1.04 err/s: 0.00 reconn/s: 0.00
[ 20s ] thds: 32 tps: 48996.33 qps: 48996.33 (r/w/o: 48996.33/0.00/0.00) lat (ms,95%): 1.03 err/s: 0.00 reconn/s: 0.00
[ 30s ] thds: 32 tps: 48834.25 qps: 48834.25 (r/w/o: 48834.25/0.00/0.00) lat (ms,95%): 1.04 err/s: 0.00 reconn/s: 0.00
[ 40s ] thds: 32 tps: 48889.95 qps: 48889.95 (r/w/o: 48889.95/0.00/0.00) lat (ms,95%): 1.03 err/s: 0.00 reconn/s: 0.00
[ 50s ] thds: 32 tps: 48471.34 qps: 48471.34 (r/w/o: 48471.34/0.00/0.00) lat (ms,95%): 1.06 err/s: 0.00 reconn/s: 0.00
[ 60s ] thds: 32 tps: 50279.65 qps: 50279.65 (r/w/o: 50279.65/0.00/0.00) lat (ms,95%): 0.95 err/s: 0.00 reconn/s: 0.00
[ 70s ] thds: 32 tps: 50735.02 qps: 50735.02 (r/w/o: 50735.02/0.00/0.00) lat (ms,95%): 0.94 err/s: 0.00 reconn/s: 0.00
[ 80s ] thds: 32 tps: 50807.33 qps: 50807.33 (r/w/o: 50807.33/0.00/0.00) lat (ms,95%): 0.94 err/s: 0.00 reconn/s: 0.00
[ 90s ] thds: 32 tps: 50850.85 qps: 50850.85 (r/w/o: 50850.85/0.00/0.00) lat (ms,95%): 0.94 err/s: 0.00 reconn/s: 0.00
[ 100s ] thds: 32 tps: 50830.38 qps: 50830.38 (r/w/o: 50830.38/0.00/0.00) lat (ms,95%): 0.92 err/s: 0.00 reconn/s: 0.00
[ 110s ] thds: 32 tps: 50632.23 qps: 50632.23 (r/w/o: 50632.23/0.00/0.00) lat (ms,95%): 0.94 err/s: 0.00 reconn/s: 0.00
[ 120s ] thds: 32 tps: 50865.78 qps: 50865.78 (r/w/o: 50865.78/0.00/0.00) lat (ms,95%): 0.94 err/s: 0.00 reconn/s: 0.00
[ 130s ] thds: 32 tps: 50934.17 qps: 50934.17 (r/w/o: 50934.17/0.00/0.00) lat (ms,95%): 0.92 err/s: 0.00 reconn/s: 0.00
[ 140s ] thds: 32 tps: 50811.34 qps: 50811.34 (r/w/o: 50811.34/0.00/0.00) lat (ms,95%): 0.94 err/s: 0.00 reconn/s: 0.00
[ 150s ] thds: 32 tps: 50757.58 qps: 50757.58 (r/w/o: 50757.58/0.00/0.00) lat (ms,95%): 0.94 err/s: 0.00 reconn/s: 0.00
[ 160s ] thds: 32 tps: 50865.53 qps: 50865.53 (r/w/o: 50865.53/0.00/0.00) lat (ms,95%): 0.92 err/s: 0.00 reconn/s: 0.00
[ 170s ] thds: 32 tps: 50727.41 qps: 50727.51 (r/w/o: 50727.51/0.00/0.00) lat (ms,95%): 0.94 err/s: 0.00 reconn/s: 0.00
[ 180s ] thds: 32 tps: 50782.37 qps: 50782.27 (r/w/o: 50782.27/0.00/0.00) lat (ms,95%): 0.94 err/s: 0.00 reconn/s: 0.00
SQL statistics:
    queries performed:
        read:                            9038502
        write:                           0
        other:                           0
        total:                           9038502
    transactions:                        9038502 (50212.20 per sec.)
    queries:                             9038502 (50212.20 per sec.)
    ignored errors:                      0      (0.00 per sec.)
    reconnects:                          0      (0.00 per sec.)

General statistics:
    total time:                          180.0046s
    total number of events:              9038502

Latency (ms):
         min:                                    0.28
         avg:                                    0.64
         max:                                   14.27
         95th percentile:                        0.95
         sum:                              5754064.53

Threads fairness:
    events (avg/stddev):           282453.1875/1789.25
    execution time (avg/stddev):   179.8145/0.00

