sysbench 1.0.17 (using system LuaJIT 2.0.4)

Running the test with following options:
Number of threads: 512
Report intermediate results every 10 second(s)
Initializing random number generator from current time


Initializing worker threads...

Threads started!

[ 10s ] thds: 512 tps: 73671.93 qps: 73671.93 (r/w/o: 73671.93/0.00/0.00) lat (ms,95%): 22.28 err/s: 0.00 reconn/s: 0.00
[ 20s ] thds: 512 tps: 72948.69 qps: 72948.69 (r/w/o: 72948.69/0.00/0.00) lat (ms,95%): 22.28 err/s: 0.00 reconn/s: 0.00
[ 30s ] thds: 512 tps: 70897.67 qps: 70897.67 (r/w/o: 70897.67/0.00/0.00) lat (ms,95%): 22.69 err/s: 0.00 reconn/s: 0.00
[ 40s ] thds: 512 tps: 72464.36 qps: 72464.36 (r/w/o: 72464.36/0.00/0.00) lat (ms,95%): 22.28 err/s: 0.00 reconn/s: 0.00
[ 50s ] thds: 512 tps: 68909.90 qps: 68909.90 (r/w/o: 68909.90/0.00/0.00) lat (ms,95%): 22.69 err/s: 0.00 reconn/s: 0.00
[ 60s ] thds: 512 tps: 70445.23 qps: 70445.23 (r/w/o: 70445.23/0.00/0.00) lat (ms,95%): 22.28 err/s: 0.00 reconn/s: 0.00
[ 70s ] thds: 512 tps: 69067.25 qps: 69067.25 (r/w/o: 69067.25/0.00/0.00) lat (ms,95%): 22.69 err/s: 0.00 reconn/s: 0.00
[ 80s ] thds: 512 tps: 68948.83 qps: 68948.83 (r/w/o: 68948.83/0.00/0.00) lat (ms,95%): 22.69 err/s: 0.00 reconn/s: 0.00
[ 90s ] thds: 512 tps: 69485.45 qps: 69485.45 (r/w/o: 69485.45/0.00/0.00) lat (ms,95%): 23.10 err/s: 0.00 reconn/s: 0.00
[ 100s ] thds: 512 tps: 69567.09 qps: 69567.09 (r/w/o: 69567.09/0.00/0.00) lat (ms,95%): 22.69 err/s: 0.00 reconn/s: 0.00
[ 110s ] thds: 512 tps: 71101.57 qps: 71101.57 (r/w/o: 71101.57/0.00/0.00) lat (ms,95%): 22.28 err/s: 0.00 reconn/s: 0.00
[ 120s ] thds: 512 tps: 68999.56 qps: 68999.56 (r/w/o: 68999.56/0.00/0.00) lat (ms,95%): 22.69 err/s: 0.00 reconn/s: 0.00
[ 130s ] thds: 512 tps: 70997.83 qps: 70997.83 (r/w/o: 70997.83/0.00/0.00) lat (ms,95%): 22.69 err/s: 0.00 reconn/s: 0.00
[ 140s ] thds: 512 tps: 69888.23 qps: 69888.23 (r/w/o: 69888.23/0.00/0.00) lat (ms,95%): 22.69 err/s: 0.00 reconn/s: 0.00
[ 150s ] thds: 512 tps: 70370.52 qps: 70370.52 (r/w/o: 70370.52/0.00/0.00) lat (ms,95%): 22.28 err/s: 0.00 reconn/s: 0.00
[ 160s ] thds: 512 tps: 72625.57 qps: 72625.57 (r/w/o: 72625.57/0.00/0.00) lat (ms,95%): 21.89 err/s: 0.00 reconn/s: 0.00
[ 170s ] thds: 512 tps: 69923.38 qps: 69923.38 (r/w/o: 69923.38/0.00/0.00) lat (ms,95%): 22.69 err/s: 0.00 reconn/s: 0.00
[ 180s ] thds: 511 tps: 65922.52 qps: 65922.52 (r/w/o: 65922.52/0.00/0.00) lat (ms,95%): 23.95 err/s: 0.00 reconn/s: 0.00
SQL statistics:
    queries performed:
        read:                            12663442
        write:                           0
        other:                           0
        total:                           12663442
    transactions:                        12663442 (70320.34 per sec.)
    queries:                             12663442 (70320.34 per sec.)
    ignored errors:                      0      (0.00 per sec.)
    reconnects:                          0      (0.00 per sec.)

General statistics:
    total time:                          180.0808s
    total number of events:              12663442

Latency (ms):
         min:                                    0.30
         avg:                                    7.28
         max:                                  207.96
         95th percentile:                       22.69
         sum:                             92171324.22

Threads fairness:
    events (avg/stddev):           24733.2852/192.02
    execution time (avg/stddev):   180.0221/0.02

