sysbench 1.0.17 (using system LuaJIT 2.0.4)

Running the test with following options:
Number of threads: 128
Report intermediate results every 10 second(s)
Initializing random number generator from current time


Initializing worker threads...

Threads started!

[ 10s ] thds: 128 tps: 5293.95 qps: 5293.95 (r/w/o: 0.00/4198.27/1095.68) lat (ms,95%): 78.60 err/s: 0.00 reconn/s: 0.00
[ 20s ] thds: 128 tps: 3689.02 qps: 3689.02 (r/w/o: 0.00/2940.61/748.40) lat (ms,95%): 63.32 err/s: 0.00 reconn/s: 0.00
[ 30s ] thds: 128 tps: 63.90 qps: 63.90 (r/w/o: 0.00/50.60/13.30) lat (ms,95%): 11523.48 err/s: 0.00 reconn/s: 0.00
[ 40s ] thds: 128 tps: 3978.29 qps: 3978.29 (r/w/o: 0.00/3149.99/828.30) lat (ms,95%): 51.02 err/s: 0.00 reconn/s: 0.00
[ 50s ] thds: 128 tps: 5998.80 qps: 5998.80 (r/w/o: 0.00/4744.40/1254.40) lat (ms,95%): 53.85 err/s: 0.00 reconn/s: 0.00
[ 60s ] thds: 128 tps: 2344.50 qps: 2344.50 (r/w/o: 0.00/1860.20/484.30) lat (ms,95%): 55.82 err/s: 0.00 reconn/s: 0.00
[ 70s ] thds: 128 tps: 419.50 qps: 419.50 (r/w/o: 0.00/330.90/88.60) lat (ms,95%): 634.66 err/s: 0.00 reconn/s: 0.00
[ 80s ] thds: 128 tps: 4686.90 qps: 4686.90 (r/w/o: 0.00/3717.90/969.00) lat (ms,95%): 57.87 err/s: 0.00 reconn/s: 0.00
[ 90s ] thds: 128 tps: 4549.40 qps: 4549.40 (r/w/o: 0.00/3611.90/937.50) lat (ms,95%): 68.05 err/s: 0.00 reconn/s: 0.00
[ 100s ] thds: 128 tps: 4170.40 qps: 4170.40 (r/w/o: 0.00/3302.80/867.60) lat (ms,95%): 81.48 err/s: 0.00 reconn/s: 0.00
[ 110s ] thds: 128 tps: 7.70 qps: 7.70 (r/w/o: 0.00/6.50/1.20) lat (ms,95%): 10343.39 err/s: 0.00 reconn/s: 0.00
FATAL: mysql_stmt_execute() returned error 9004 (Resolve lock timeout) for query 'UPDATE sbtest15 SET k=k+1 WHERE id=?'
FATAL: `thread_run' function failed: /usr/share/sysbench/oltp_common.lua:458: SQL error, errno = 9004, state = 'HY000': Resolve lock timeout
FATAL: mysql_stmt_execute() returned error 9004 (Resolve lock timeout) for query 'UPDATE sbtest15 SET k=k+1 WHERE id=?'
FATAL: `thread_run' function failed: /usr/share/sysbench/oltp_common.lua:458: SQL error, errno = 9004, state = 'HY000': Resolve lock timeout
Error in my_thread_global_end(): 2 threads didn't exit
