sysbench 1.0.17 (using system LuaJIT 2.0.4)

Running the test with following options:
Number of threads: 512
Report intermediate results every 10 second(s)
Initializing random number generator from current time


Initializing worker threads...

Threads started!

[ 10s ] thds: 512 tps: 73257.02 qps: 73257.02 (r/w/o: 73257.02/0.00/0.00) lat (ms,95%): 22.28 err/s: 0.00 reconn/s: 0.00
[ 20s ] thds: 512 tps: 72995.40 qps: 72995.40 (r/w/o: 72995.40/0.00/0.00) lat (ms,95%): 22.28 err/s: 0.00 reconn/s: 0.00
[ 30s ] thds: 512 tps: 70990.93 qps: 70990.93 (r/w/o: 70990.93/0.00/0.00) lat (ms,95%): 22.69 err/s: 0.00 reconn/s: 0.00
[ 40s ] thds: 512 tps: 72106.06 qps: 72106.06 (r/w/o: 72106.06/0.00/0.00) lat (ms,95%): 22.28 err/s: 0.00 reconn/s: 0.00
[ 50s ] thds: 512 tps: 69066.41 qps: 69066.41 (r/w/o: 69066.41/0.00/0.00) lat (ms,95%): 22.69 err/s: 0.00 reconn/s: 0.00
[ 60s ] thds: 512 tps: 70641.06 qps: 70641.06 (r/w/o: 70641.06/0.00/0.00) lat (ms,95%): 22.28 err/s: 0.00 reconn/s: 0.00
[ 70s ] thds: 512 tps: 68821.98 qps: 68821.98 (r/w/o: 68821.98/0.00/0.00) lat (ms,95%): 22.69 err/s: 0.00 reconn/s: 0.00
[ 80s ] thds: 512 tps: 69151.80 qps: 69151.80 (r/w/o: 69151.80/0.00/0.00) lat (ms,95%): 22.69 err/s: 0.00 reconn/s: 0.00
[ 90s ] thds: 512 tps: 69556.78 qps: 69556.78 (r/w/o: 69556.78/0.00/0.00) lat (ms,95%): 23.10 err/s: 0.00 reconn/s: 0.00
[ 100s ] thds: 512 tps: 69639.71 qps: 69639.71 (r/w/o: 69639.71/0.00/0.00) lat (ms,95%): 22.28 err/s: 0.00 reconn/s: 0.00
[ 110s ] thds: 512 tps: 71332.40 qps: 71332.40 (r/w/o: 71332.40/0.00/0.00) lat (ms,95%): 22.28 err/s: 0.00 reconn/s: 0.00
[ 120s ] thds: 512 tps: 69005.07 qps: 69005.07 (r/w/o: 69005.07/0.00/0.00) lat (ms,95%): 22.69 err/s: 0.00 reconn/s: 0.00
[ 130s ] thds: 512 tps: 71047.29 qps: 71047.29 (r/w/o: 71047.29/0.00/0.00) lat (ms,95%): 22.69 err/s: 0.00 reconn/s: 0.00
[ 140s ] thds: 512 tps: 69926.47 qps: 69926.47 (r/w/o: 69926.47/0.00/0.00) lat (ms,95%): 22.69 err/s: 0.00 reconn/s: 0.00
[ 150s ] thds: 512 tps: 70532.61 qps: 70532.61 (r/w/o: 70532.61/0.00/0.00) lat (ms,95%): 22.28 err/s: 0.00 reconn/s: 0.00
[ 160s ] thds: 512 tps: 72820.50 qps: 72820.50 (r/w/o: 72820.50/0.00/0.00) lat (ms,95%): 21.89 err/s: 0.00 reconn/s: 0.00
[ 170s ] thds: 512 tps: 69891.41 qps: 69891.41 (r/w/o: 69891.41/0.00/0.00) lat (ms,95%): 22.69 err/s: 0.00 reconn/s: 0.00
[ 180s ] thds: 512 tps: 65459.85 qps: 65459.85 (r/w/o: 65459.85/0.00/0.00) lat (ms,95%): 23.95 err/s: 0.00 reconn/s: 0.00
SQL statistics:
    queries performed:
        read:                            12663780
        write:                           0
        other:                           0
        total:                           12663780
    transactions:                        12663780 (70326.78 per sec.)
    queries:                             12663780 (70326.78 per sec.)
    ignored errors:                      0      (0.00 per sec.)
    reconnects:                          0      (0.00 per sec.)

General statistics:
    total time:                          180.0691s
    total number of events:              12663780

Latency (ms):
         min:                                    0.31
         avg:                                    7.28
         max:                                  212.07
         95th percentile:                       22.69
         sum:                             92156038.20

Threads fairness:
    events (avg/stddev):           24733.9453/196.37
    execution time (avg/stddev):   179.9923/0.01

