sysbench 1.0.17 (using system LuaJIT 2.0.4)

Running the test with following options:
Number of threads: 64
Report intermediate results every 10 second(s)
Initializing random number generator from current time


Initializing worker threads...

Threads started!

[ 10s ] thds: 64 tps: 5396.62 qps: 5396.62 (r/w/o: 0.00/4280.36/1116.26) lat (ms,95%): 29.72 err/s: 0.00 reconn/s: 0.00
[ 20s ] thds: 64 tps: 5048.02 qps: 5048.02 (r/w/o: 0.00/4012.61/1035.40) lat (ms,95%): 32.53 err/s: 0.00 reconn/s: 0.00
[ 30s ] thds: 64 tps: 4908.92 qps: 4908.92 (r/w/o: 0.00/3899.21/1009.70) lat (ms,95%): 34.95 err/s: 0.00 reconn/s: 0.00
[ 40s ] thds: 64 tps: 4841.19 qps: 4841.19 (r/w/o: 0.00/3847.00/994.20) lat (ms,95%): 36.24 err/s: 0.00 reconn/s: 0.00
[ 50s ] thds: 64 tps: 4847.00 qps: 4847.00 (r/w/o: 0.00/3854.70/992.30) lat (ms,95%): 37.56 err/s: 0.00 reconn/s: 0.00
[ 60s ] thds: 64 tps: 4825.79 qps: 4825.79 (r/w/o: 0.00/3818.10/1007.70) lat (ms,95%): 36.89 err/s: 0.00 reconn/s: 0.00
[ 70s ] thds: 64 tps: 4961.30 qps: 4961.30 (r/w/o: 0.00/3940.00/1021.30) lat (ms,95%): 34.95 err/s: 0.00 reconn/s: 0.00
[ 80s ] thds: 64 tps: 4970.70 qps: 4970.70 (r/w/o: 0.00/3957.50/1013.20) lat (ms,95%): 33.72 err/s: 0.00 reconn/s: 0.00
[ 90s ] thds: 64 tps: 5198.60 qps: 5198.60 (r/w/o: 0.00/4116.90/1081.70) lat (ms,95%): 30.26 err/s: 0.00 reconn/s: 0.00
[ 100s ] thds: 64 tps: 5258.91 qps: 5258.91 (r/w/o: 0.00/4174.71/1084.20) lat (ms,95%): 30.26 err/s: 0.00 reconn/s: 0.00
[ 110s ] thds: 64 tps: 5393.59 qps: 5393.59 (r/w/o: 0.00/4281.49/1112.10) lat (ms,95%): 29.72 err/s: 0.00 reconn/s: 0.00
[ 120s ] thds: 64 tps: 5161.50 qps: 5161.50 (r/w/o: 0.00/4095.40/1066.10) lat (ms,95%): 31.94 err/s: 0.00 reconn/s: 0.00
[ 130s ] thds: 64 tps: 4940.91 qps: 4940.91 (r/w/o: 0.00/3891.70/1049.20) lat (ms,95%): 36.89 err/s: 0.00 reconn/s: 0.00
[ 140s ] thds: 64 tps: 2010.30 qps: 2010.30 (r/w/o: 0.00/1592.00/418.30) lat (ms,95%): 29.72 err/s: 0.00 reconn/s: 0.00
[ 150s ] thds: 64 tps: 95.50 qps: 95.50 (r/w/o: 0.00/74.90/20.60) lat (ms,95%): 10343.39 err/s: 0.00 reconn/s: 0.00
FATAL: mysql_stmt_execute() returned error 9004 (Resolve lock timeout) for query 'UPDATE sbtest26 SET k=k+1 WHERE id=?'
FATAL: `thread_run' function failed: /usr/share/sysbench/oltp_common.lua:458: SQL error, errno = 9004, state = 'HY000': Resolve lock timeout
FATAL: mysql_stmt_execute() returned error 9004 (Resolve lock timeout) for query 'UPDATE sbtest7 SET k=k+1 WHERE id=?'
FATAL: `thread_run' function failed: /usr/share/sysbench/oltp_common.lua:458: SQL error, errno = 9004, state = 'HY000': Resolve lock timeout
Error in my_thread_global_end(): 2 threads didn't exit
