sysbench 1.0.17 (using system LuaJIT 2.0.4)

Running the test with following options:
Number of threads: 256
Report intermediate results every 10 second(s)
Initializing random number generator from current time


Initializing worker threads...

Threads started!

[ 10s ] thds: 256 tps: 2854.86 qps: 45843.51 (r/w/o: 40111.00/0.00/5732.51) lat (ms,95%): 116.80 err/s: 0.00 reconn/s: 0.00
[ 20s ] thds: 256 tps: 2942.47 qps: 47106.94 (r/w/o: 41220.31/0.00/5886.63) lat (ms,95%): 116.80 err/s: 0.00 reconn/s: 0.00
[ 30s ] thds: 256 tps: 2923.74 qps: 46749.95 (r/w/o: 40904.67/0.00/5845.28) lat (ms,95%): 116.80 err/s: 0.00 reconn/s: 0.00
[ 40s ] thds: 256 tps: 2931.67 qps: 46974.98 (r/w/o: 41109.73/0.00/5865.25) lat (ms,95%): 116.80 err/s: 0.00 reconn/s: 0.00
[ 50s ] thds: 256 tps: 2925.32 qps: 46768.01 (r/w/o: 40919.17/0.00/5848.84) lat (ms,95%): 116.80 err/s: 0.00 reconn/s: 0.00
[ 60s ] thds: 256 tps: 2941.70 qps: 47058.83 (r/w/o: 41175.22/0.00/5883.60) lat (ms,95%): 114.72 err/s: 0.00 reconn/s: 0.00
[ 70s ] thds: 256 tps: 2921.98 qps: 46761.25 (r/w/o: 40917.40/0.00/5843.86) lat (ms,95%): 116.80 err/s: 0.00 reconn/s: 0.00
[ 80s ] thds: 256 tps: 2925.61 qps: 46792.71 (r/w/o: 40941.88/0.00/5850.83) lat (ms,95%): 116.80 err/s: 0.00 reconn/s: 0.00
[ 90s ] thds: 256 tps: 2930.90 qps: 46911.26 (r/w/o: 41047.77/0.00/5863.50) lat (ms,95%): 116.80 err/s: 0.00 reconn/s: 0.00
[ 100s ] thds: 256 tps: 2918.46 qps: 46740.92 (r/w/o: 40904.79/0.00/5836.13) lat (ms,95%): 116.80 err/s: 0.00 reconn/s: 0.00
[ 110s ] thds: 256 tps: 2907.69 qps: 46456.02 (r/w/o: 40640.24/0.00/5815.78) lat (ms,95%): 116.80 err/s: 0.00 reconn/s: 0.00
[ 120s ] thds: 256 tps: 2928.69 qps: 46865.87 (r/w/o: 41009.30/0.00/5856.57) lat (ms,95%): 116.80 err/s: 0.00 reconn/s: 0.00
[ 130s ] thds: 256 tps: 2921.84 qps: 46775.96 (r/w/o: 40930.78/0.00/5845.18) lat (ms,95%): 116.80 err/s: 0.00 reconn/s: 0.00
[ 140s ] thds: 256 tps: 2919.85 qps: 46701.04 (r/w/o: 40861.14/0.00/5839.91) lat (ms,95%): 116.80 err/s: 0.00 reconn/s: 0.00
[ 150s ] thds: 256 tps: 2929.50 qps: 46855.65 (r/w/o: 40999.36/0.00/5856.29) lat (ms,95%): 116.80 err/s: 0.00 reconn/s: 0.00
[ 160s ] thds: 256 tps: 2924.03 qps: 46783.65 (r/w/o: 40932.80/0.00/5850.86) lat (ms,95%): 116.80 err/s: 0.00 reconn/s: 0.00
[ 170s ] thds: 256 tps: 2941.66 qps: 47074.01 (r/w/o: 41190.78/0.00/5883.23) lat (ms,95%): 116.80 err/s: 0.00 reconn/s: 0.00
[ 180s ] thds: 256 tps: 2838.55 qps: 45423.44 (r/w/o: 39745.45/0.00/5677.99) lat (ms,95%): 121.08 err/s: 0.00 reconn/s: 0.00
SQL statistics:
    queries performed:
        read:                            7357728
        write:                           0
        other:                           1051104
        total:                           8408832
    transactions:                        525552 (2916.83 per sec.)
    queries:                             8408832 (46669.27 per sec.)
    ignored errors:                      0      (0.00 per sec.)
    reconnects:                          0      (0.00 per sec.)

General statistics:
    total time:                          180.1779s
    total number of events:              525552

Latency (ms):
         min:                                   24.83
         avg:                                   87.72
         max:                                  254.81
         95th percentile:                      116.80
         sum:                             46101672.87

Threads fairness:
    events (avg/stddev):           2052.9375/4.46
    execution time (avg/stddev):   180.0847/0.05

