sysbench 1.0.17 (using system LuaJIT 2.0.4)

Running the test with following options:
Number of threads: 512
Report intermediate results every 10 second(s)
Initializing random number generator from current time


Initializing worker threads...

Threads started!

[ 10s ] thds: 512 tps: 2631.87 qps: 42484.41 (r/w/o: 37174.12/0.00/5310.29) lat (ms,95%): 240.02 err/s: 0.00 reconn/s: 0.00
[ 20s ] thds: 512 tps: 2816.67 qps: 45083.47 (r/w/o: 39448.42/0.00/5635.05) lat (ms,95%): 240.02 err/s: 0.00 reconn/s: 0.00
[ 30s ] thds: 512 tps: 2786.76 qps: 44566.49 (r/w/o: 38994.18/0.00/5572.31) lat (ms,95%): 240.02 err/s: 0.00 reconn/s: 0.00
[ 40s ] thds: 512 tps: 2777.34 qps: 44470.75 (r/w/o: 38916.17/0.00/5554.58) lat (ms,95%): 244.38 err/s: 0.00 reconn/s: 0.00
[ 50s ] thds: 512 tps: 2779.61 qps: 44457.91 (r/w/o: 38898.68/0.00/5559.23) lat (ms,95%): 244.38 err/s: 0.00 reconn/s: 0.00
[ 60s ] thds: 512 tps: 2789.24 qps: 44580.26 (r/w/o: 38999.47/0.00/5580.78) lat (ms,95%): 244.38 err/s: 0.00 reconn/s: 0.00
[ 70s ] thds: 512 tps: 2781.88 qps: 44514.03 (r/w/o: 38952.37/0.00/5561.65) lat (ms,95%): 244.38 err/s: 0.00 reconn/s: 0.00
[ 80s ] thds: 512 tps: 2782.33 qps: 44533.97 (r/w/o: 38973.02/0.00/5560.96) lat (ms,95%): 240.02 err/s: 0.00 reconn/s: 0.00
[ 90s ] thds: 512 tps: 2787.10 qps: 44591.49 (r/w/o: 39013.39/0.00/5578.10) lat (ms,95%): 244.38 err/s: 0.00 reconn/s: 0.00
[ 100s ] thds: 512 tps: 2782.26 qps: 44537.74 (r/w/o: 38975.01/0.00/5562.73) lat (ms,95%): 244.38 err/s: 0.00 reconn/s: 0.00
[ 110s ] thds: 512 tps: 2789.69 qps: 44665.72 (r/w/o: 39085.44/0.00/5580.28) lat (ms,95%): 244.38 err/s: 0.00 reconn/s: 0.00
[ 120s ] thds: 512 tps: 2790.33 qps: 44626.92 (r/w/o: 39045.17/0.00/5581.75) lat (ms,95%): 244.38 err/s: 0.00 reconn/s: 0.00
[ 130s ] thds: 512 tps: 2789.03 qps: 44590.85 (r/w/o: 39013.79/0.00/5577.06) lat (ms,95%): 244.38 err/s: 0.00 reconn/s: 0.00
[ 140s ] thds: 512 tps: 2752.16 qps: 44054.90 (r/w/o: 38550.68/0.00/5504.23) lat (ms,95%): 244.38 err/s: 0.00 reconn/s: 0.00
[ 150s ] thds: 512 tps: 2788.67 qps: 44628.71 (r/w/o: 39050.07/0.00/5578.64) lat (ms,95%): 244.38 err/s: 0.00 reconn/s: 0.00
[ 160s ] thds: 512 tps: 2772.63 qps: 44333.93 (r/w/o: 38790.57/0.00/5543.37) lat (ms,95%): 244.38 err/s: 0.00 reconn/s: 0.00
[ 170s ] thds: 512 tps: 2778.91 qps: 44511.45 (r/w/o: 38950.43/0.00/5561.02) lat (ms,95%): 244.38 err/s: 0.00 reconn/s: 0.00
[ 180s ] thds: 512 tps: 2699.18 qps: 43189.82 (r/w/o: 37793.97/0.00/5395.85) lat (ms,95%): 253.35 err/s: 0.00 reconn/s: 0.00
SQL statistics:
    queries performed:
        read:                            6989892
        write:                           0
        other:                           998556
        total:                           7988448
    transactions:                        499278 (2769.19 per sec.)
    queries:                             7988448 (44307.09 per sec.)
    ignored errors:                      0      (0.00 per sec.)
    reconnects:                          0      (0.00 per sec.)

General statistics:
    total time:                          180.2959s
    total number of events:              499278

Latency (ms):
         min:                                   40.61
         avg:                                  184.68
         max:                                  404.12
         95th percentile:                      244.38
         sum:                             92206411.45

Threads fairness:
    events (avg/stddev):           975.1523/2.20
    execution time (avg/stddev):   180.0906/0.06

