sysbench 1.0.17 (using system LuaJIT 2.0.4)

Running the test with following options:
Number of threads: 8
Report intermediate results every 10 second(s)
Initializing random number generator from current time


Initializing worker threads...

Threads started!

[ 10s ] thds: 8 tps: 2515.68 qps: 2515.68 (r/w/o: 0.00/1992.07/523.61) lat (ms,95%): 4.65 err/s: 0.00 reconn/s: 0.00
[ 20s ] thds: 8 tps: 2382.45 qps: 2382.45 (r/w/o: 0.00/1905.44/477.01) lat (ms,95%): 4.74 err/s: 0.00 reconn/s: 0.00
[ 30s ] thds: 8 tps: 2515.90 qps: 2515.90 (r/w/o: 0.00/1994.60/521.30) lat (ms,95%): 4.74 err/s: 0.00 reconn/s: 0.00
[ 40s ] thds: 8 tps: 2487.70 qps: 2487.70 (r/w/o: 0.00/1975.20/512.50) lat (ms,95%): 4.91 err/s: 0.00 reconn/s: 0.00
[ 50s ] thds: 8 tps: 2513.60 qps: 2513.60 (r/w/o: 0.00/1992.40/521.20) lat (ms,95%): 4.91 err/s: 0.00 reconn/s: 0.00
[ 60s ] thds: 8 tps: 2538.30 qps: 2538.30 (r/w/o: 0.00/2008.50/529.80) lat (ms,95%): 4.74 err/s: 0.00 reconn/s: 0.00
[ 70s ] thds: 8 tps: 2522.70 qps: 2522.70 (r/w/o: 0.00/2006.40/516.30) lat (ms,95%): 4.74 err/s: 0.00 reconn/s: 0.00
[ 80s ] thds: 8 tps: 2534.00 qps: 2534.00 (r/w/o: 0.00/2010.00/524.00) lat (ms,95%): 4.74 err/s: 0.00 reconn/s: 0.00
[ 90s ] thds: 8 tps: 2510.10 qps: 2510.10 (r/w/o: 0.00/2000.30/509.80) lat (ms,95%): 4.82 err/s: 0.00 reconn/s: 0.00
[ 100s ] thds: 8 tps: 2528.90 qps: 2528.90 (r/w/o: 0.00/2004.10/524.80) lat (ms,95%): 4.74 err/s: 0.00 reconn/s: 0.00
[ 110s ] thds: 8 tps: 2521.20 qps: 2521.20 (r/w/o: 0.00/2000.40/520.80) lat (ms,95%): 4.82 err/s: 0.00 reconn/s: 0.00
[ 120s ] thds: 8 tps: 2491.80 qps: 2491.80 (r/w/o: 0.00/1970.50/521.30) lat (ms,95%): 5.00 err/s: 0.00 reconn/s: 0.00
[ 130s ] thds: 8 tps: 2515.70 qps: 2515.70 (r/w/o: 0.00/2001.80/513.90) lat (ms,95%): 4.74 err/s: 0.00 reconn/s: 0.00
[ 140s ] thds: 8 tps: 2519.80 qps: 2519.80 (r/w/o: 0.00/2001.80/518.00) lat (ms,95%): 4.82 err/s: 0.00 reconn/s: 0.00
[ 150s ] thds: 8 tps: 2525.40 qps: 2525.40 (r/w/o: 0.00/2001.60/523.80) lat (ms,95%): 4.74 err/s: 0.00 reconn/s: 0.00
[ 160s ] thds: 8 tps: 2518.10 qps: 2518.10 (r/w/o: 0.00/1994.90/523.20) lat (ms,95%): 4.82 err/s: 0.00 reconn/s: 0.00
[ 170s ] thds: 8 tps: 2414.80 qps: 2414.80 (r/w/o: 0.00/1911.70/503.10) lat (ms,95%): 5.47 err/s: 0.00 reconn/s: 0.00
[ 180s ] thds: 8 tps: 2540.26 qps: 2540.26 (r/w/o: 0.00/2005.97/534.29) lat (ms,95%): 4.74 err/s: 0.00 reconn/s: 0.00
SQL statistics:
    queries performed:
        read:                            0
        write:                           357787
        other:                           93189
        total:                           450976
    transactions:                        450976 (2505.36 per sec.)
    queries:                             450976 (2505.36 per sec.)
    ignored errors:                      0      (0.00 per sec.)
    reconnects:                          0      (0.00 per sec.)

General statistics:
    total time:                          180.0033s
    total number of events:              450976

Latency (ms):
         min:                                    0.42
         avg:                                    3.19
         max:                                 3108.00
         95th percentile:                        4.82
         sum:                              1439667.37

Threads fairness:
    events (avg/stddev):           56372.0000/226.70
    execution time (avg/stddev):   179.9584/0.00

