sysbench 1.0.17 (using system LuaJIT 2.0.4)

Running the test with following options:
Number of threads: 32
Report intermediate results every 10 second(s)
Initializing random number generator from current time


Initializing worker threads...

Threads started!

[ 10s ] thds: 32 tps: 4488.98 qps: 4488.98 (r/w/o: 0.00/3569.55/919.43) lat (ms,95%): 14.46 err/s: 0.00 reconn/s: 0.00
[ 20s ] thds: 32 tps: 4584.33 qps: 4584.33 (r/w/o: 0.00/3644.92/939.41) lat (ms,95%): 14.73 err/s: 0.00 reconn/s: 0.00
[ 30s ] thds: 32 tps: 4638.10 qps: 4638.10 (r/w/o: 0.00/3676.20/961.90) lat (ms,95%): 14.73 err/s: 0.00 reconn/s: 0.00
[ 40s ] thds: 32 tps: 4550.80 qps: 4550.80 (r/w/o: 0.00/3614.10/936.70) lat (ms,95%): 15.00 err/s: 0.00 reconn/s: 0.00
[ 50s ] thds: 32 tps: 4531.38 qps: 4531.38 (r/w/o: 0.00/3604.39/927.00) lat (ms,95%): 15.27 err/s: 0.00 reconn/s: 0.00
[ 60s ] thds: 32 tps: 4147.51 qps: 4147.51 (r/w/o: 0.00/3296.91/850.60) lat (ms,95%): 18.61 err/s: 0.00 reconn/s: 0.00
[ 70s ] thds: 32 tps: 4151.20 qps: 4151.20 (r/w/o: 0.00/3289.90/861.30) lat (ms,95%): 18.95 err/s: 0.00 reconn/s: 0.00
[ 80s ] thds: 32 tps: 4102.31 qps: 4102.31 (r/w/o: 0.00/3253.21/849.10) lat (ms,95%): 18.95 err/s: 0.00 reconn/s: 0.00
[ 90s ] thds: 32 tps: 4278.99 qps: 4278.99 (r/w/o: 0.00/3386.69/892.30) lat (ms,95%): 17.01 err/s: 0.00 reconn/s: 0.00
[ 100s ] thds: 32 tps: 4446.30 qps: 4446.30 (r/w/o: 0.00/3543.50/902.80) lat (ms,95%): 15.83 err/s: 0.00 reconn/s: 0.00
[ 110s ] thds: 32 tps: 4406.00 qps: 4406.00 (r/w/o: 0.00/3488.40/917.60) lat (ms,95%): 16.12 err/s: 0.00 reconn/s: 0.00
[ 120s ] thds: 32 tps: 4425.07 qps: 4425.07 (r/w/o: 0.00/3500.88/924.19) lat (ms,95%): 16.71 err/s: 0.00 reconn/s: 0.00
[ 130s ] thds: 32 tps: 4464.82 qps: 4464.82 (r/w/o: 0.00/3536.11/928.70) lat (ms,95%): 16.12 err/s: 0.00 reconn/s: 0.00
[ 140s ] thds: 32 tps: 4482.91 qps: 4482.91 (r/w/o: 0.00/3561.81/921.10) lat (ms,95%): 15.83 err/s: 0.00 reconn/s: 0.00
[ 150s ] thds: 32 tps: 4527.20 qps: 4527.20 (r/w/o: 0.00/3589.50/937.70) lat (ms,95%): 15.27 err/s: 0.00 reconn/s: 0.00
[ 160s ] thds: 32 tps: 4451.40 qps: 4451.40 (r/w/o: 0.00/3528.90/922.50) lat (ms,95%): 16.12 err/s: 0.00 reconn/s: 0.00
[ 170s ] thds: 32 tps: 4441.21 qps: 4441.21 (r/w/o: 0.00/3528.21/913.00) lat (ms,95%): 15.83 err/s: 0.00 reconn/s: 0.00
[ 180s ] thds: 32 tps: 4257.96 qps: 4257.96 (r/w/o: 0.00/3375.79/882.17) lat (ms,95%): 17.63 err/s: 0.00 reconn/s: 0.00
SQL statistics:
    queries performed:
        read:                            0
        write:                           629928
        other:                           163877
        total:                           793805
    transactions:                        793805 (4409.81 per sec.)
    queries:                             793805 (4409.81 per sec.)
    ignored errors:                      0      (0.00 per sec.)
    reconnects:                          0      (0.00 per sec.)

General statistics:
    total time:                          180.0074s
    total number of events:              793805

Latency (ms):
         min:                                    0.43
         avg:                                    7.26
         max:                                 5695.34
         95th percentile:                       16.41
         sum:                              5759529.20

Threads fairness:
    events (avg/stddev):           24806.4062/174.02
    execution time (avg/stddev):   179.9853/0.00

