sysbench 1.0.17 (using system LuaJIT 2.0.4)

Running the test with following options:
Number of threads: 16
Report intermediate results every 10 second(s)
Initializing random number generator from current time


Initializing worker threads...

Threads started!

[ 10s ] thds: 16 tps: 3500.34 qps: 3500.44 (r/w/o: 0.00/2776.76/723.69) lat (ms,95%): 8.28 err/s: 0.00 reconn/s: 0.00
[ 20s ] thds: 16 tps: 3420.56 qps: 3420.46 (r/w/o: 0.00/2723.75/696.71) lat (ms,95%): 8.58 err/s: 0.00 reconn/s: 0.00
[ 30s ] thds: 16 tps: 3486.40 qps: 3486.40 (r/w/o: 0.00/2756.70/729.70) lat (ms,95%): 8.28 err/s: 0.00 reconn/s: 0.00
[ 40s ] thds: 16 tps: 3379.55 qps: 3379.55 (r/w/o: 0.00/2688.16/691.39) lat (ms,95%): 8.90 err/s: 0.00 reconn/s: 0.00
[ 50s ] thds: 16 tps: 3401.89 qps: 3401.89 (r/w/o: 0.00/2693.79/708.10) lat (ms,95%): 8.58 err/s: 0.00 reconn/s: 0.00
[ 60s ] thds: 16 tps: 3395.57 qps: 3395.57 (r/w/o: 0.00/2695.58/699.99) lat (ms,95%): 8.58 err/s: 0.00 reconn/s: 0.00
[ 70s ] thds: 16 tps: 3499.73 qps: 3499.73 (r/w/o: 0.00/2782.42/717.31) lat (ms,95%): 8.13 err/s: 0.00 reconn/s: 0.00
[ 80s ] thds: 16 tps: 3596.79 qps: 3596.79 (r/w/o: 0.00/2860.79/736.00) lat (ms,95%): 7.84 err/s: 0.00 reconn/s: 0.00
[ 90s ] thds: 16 tps: 3584.33 qps: 3584.33 (r/w/o: 0.00/2834.52/749.81) lat (ms,95%): 7.70 err/s: 0.00 reconn/s: 0.00
[ 100s ] thds: 16 tps: 3613.52 qps: 3613.52 (r/w/o: 0.00/2863.71/749.80) lat (ms,95%): 7.70 err/s: 0.00 reconn/s: 0.00
[ 110s ] thds: 16 tps: 3520.94 qps: 3520.94 (r/w/o: 0.00/2790.43/730.51) lat (ms,95%): 8.13 err/s: 0.00 reconn/s: 0.00
[ 120s ] thds: 16 tps: 3493.52 qps: 3493.52 (r/w/o: 0.00/2761.23/732.28) lat (ms,95%): 8.28 err/s: 0.00 reconn/s: 0.00
[ 130s ] thds: 16 tps: 3485.02 qps: 3485.02 (r/w/o: 0.00/2762.62/722.40) lat (ms,95%): 8.43 err/s: 0.00 reconn/s: 0.00
[ 140s ] thds: 16 tps: 3483.81 qps: 3483.81 (r/w/o: 0.00/2773.50/710.30) lat (ms,95%): 8.28 err/s: 0.00 reconn/s: 0.00
[ 150s ] thds: 16 tps: 3440.35 qps: 3440.35 (r/w/o: 0.00/2742.14/698.21) lat (ms,95%): 8.74 err/s: 0.00 reconn/s: 0.00
[ 160s ] thds: 16 tps: 3608.31 qps: 3608.31 (r/w/o: 0.00/2872.21/736.10) lat (ms,95%): 7.84 err/s: 0.00 reconn/s: 0.00
[ 170s ] thds: 16 tps: 3552.20 qps: 3552.20 (r/w/o: 0.00/2820.50/731.70) lat (ms,95%): 8.28 err/s: 0.00 reconn/s: 0.00
[ 180s ] thds: 16 tps: 3530.57 qps: 3530.57 (r/w/o: 0.00/2820.98/709.59) lat (ms,95%): 8.13 err/s: 0.00 reconn/s: 0.00
SQL statistics:
    queries performed:
        read:                            0
        write:                           500218
        other:                           129737
        total:                           629955
    transactions:                        629955 (3499.62 per sec.)
    queries:                             629955 (3499.62 per sec.)
    ignored errors:                      0      (0.00 per sec.)
    reconnects:                          0      (0.00 per sec.)

General statistics:
    total time:                          180.0051s
    total number of events:              629955

Latency (ms):
         min:                                    0.41
         avg:                                    4.57
         max:                                 3102.32
         95th percentile:                        8.28
         sum:                              2879394.65

Threads fairness:
    events (avg/stddev):           39372.1875/300.09
    execution time (avg/stddev):   179.9622/0.00

