sysbench 1.0.17 (using system LuaJIT 2.0.4)

Running the test with following options:
Number of threads: 128
Report intermediate results every 10 second(s)
Initializing random number generator from current time


Initializing worker threads...

Threads started!

[ 10s ] thds: 128 tps: 2955.35 qps: 47373.22 (r/w/o: 41449.72/0.00/5923.50) lat (ms,95%): 59.99 err/s: 0.00 reconn/s: 0.00
[ 20s ] thds: 128 tps: 2999.56 qps: 47999.09 (r/w/o: 42000.48/0.00/5998.61) lat (ms,95%): 59.99 err/s: 0.00 reconn/s: 0.00
[ 30s ] thds: 128 tps: 2952.30 qps: 47252.33 (r/w/o: 41347.44/0.00/5904.89) lat (ms,95%): 61.08 err/s: 0.00 reconn/s: 0.00
[ 40s ] thds: 128 tps: 2876.60 qps: 46011.85 (r/w/o: 40259.35/0.00/5752.51) lat (ms,95%): 62.19 err/s: 0.00 reconn/s: 0.00
[ 50s ] thds: 128 tps: 2928.57 qps: 46861.30 (r/w/o: 41003.35/0.00/5857.95) lat (ms,95%): 63.32 err/s: 0.00 reconn/s: 0.00
[ 60s ] thds: 128 tps: 2867.90 qps: 45877.85 (r/w/o: 40142.05/0.00/5735.79) lat (ms,95%): 63.32 err/s: 0.00 reconn/s: 0.00
[ 70s ] thds: 128 tps: 2912.53 qps: 46608.45 (r/w/o: 40784.49/0.00/5823.96) lat (ms,95%): 62.19 err/s: 0.00 reconn/s: 0.00
[ 80s ] thds: 128 tps: 2950.92 qps: 47207.07 (r/w/o: 41305.63/0.00/5901.43) lat (ms,95%): 62.19 err/s: 0.00 reconn/s: 0.00
[ 90s ] thds: 128 tps: 2962.11 qps: 47403.36 (r/w/o: 41478.64/0.00/5924.72) lat (ms,95%): 61.08 err/s: 0.00 reconn/s: 0.00
[ 100s ] thds: 128 tps: 2955.33 qps: 47294.55 (r/w/o: 41382.98/0.00/5911.57) lat (ms,95%): 61.08 err/s: 0.00 reconn/s: 0.00
[ 110s ] thds: 128 tps: 2986.53 qps: 47761.32 (r/w/o: 41789.76/0.00/5971.57) lat (ms,95%): 61.08 err/s: 0.00 reconn/s: 0.00
[ 120s ] thds: 128 tps: 2971.03 qps: 47570.69 (r/w/o: 41627.43/0.00/5943.26) lat (ms,95%): 61.08 err/s: 0.00 reconn/s: 0.00
[ 130s ] thds: 128 tps: 2975.62 qps: 47598.30 (r/w/o: 41647.16/0.00/5951.14) lat (ms,95%): 61.08 err/s: 0.00 reconn/s: 0.00
[ 140s ] thds: 128 tps: 2960.26 qps: 47369.45 (r/w/o: 41448.93/0.00/5920.52) lat (ms,95%): 61.08 err/s: 0.00 reconn/s: 0.00
[ 150s ] thds: 128 tps: 2962.27 qps: 47374.26 (r/w/o: 41449.83/0.00/5924.43) lat (ms,95%): 62.19 err/s: 0.00 reconn/s: 0.00
[ 160s ] thds: 128 tps: 2992.10 qps: 47887.86 (r/w/o: 41903.35/0.00/5984.51) lat (ms,95%): 61.08 err/s: 0.00 reconn/s: 0.00
[ 170s ] thds: 128 tps: 3001.09 qps: 48014.97 (r/w/o: 42012.59/0.00/6002.38) lat (ms,95%): 61.08 err/s: 0.00 reconn/s: 0.00
[ 180s ] thds: 128 tps: 2982.22 qps: 47718.24 (r/w/o: 41753.90/0.00/5964.34) lat (ms,95%): 61.08 err/s: 0.00 reconn/s: 0.00
SQL statistics:
    queries performed:
        read:                            7448826
        write:                           0
        other:                           1064118
        total:                           8512944
    transactions:                        532059 (2952.95 per sec.)
    queries:                             8512944 (47247.26 per sec.)
    ignored errors:                      0      (0.00 per sec.)
    reconnects:                          0      (0.00 per sec.)

General statistics:
    total time:                          180.1773s
    total number of events:              532059

Latency (ms):
         min:                                   12.36
         avg:                                   43.32
         max:                                  229.95
         95th percentile:                       61.08
         sum:                             23047437.71

Threads fairness:
    events (avg/stddev):           4156.7109/11.15
    execution time (avg/stddev):   180.0581/0.04

