sysbench 1.0.17 (using system LuaJIT 2.0.4)

Running the test with following options:
Number of threads: 128
Report intermediate results every 10 second(s)
Initializing random number generator from current time


Initializing worker threads...

Threads started!

[ 10s ] thds: 128 tps: 6259.76 qps: 6259.76 (r/w/o: 0.00/4955.40/1304.36) lat (ms,95%): 57.87 err/s: 0.00 reconn/s: 0.00
[ 20s ] thds: 128 tps: 6280.87 qps: 6280.87 (r/w/o: 0.00/4986.53/1294.33) lat (ms,95%): 59.99 err/s: 0.00 reconn/s: 0.00
[ 30s ] thds: 128 tps: 6528.51 qps: 6528.51 (r/w/o: 0.00/5182.91/1345.60) lat (ms,95%): 56.84 err/s: 0.00 reconn/s: 0.00
[ 40s ] thds: 128 tps: 6737.71 qps: 6737.71 (r/w/o: 0.00/5357.13/1380.58) lat (ms,95%): 52.89 err/s: 0.00 reconn/s: 0.00
[ 50s ] thds: 128 tps: 1807.45 qps: 1807.45 (r/w/o: 0.00/1429.74/377.71) lat (ms,95%): 55.82 err/s: 0.00 reconn/s: 0.00
[ 60s ] thds: 128 tps: 1085.38 qps: 1085.38 (r/w/o: 0.00/861.68/223.70) lat (ms,95%): 21.11 err/s: 0.00 reconn/s: 0.00
[ 70s ] thds: 128 tps: 9576.41 qps: 9576.41 (r/w/o: 0.00/7593.61/1982.80) lat (ms,95%): 32.53 err/s: 0.00 reconn/s: 0.00
[ 80s ] thds: 128 tps: 9226.52 qps: 9226.52 (r/w/o: 0.00/7316.04/1910.48) lat (ms,95%): 35.59 err/s: 0.00 reconn/s: 0.00
[ 90s ] thds: 128 tps: 9426.56 qps: 9426.56 (r/w/o: 0.00/7466.15/1960.41) lat (ms,95%): 35.59 err/s: 0.00 reconn/s: 0.00
FATAL: mysql_stmt_execute() returned error 9004 (Resolve lock timeout) for query 'UPDATE sbtest5 SET k=k+1 WHERE id=?'
FATAL: `thread_run' function failed: /usr/share/sysbench/oltp_common.lua:458: SQL error, errno = 9004, state = 'HY000': Resolve lock timeout
FATAL: mysql_stmt_execute() returned error 9004 (Resolve lock timeout) for query 'UPDATE sbtest5 SET k=k+1 WHERE id=?'
FATAL: `thread_run' function failed: /usr/share/sysbench/oltp_common.lua:458: SQL error, errno = 9004, state = 'HY000': Resolve lock timeout
[ 100s ] thds: 128 tps: 2981.55 qps: 2981.55 (r/w/o: 0.00/2368.04/613.51) lat (ms,95%): 35.59 err/s: 0.20 reconn/s: 0.00
FATAL: mysql_stmt_execute() returned error 9004 (Resolve lock timeout) for query 'UPDATE sbtest29 SET k=k+1 WHERE id=?'
FATAL: `thread_run' function failed: /usr/share/sysbench/oltp_common.lua:458: SQL error, errno = 9004, state = 'HY000': Resolve lock timeout
FATAL: mysql_stmt_execute() returned error 9004 (Resolve lock timeout) for query 'UPDATE sbtest14 SET k=k+1 WHERE id=?'
FATAL: `thread_run' function failed: /usr/share/sysbench/oltp_common.lua:458: SQL error, errno = 9004, state = 'HY000': Resolve lock timeout
FATAL: mysql_stmt_execute() returned error 9004 (Resolve lock timeout) for query 'UPDATE sbtest29 SET k=k+1 WHERE id=?'
FATAL: `thread_run' function failed: /usr/share/sysbench/oltp_common.lua:458: SQL error, errno = 9004, state = 'HY000': Resolve lock timeout
[ 110s ] thds: 48 tps: 12.10 qps: 12.10 (r/w/o: 0.00/12.00/0.10) lat (ms,95%): 15934.78 err/s: 0.30 reconn/s: 0.00
Error in my_thread_global_end(): 5 threads didn't exit
