sysbench 1.0.17 (using system LuaJIT 2.0.4)

Running the test with following options:
Number of threads: 16
Report intermediate results every 10 second(s)
Initializing random number generator from current time


Initializing worker threads...

Threads started!

[ 10s ] thds: 16 tps: 1631.61 qps: 26119.67 (r/w/o: 22854.94/0.00/3264.72) lat (ms,95%): 13.95 err/s: 0.00 reconn/s: 0.00
[ 20s ] thds: 16 tps: 859.91 qps: 13756.84 (r/w/o: 12036.92/0.00/1719.92) lat (ms,95%): 14.21 err/s: 0.00 reconn/s: 0.00
[ 30s ] thds: 16 tps: 30.30 qps: 484.60 (r/w/o: 424.00/0.00/60.60) lat (ms,95%): 4280.32 err/s: 0.00 reconn/s: 0.00
[ 40s ] thds: 16 tps: 1211.90 qps: 19395.37 (r/w/o: 16971.57/0.00/2423.80) lat (ms,95%): 14.73 err/s: 0.00 reconn/s: 0.00
[ 50s ] thds: 16 tps: 1538.99 qps: 24620.17 (r/w/o: 21542.20/0.00/3077.97) lat (ms,95%): 14.46 err/s: 0.00 reconn/s: 0.00
[ 60s ] thds: 16 tps: 1544.90 qps: 24719.77 (r/w/o: 21630.06/0.00/3089.71) lat (ms,95%): 14.46 err/s: 0.00 reconn/s: 0.00
[ 70s ] thds: 16 tps: 1543.60 qps: 24695.15 (r/w/o: 21607.86/0.00/3087.29) lat (ms,95%): 14.46 err/s: 0.00 reconn/s: 0.00
[ 80s ] thds: 16 tps: 1574.60 qps: 25195.41 (r/w/o: 22046.31/0.00/3149.10) lat (ms,95%): 14.46 err/s: 0.00 reconn/s: 0.00
[ 90s ] thds: 16 tps: 1612.71 qps: 25803.62 (r/w/o: 22578.21/0.00/3225.42) lat (ms,95%): 14.21 err/s: 0.00 reconn/s: 0.00
[ 100s ] thds: 16 tps: 1616.01 qps: 25854.87 (r/w/o: 22622.75/0.00/3232.12) lat (ms,95%): 14.46 err/s: 0.00 reconn/s: 0.00
[ 110s ] thds: 16 tps: 1613.99 qps: 25824.18 (r/w/o: 22596.29/0.00/3227.88) lat (ms,95%): 14.21 err/s: 0.00 reconn/s: 0.00
[ 120s ] thds: 16 tps: 1613.60 qps: 25818.87 (r/w/o: 22591.58/0.00/3227.30) lat (ms,95%): 14.21 err/s: 0.00 reconn/s: 0.00
[ 130s ] thds: 16 tps: 1618.10 qps: 25889.95 (r/w/o: 22653.84/0.00/3236.11) lat (ms,95%): 14.21 err/s: 0.00 reconn/s: 0.00
[ 140s ] thds: 16 tps: 1618.80 qps: 25899.78 (r/w/o: 22662.08/0.00/3237.70) lat (ms,95%): 14.21 err/s: 0.00 reconn/s: 0.00
[ 150s ] thds: 16 tps: 1597.70 qps: 25565.82 (r/w/o: 22370.51/0.00/3195.30) lat (ms,95%): 14.21 err/s: 0.00 reconn/s: 0.00
[ 160s ] thds: 16 tps: 1614.30 qps: 25825.11 (r/w/o: 22596.51/0.00/3228.60) lat (ms,95%): 14.21 err/s: 0.00 reconn/s: 0.00
[ 170s ] thds: 16 tps: 1616.50 qps: 25867.15 (r/w/o: 22634.05/0.00/3233.11) lat (ms,95%): 14.21 err/s: 0.00 reconn/s: 0.00
[ 180s ] thds: 16 tps: 1618.41 qps: 25891.19 (r/w/o: 22654.37/0.00/3236.82) lat (ms,95%): 14.21 err/s: 0.00 reconn/s: 0.00
SQL statistics:
    queries performed:
        read:                            3650892
        write:                           0
        other:                           521556
        total:                           4172448
    transactions:                        260778 (1448.68 per sec.)
    queries:                             4172448 (23178.83 per sec.)
    ignored errors:                      0      (0.00 per sec.)
    reconnects:                          0      (0.00 per sec.)

General statistics:
    total time:                          180.0098s
    total number of events:              260778

Latency (ms):
         min:                                    6.19
         avg:                                   11.04
         max:                                16569.59
         95th percentile:                       14.21
         sum:                              2879511.32

Threads fairness:
    events (avg/stddev):           16298.6250/56.78
    execution time (avg/stddev):   179.9695/0.00

