sysbench 1.0.17 (using system LuaJIT 2.0.4)

Running the test with following options:
Number of threads: 64
Report intermediate results every 10 second(s)
Initializing random number generator from current time


Initializing worker threads...

Threads started!

[ 10s ] thds: 64 tps: 5231.26 qps: 5231.26 (r/w/o: 0.00/4149.54/1081.72) lat (ms,95%): 30.81 err/s: 0.00 reconn/s: 0.00
[ 20s ] thds: 64 tps: 4991.35 qps: 4991.35 (r/w/o: 0.00/3969.62/1021.73) lat (ms,95%): 32.53 err/s: 0.00 reconn/s: 0.00
[ 30s ] thds: 64 tps: 4913.69 qps: 4913.69 (r/w/o: 0.00/3898.99/1014.70) lat (ms,95%): 34.33 err/s: 0.00 reconn/s: 0.00
[ 40s ] thds: 64 tps: 4843.30 qps: 4843.30 (r/w/o: 0.00/3850.50/992.80) lat (ms,95%): 36.24 err/s: 0.00 reconn/s: 0.00
[ 50s ] thds: 64 tps: 4852.83 qps: 4852.83 (r/w/o: 0.00/3858.73/994.11) lat (ms,95%): 36.89 err/s: 0.00 reconn/s: 0.00
[ 60s ] thds: 64 tps: 4763.27 qps: 4763.27 (r/w/o: 0.00/3769.28/993.99) lat (ms,95%): 37.56 err/s: 0.00 reconn/s: 0.00
[ 70s ] thds: 64 tps: 4996.01 qps: 4996.01 (r/w/o: 0.00/3971.61/1024.40) lat (ms,95%): 33.72 err/s: 0.00 reconn/s: 0.00
[ 80s ] thds: 64 tps: 4965.68 qps: 4965.68 (r/w/o: 0.00/3944.48/1021.20) lat (ms,95%): 33.72 err/s: 0.00 reconn/s: 0.00
[ 90s ] thds: 64 tps: 5137.74 qps: 5137.74 (r/w/o: 0.00/4075.65/1062.09) lat (ms,95%): 30.81 err/s: 0.00 reconn/s: 0.00
[ 100s ] thds: 64 tps: 5280.53 qps: 5280.53 (r/w/o: 0.00/4188.42/1092.11) lat (ms,95%): 30.26 err/s: 0.00 reconn/s: 0.00
[ 110s ] thds: 64 tps: 5370.23 qps: 5370.23 (r/w/o: 0.00/4264.12/1106.11) lat (ms,95%): 29.72 err/s: 0.00 reconn/s: 0.00
[ 120s ] thds: 64 tps: 5128.62 qps: 5128.62 (r/w/o: 0.00/4068.51/1060.10) lat (ms,95%): 31.94 err/s: 0.00 reconn/s: 0.00
[ 130s ] thds: 64 tps: 4993.59 qps: 4993.59 (r/w/o: 0.00/3937.29/1056.30) lat (ms,95%): 36.24 err/s: 0.00 reconn/s: 0.00
[ 140s ] thds: 64 tps: 1958.72 qps: 1958.72 (r/w/o: 0.00/1549.22/409.50) lat (ms,95%): 29.19 err/s: 0.00 reconn/s: 0.00
[ 150s ] thds: 64 tps: 78.70 qps: 78.70 (r/w/o: 0.00/63.30/15.40) lat (ms,95%): 10531.32 err/s: 0.00 reconn/s: 0.00
FATAL: mysql_stmt_execute() returned error 9004 (Resolve lock timeout) for query 'UPDATE sbtest7 SET k=k+1 WHERE id=?'
FATAL: `thread_run' function failed: /usr/share/sysbench/oltp_common.lua:458: SQL error, errno = 9004, state = 'HY000': Resolve lock timeout
Error in my_thread_global_end(): 1 threads didn't exit
