sysbench 1.0.17 (using system LuaJIT 2.0.4)

Running the test with following options:
Number of threads: 16
Initializing random number generator from current time


Prime numbers limit: 200000

Initializing worker threads...

Threads started!

CPU speed:
    events per second:   164.95

General statistics:
    total time:                          30.0865s
    total number of events:              4963

Latency (ms):
         min:                                   76.84
         avg:                                   96.81
         max:                                  124.17
         95th percentile:                       97.55
         sum:                               480446.10

Threads fairness:
    events (avg/stddev):           310.1875/0.39
    execution time (avg/stddev):   30.0279/0.03

