sysbench 1.0.17 (using system LuaJIT 2.0.4)

Running the test with following options:
Number of threads: 512
Report intermediate results every 10 second(s)
Initializing random number generator from current time


Initializing worker threads...

Threads started!

[ 10s ] thds: 512 tps: 2650.81 qps: 42839.93 (r/w/o: 37490.62/0.00/5349.32) lat (ms,95%): 240.02 err/s: 0.00 reconn/s: 0.00
[ 20s ] thds: 512 tps: 2816.98 qps: 45047.63 (r/w/o: 39415.96/0.00/5631.67) lat (ms,95%): 240.02 err/s: 0.00 reconn/s: 0.00
[ 30s ] thds: 512 tps: 2819.87 qps: 45100.90 (r/w/o: 39462.86/0.00/5638.04) lat (ms,95%): 240.02 err/s: 0.00 reconn/s: 0.00
[ 40s ] thds: 512 tps: 2841.88 qps: 45447.11 (r/w/o: 39761.04/0.00/5686.06) lat (ms,95%): 240.02 err/s: 0.00 reconn/s: 0.00
[ 50s ] thds: 512 tps: 2819.76 qps: 45129.89 (r/w/o: 39488.77/0.00/5641.12) lat (ms,95%): 240.02 err/s: 0.00 reconn/s: 0.00
[ 60s ] thds: 512 tps: 2804.92 qps: 44870.08 (r/w/o: 39261.44/0.00/5608.63) lat (ms,95%): 240.02 err/s: 0.00 reconn/s: 0.00
[ 70s ] thds: 512 tps: 2824.57 qps: 45224.96 (r/w/o: 39575.82/0.00/5649.15) lat (ms,95%): 240.02 err/s: 0.00 reconn/s: 0.00
[ 80s ] thds: 512 tps: 2821.00 qps: 45132.14 (r/w/o: 39490.03/0.00/5642.10) lat (ms,95%): 240.02 err/s: 0.00 reconn/s: 0.00
[ 90s ] thds: 512 tps: 2800.33 qps: 44851.56 (r/w/o: 39247.40/0.00/5604.16) lat (ms,95%): 240.02 err/s: 0.00 reconn/s: 0.00
[ 100s ] thds: 512 tps: 2809.14 qps: 44917.25 (r/w/o: 39301.27/0.00/5615.98) lat (ms,95%): 240.02 err/s: 0.00 reconn/s: 0.00
[ 110s ] thds: 512 tps: 2809.25 qps: 44865.54 (r/w/o: 39245.25/0.00/5620.29) lat (ms,95%): 240.02 err/s: 0.00 reconn/s: 0.00
[ 120s ] thds: 512 tps: 2819.27 qps: 45213.25 (r/w/o: 39576.62/0.00/5636.63) lat (ms,95%): 240.02 err/s: 0.00 reconn/s: 0.00
[ 130s ] thds: 512 tps: 2820.77 qps: 45071.16 (r/w/o: 39430.32/0.00/5640.83) lat (ms,95%): 240.02 err/s: 0.00 reconn/s: 0.00
[ 140s ] thds: 512 tps: 2825.96 qps: 45218.50 (r/w/o: 39566.68/0.00/5651.83) lat (ms,95%): 244.38 err/s: 0.00 reconn/s: 0.00
[ 150s ] thds: 512 tps: 2808.60 qps: 44929.04 (r/w/o: 39312.04/0.00/5617.01) lat (ms,95%): 244.38 err/s: 0.00 reconn/s: 0.00
[ 160s ] thds: 512 tps: 2817.02 qps: 45056.43 (r/w/o: 39421.39/0.00/5635.04) lat (ms,95%): 240.02 err/s: 0.00 reconn/s: 0.00
[ 170s ] thds: 512 tps: 2824.52 qps: 45181.93 (r/w/o: 39532.49/0.00/5649.44) lat (ms,95%): 244.38 err/s: 0.00 reconn/s: 0.00
[ 180s ] thds: 512 tps: 2718.32 qps: 43538.96 (r/w/o: 38103.73/0.00/5435.23) lat (ms,95%): 248.83 err/s: 0.00 reconn/s: 0.00
SQL statistics:
    queries performed:
        read:                            7070812
        write:                           0
        other:                           1010116
        total:                           8080928
    transactions:                        505058 (2802.06 per sec.)
    queries:                             8080928 (44832.89 per sec.)
    ignored errors:                      0      (0.00 per sec.)
    reconnects:                          0      (0.00 per sec.)

General statistics:
    total time:                          180.2441s
    total number of events:              505058

Latency (ms):
         min:                                   39.82
         avg:                                  182.58
         max:                                  376.41
         95th percentile:                      240.02
         sum:                             92212614.80

Threads fairness:
    events (avg/stddev):           986.4414/2.18
    execution time (avg/stddev):   180.1028/0.06

