sysbench 1.0.17 (using system LuaJIT 2.0.4)

Running the test with following options:
Number of threads: 64
Report intermediate results every 10 second(s)
Initializing random number generator from current time


Initializing worker threads...

Threads started!

[ 10s ] thds: 64 tps: 60085.60 qps: 60085.60 (r/w/o: 60085.60/0.00/0.00) lat (ms,95%): 2.30 err/s: 0.00 reconn/s: 0.00
[ 20s ] thds: 64 tps: 60249.55 qps: 60249.55 (r/w/o: 60249.55/0.00/0.00) lat (ms,95%): 2.26 err/s: 0.00 reconn/s: 0.00
[ 30s ] thds: 64 tps: 59194.10 qps: 59194.10 (r/w/o: 59194.10/0.00/0.00) lat (ms,95%): 2.43 err/s: 0.00 reconn/s: 0.00
[ 40s ] thds: 64 tps: 59707.45 qps: 59707.45 (r/w/o: 59707.45/0.00/0.00) lat (ms,95%): 2.35 err/s: 0.00 reconn/s: 0.00
[ 50s ] thds: 64 tps: 58997.28 qps: 58997.28 (r/w/o: 58997.28/0.00/0.00) lat (ms,95%): 2.48 err/s: 0.00 reconn/s: 0.00
[ 60s ] thds: 64 tps: 60286.57 qps: 60286.57 (r/w/o: 60286.57/0.00/0.00) lat (ms,95%): 2.35 err/s: 0.00 reconn/s: 0.00
[ 70s ] thds: 64 tps: 60257.09 qps: 60257.09 (r/w/o: 60257.09/0.00/0.00) lat (ms,95%): 2.35 err/s: 0.00 reconn/s: 0.00
[ 80s ] thds: 64 tps: 60597.68 qps: 60597.68 (r/w/o: 60597.68/0.00/0.00) lat (ms,95%): 2.30 err/s: 0.00 reconn/s: 0.00
[ 90s ] thds: 64 tps: 60573.24 qps: 60573.24 (r/w/o: 60573.24/0.00/0.00) lat (ms,95%): 2.30 err/s: 0.00 reconn/s: 0.00
[ 100s ] thds: 64 tps: 60507.22 qps: 60507.22 (r/w/o: 60507.22/0.00/0.00) lat (ms,95%): 2.30 err/s: 0.00 reconn/s: 0.00
[ 110s ] thds: 64 tps: 60468.03 qps: 60468.03 (r/w/o: 60468.03/0.00/0.00) lat (ms,95%): 2.35 err/s: 0.00 reconn/s: 0.00
[ 120s ] thds: 64 tps: 60778.60 qps: 60778.60 (r/w/o: 60778.60/0.00/0.00) lat (ms,95%): 2.26 err/s: 0.00 reconn/s: 0.00
[ 130s ] thds: 64 tps: 60522.97 qps: 60522.97 (r/w/o: 60522.97/0.00/0.00) lat (ms,95%): 2.26 err/s: 0.00 reconn/s: 0.00
[ 140s ] thds: 64 tps: 61203.25 qps: 61203.25 (r/w/o: 61203.25/0.00/0.00) lat (ms,95%): 2.22 err/s: 0.00 reconn/s: 0.00
[ 150s ] thds: 64 tps: 60947.37 qps: 60947.37 (r/w/o: 60947.37/0.00/0.00) lat (ms,95%): 2.22 err/s: 0.00 reconn/s: 0.00
[ 160s ] thds: 64 tps: 61380.83 qps: 61380.83 (r/w/o: 61380.83/0.00/0.00) lat (ms,95%): 2.22 err/s: 0.00 reconn/s: 0.00
[ 170s ] thds: 64 tps: 61910.51 qps: 61910.51 (r/w/o: 61910.51/0.00/0.00) lat (ms,95%): 2.14 err/s: 0.00 reconn/s: 0.00
[ 180s ] thds: 64 tps: 62896.45 qps: 62896.45 (r/w/o: 62896.45/0.00/0.00) lat (ms,95%): 2.07 err/s: 0.00 reconn/s: 0.00
SQL statistics:
    queries performed:
        read:                            10906039
        write:                           0
        other:                           0
        total:                           10906039
    transactions:                        10906039 (60585.79 per sec.)
    queries:                             10906039 (60585.79 per sec.)
    ignored errors:                      0      (0.00 per sec.)
    reconnects:                          0      (0.00 per sec.)

General statistics:
    total time:                          180.0084s
    total number of events:              10906039

Latency (ms):
         min:                                    0.29
         avg:                                    1.06
         max:                                   52.22
         95th percentile:                        2.30
         sum:                             11513457.66

Threads fairness:
    events (avg/stddev):           170406.8594/887.07
    execution time (avg/stddev):   179.8978/0.00

