sysbench 1.0.17 (using system LuaJIT 2.0.4)

Running the test with following options:
Number of threads: 64
Report intermediate results every 10 second(s)
Initializing random number generator from current time


Initializing worker threads...

Threads started!

[ 10s ] thds: 64 tps: 60289.15 qps: 60289.15 (r/w/o: 60289.15/0.00/0.00) lat (ms,95%): 2.30 err/s: 0.00 reconn/s: 0.00
[ 20s ] thds: 64 tps: 60265.36 qps: 60265.36 (r/w/o: 60265.36/0.00/0.00) lat (ms,95%): 2.30 err/s: 0.00 reconn/s: 0.00
[ 30s ] thds: 64 tps: 59255.54 qps: 59255.54 (r/w/o: 59255.54/0.00/0.00) lat (ms,95%): 2.43 err/s: 0.00 reconn/s: 0.00
[ 40s ] thds: 64 tps: 59738.35 qps: 59738.35 (r/w/o: 59738.35/0.00/0.00) lat (ms,95%): 2.39 err/s: 0.00 reconn/s: 0.00
[ 50s ] thds: 64 tps: 58907.90 qps: 58907.90 (r/w/o: 58907.90/0.00/0.00) lat (ms,95%): 2.52 err/s: 0.00 reconn/s: 0.00
[ 60s ] thds: 64 tps: 60487.80 qps: 60487.80 (r/w/o: 60487.80/0.00/0.00) lat (ms,95%): 2.35 err/s: 0.00 reconn/s: 0.00
[ 70s ] thds: 64 tps: 60275.12 qps: 60275.12 (r/w/o: 60275.12/0.00/0.00) lat (ms,95%): 2.35 err/s: 0.00 reconn/s: 0.00
[ 80s ] thds: 64 tps: 60610.54 qps: 60610.54 (r/w/o: 60610.54/0.00/0.00) lat (ms,95%): 2.30 err/s: 0.00 reconn/s: 0.00
[ 90s ] thds: 64 tps: 60746.08 qps: 60746.18 (r/w/o: 60746.18/0.00/0.00) lat (ms,95%): 2.30 err/s: 0.00 reconn/s: 0.00
[ 100s ] thds: 64 tps: 60431.91 qps: 60431.81 (r/w/o: 60431.81/0.00/0.00) lat (ms,95%): 2.35 err/s: 0.00 reconn/s: 0.00
[ 110s ] thds: 64 tps: 60617.36 qps: 60617.36 (r/w/o: 60617.36/0.00/0.00) lat (ms,95%): 2.35 err/s: 0.00 reconn/s: 0.00
[ 120s ] thds: 64 tps: 60854.78 qps: 60854.78 (r/w/o: 60854.78/0.00/0.00) lat (ms,95%): 2.26 err/s: 0.00 reconn/s: 0.00
[ 130s ] thds: 64 tps: 60773.00 qps: 60773.00 (r/w/o: 60773.00/0.00/0.00) lat (ms,95%): 2.26 err/s: 0.00 reconn/s: 0.00
[ 140s ] thds: 64 tps: 61260.60 qps: 61260.60 (r/w/o: 61260.60/0.00/0.00) lat (ms,95%): 2.22 err/s: 0.00 reconn/s: 0.00
[ 150s ] thds: 64 tps: 60989.77 qps: 60989.77 (r/w/o: 60989.77/0.00/0.00) lat (ms,95%): 2.26 err/s: 0.00 reconn/s: 0.00
[ 160s ] thds: 64 tps: 61552.73 qps: 61552.73 (r/w/o: 61552.73/0.00/0.00) lat (ms,95%): 2.22 err/s: 0.00 reconn/s: 0.00
[ 170s ] thds: 64 tps: 62168.31 qps: 62168.31 (r/w/o: 62168.31/0.00/0.00) lat (ms,95%): 2.14 err/s: 0.00 reconn/s: 0.00
[ 180s ] thds: 64 tps: 62963.50 qps: 62963.50 (r/w/o: 62963.50/0.00/0.00) lat (ms,95%): 2.07 err/s: 0.00 reconn/s: 0.00
SQL statistics:
    queries performed:
        read:                            10922107
        write:                           0
        other:                           0
        total:                           10922107
    transactions:                        10922107 (60675.15 per sec.)
    queries:                             10922107 (60675.15 per sec.)
    ignored errors:                      0      (0.00 per sec.)
    reconnects:                          0      (0.00 per sec.)

General statistics:
    total time:                          180.0082s
    total number of events:              10922107

Latency (ms):
         min:                                    0.28
         avg:                                    1.05
         max:                                   33.62
         95th percentile:                        2.30
         sum:                             11512472.21

Threads fairness:
    events (avg/stddev):           170657.9219/762.61
    execution time (avg/stddev):   179.8824/0.00

