sysbench 1.0.17 (using system LuaJIT 2.0.4)

Running the test with following options:
Number of threads: 64
Report intermediate results every 10 second(s)
Initializing random number generator from current time


Initializing worker threads...

Threads started!

[ 10s ] thds: 64 tps: 59914.17 qps: 59914.17 (r/w/o: 59914.17/0.00/0.00) lat (ms,95%): 2.30 err/s: 0.00 reconn/s: 0.00
[ 20s ] thds: 64 tps: 59902.22 qps: 59902.22 (r/w/o: 59902.22/0.00/0.00) lat (ms,95%): 2.30 err/s: 0.00 reconn/s: 0.00
[ 30s ] thds: 64 tps: 58919.70 qps: 58919.70 (r/w/o: 58919.70/0.00/0.00) lat (ms,95%): 2.43 err/s: 0.00 reconn/s: 0.00
[ 40s ] thds: 64 tps: 59325.63 qps: 59325.63 (r/w/o: 59325.63/0.00/0.00) lat (ms,95%): 2.39 err/s: 0.00 reconn/s: 0.00
[ 50s ] thds: 64 tps: 58693.35 qps: 58693.35 (r/w/o: 58693.35/0.00/0.00) lat (ms,95%): 2.52 err/s: 0.00 reconn/s: 0.00
[ 60s ] thds: 64 tps: 60062.03 qps: 60062.03 (r/w/o: 60062.03/0.00/0.00) lat (ms,95%): 2.35 err/s: 0.00 reconn/s: 0.00
[ 70s ] thds: 64 tps: 60066.40 qps: 60066.40 (r/w/o: 60066.40/0.00/0.00) lat (ms,95%): 2.35 err/s: 0.00 reconn/s: 0.00
[ 80s ] thds: 64 tps: 60311.95 qps: 60311.95 (r/w/o: 60311.95/0.00/0.00) lat (ms,95%): 2.30 err/s: 0.00 reconn/s: 0.00
[ 90s ] thds: 64 tps: 60322.49 qps: 60322.49 (r/w/o: 60322.49/0.00/0.00) lat (ms,95%): 2.30 err/s: 0.00 reconn/s: 0.00
[ 100s ] thds: 64 tps: 60333.08 qps: 60333.08 (r/w/o: 60333.08/0.00/0.00) lat (ms,95%): 2.30 err/s: 0.00 reconn/s: 0.00
[ 110s ] thds: 64 tps: 60250.61 qps: 60250.61 (r/w/o: 60250.61/0.00/0.00) lat (ms,95%): 2.35 err/s: 0.00 reconn/s: 0.00
[ 120s ] thds: 64 tps: 60686.32 qps: 60686.32 (r/w/o: 60686.32/0.00/0.00) lat (ms,95%): 2.26 err/s: 0.00 reconn/s: 0.00
[ 130s ] thds: 64 tps: 60494.27 qps: 60494.27 (r/w/o: 60494.27/0.00/0.00) lat (ms,95%): 2.26 err/s: 0.00 reconn/s: 0.00
[ 140s ] thds: 64 tps: 61012.86 qps: 61012.86 (r/w/o: 61012.86/0.00/0.00) lat (ms,95%): 2.22 err/s: 0.00 reconn/s: 0.00
[ 150s ] thds: 64 tps: 60803.08 qps: 60803.08 (r/w/o: 60803.08/0.00/0.00) lat (ms,95%): 2.22 err/s: 0.00 reconn/s: 0.00
[ 160s ] thds: 64 tps: 61341.59 qps: 61341.59 (r/w/o: 61341.59/0.00/0.00) lat (ms,95%): 2.22 err/s: 0.00 reconn/s: 0.00
[ 170s ] thds: 64 tps: 61822.98 qps: 61822.98 (r/w/o: 61822.98/0.00/0.00) lat (ms,95%): 2.14 err/s: 0.00 reconn/s: 0.00
[ 180s ] thds: 64 tps: 62628.88 qps: 62628.88 (r/w/o: 62628.88/0.00/0.00) lat (ms,95%): 2.07 err/s: 0.00 reconn/s: 0.00
SQL statistics:
    queries performed:
        read:                            10869123
        write:                           0
        other:                           0
        total:                           10869123
    transactions:                        10869123 (60380.92 per sec.)
    queries:                             10869123 (60380.92 per sec.)
    ignored errors:                      0      (0.00 per sec.)
    reconnects:                          0      (0.00 per sec.)

General statistics:
    total time:                          180.0079s
    total number of events:              10869123

Latency (ms):
         min:                                    0.30
         avg:                                    1.06
         max:                                   73.32
         95th percentile:                        2.30
         sum:                             11514970.11

Threads fairness:
    events (avg/stddev):           169830.0469/905.24
    execution time (avg/stddev):   179.9214/0.00

