sysbench 1.0.17 (using system LuaJIT 2.0.4)

Running the test with following options:
Number of threads: 8
Report intermediate results every 10 second(s)
Initializing random number generator from current time


Initializing worker threads...

Threads started!

[ 10s ] thds: 8 tps: 936.05 qps: 14983.07 (r/w/o: 13110.18/0.00/1872.90) lat (ms,95%): 10.27 err/s: 0.00 reconn/s: 0.00
[ 20s ] thds: 8 tps: 937.30 qps: 14996.68 (r/w/o: 13122.17/0.00/1874.51) lat (ms,95%): 10.27 err/s: 0.00 reconn/s: 0.00
[ 30s ] thds: 8 tps: 939.70 qps: 15035.75 (r/w/o: 13156.26/0.00/1879.49) lat (ms,95%): 10.27 err/s: 0.00 reconn/s: 0.00
[ 40s ] thds: 8 tps: 936.91 qps: 14992.94 (r/w/o: 13119.12/0.00/1873.82) lat (ms,95%): 10.46 err/s: 0.00 reconn/s: 0.00
[ 50s ] thds: 8 tps: 939.39 qps: 15026.57 (r/w/o: 13147.78/0.00/1878.78) lat (ms,95%): 10.27 err/s: 0.00 reconn/s: 0.00
[ 60s ] thds: 8 tps: 940.30 qps: 15045.67 (r/w/o: 13165.06/0.00/1880.61) lat (ms,95%): 10.27 err/s: 0.00 reconn/s: 0.00
[ 70s ] thds: 8 tps: 925.30 qps: 14804.26 (r/w/o: 12953.67/0.00/1850.60) lat (ms,95%): 10.46 err/s: 0.00 reconn/s: 0.00
[ 80s ] thds: 8 tps: 922.90 qps: 14770.05 (r/w/o: 12924.25/0.00/1845.81) lat (ms,95%): 10.65 err/s: 0.00 reconn/s: 0.00
[ 90s ] thds: 8 tps: 932.70 qps: 14922.50 (r/w/o: 13057.10/0.00/1865.40) lat (ms,95%): 10.46 err/s: 0.00 reconn/s: 0.00
[ 100s ] thds: 8 tps: 943.70 qps: 15097.46 (r/w/o: 13210.07/0.00/1887.40) lat (ms,95%): 10.27 err/s: 0.00 reconn/s: 0.00
[ 110s ] thds: 8 tps: 951.10 qps: 15214.75 (r/w/o: 13312.66/0.00/1902.09) lat (ms,95%): 10.27 err/s: 0.00 reconn/s: 0.00
[ 120s ] thds: 8 tps: 950.40 qps: 15208.21 (r/w/o: 13307.31/0.00/1900.90) lat (ms,95%): 10.09 err/s: 0.00 reconn/s: 0.00
[ 130s ] thds: 8 tps: 945.10 qps: 15120.47 (r/w/o: 13230.36/0.00/1890.11) lat (ms,95%): 10.46 err/s: 0.00 reconn/s: 0.00
[ 140s ] thds: 8 tps: 953.60 qps: 15258.63 (r/w/o: 13351.34/0.00/1907.29) lat (ms,95%): 10.09 err/s: 0.00 reconn/s: 0.00
[ 150s ] thds: 8 tps: 956.70 qps: 15309.58 (r/w/o: 13396.18/0.00/1913.40) lat (ms,95%): 10.09 err/s: 0.00 reconn/s: 0.00
[ 160s ] thds: 8 tps: 955.40 qps: 15285.03 (r/w/o: 13374.23/0.00/1910.80) lat (ms,95%): 10.09 err/s: 0.00 reconn/s: 0.00
[ 170s ] thds: 8 tps: 953.80 qps: 15260.54 (r/w/o: 13352.94/0.00/1907.61) lat (ms,95%): 10.27 err/s: 0.00 reconn/s: 0.00
[ 180s ] thds: 8 tps: 953.70 qps: 15260.39 (r/w/o: 13352.99/0.00/1907.40) lat (ms,95%): 10.27 err/s: 0.00 reconn/s: 0.00
SQL statistics:
    queries performed:
        read:                            2376500
        write:                           0
        other:                           339500
        total:                           2716000
    transactions:                        169750 (943.01 per sec.)
    queries:                             2716000 (15088.17 per sec.)
    ignored errors:                      0      (0.00 per sec.)
    reconnects:                          0      (0.00 per sec.)

General statistics:
    total time:                          180.0072s
    total number of events:              169750

Latency (ms):
         min:                                    6.13
         avg:                                    8.48
         max:                                   89.65
         95th percentile:                       10.27
         sum:                              1439706.01

Threads fairness:
    events (avg/stddev):           21218.7500/101.36
    execution time (avg/stddev):   179.9633/0.00

