sysbench 1.0.17 (using system LuaJIT 2.0.4)

Running the test with following options:
Number of threads: 128
Report intermediate results every 10 second(s)
Initializing random number generator from current time


Initializing worker threads...

Threads started!

[ 10s ] thds: 128 tps: 5995.96 qps: 5995.96 (r/w/o: 0.00/4748.02/1247.94) lat (ms,95%): 59.99 err/s: 0.00 reconn/s: 0.00
[ 20s ] thds: 128 tps: 6179.33 qps: 6179.33 (r/w/o: 0.00/4903.43/1275.91) lat (ms,95%): 61.08 err/s: 0.00 reconn/s: 0.00
[ 30s ] thds: 128 tps: 6455.30 qps: 6455.30 (r/w/o: 0.00/5120.00/1335.30) lat (ms,95%): 57.87 err/s: 0.00 reconn/s: 0.00
[ 40s ] thds: 128 tps: 6699.30 qps: 6699.30 (r/w/o: 0.00/5335.00/1364.30) lat (ms,95%): 53.85 err/s: 0.00 reconn/s: 0.00
[ 50s ] thds: 128 tps: 1758.71 qps: 1758.71 (r/w/o: 0.00/1387.00/371.70) lat (ms,95%): 56.84 err/s: 0.00 reconn/s: 0.00
[ 60s ] thds: 128 tps: 1174.90 qps: 1174.90 (r/w/o: 0.00/932.00/242.90) lat (ms,95%): 21.11 err/s: 0.00 reconn/s: 0.00
[ 70s ] thds: 128 tps: 9540.57 qps: 9540.57 (r/w/o: 0.00/7567.48/1973.09) lat (ms,95%): 31.94 err/s: 0.00 reconn/s: 0.00
[ 80s ] thds: 128 tps: 9347.49 qps: 9347.49 (r/w/o: 0.00/7397.59/1949.90) lat (ms,95%): 35.59 err/s: 0.00 reconn/s: 0.00
[ 90s ] thds: 128 tps: 9319.51 qps: 9319.51 (r/w/o: 0.00/7396.61/1922.90) lat (ms,95%): 36.24 err/s: 0.00 reconn/s: 0.00
FATAL: mysql_stmt_execute() returned error 9004 (Resolve lock timeout) for query 'UPDATE sbtest14 SET k=k+1 WHERE id=?'
FATAL: `thread_run' function failed: /usr/share/sysbench/oltp_common.lua:458: SQL error, errno = 9004, state = 'HY000': Resolve lock timeout
[ 100s ] thds: 128 tps: 2792.51 qps: 2792.51 (r/w/o: 0.00/2217.11/575.40) lat (ms,95%): 38.25 err/s: 0.10 reconn/s: 0.00
FATAL: mysql_stmt_execute() returned error 9004 (Resolve lock timeout) for query 'UPDATE sbtest14 SET k=k+1 WHERE id=?'
FATAL: `thread_run' function failed: /usr/share/sysbench/oltp_common.lua:458: SQL error, errno = 9004, state = 'HY000': Resolve lock timeout
[ 110s ] thds: 55 tps: 12.50 qps: 12.50 (r/w/o: 0.00/12.50/0.00) lat (ms,95%): 15650.42 err/s: 0.10 reconn/s: 0.00
Error in my_thread_global_end(): 2 threads didn't exit
