sysbench 1.0.17 (using system LuaJIT 2.0.4)

Running the test with following options:
Number of threads: 8
Report intermediate results every 10 second(s)
Initializing random number generator from current time


Initializing worker threads...

Threads started!

[ 10s ] thds: 8 tps: 2506.98 qps: 2506.98 (r/w/o: 0.00/1985.16/521.81) lat (ms,95%): 4.82 err/s: 0.00 reconn/s: 0.00
[ 20s ] thds: 8 tps: 2470.25 qps: 2470.25 (r/w/o: 0.00/1976.14/494.11) lat (ms,95%): 4.74 err/s: 0.00 reconn/s: 0.00
[ 30s ] thds: 8 tps: 2518.10 qps: 2518.10 (r/w/o: 0.00/1995.40/522.70) lat (ms,95%): 4.74 err/s: 0.00 reconn/s: 0.00
[ 40s ] thds: 8 tps: 2488.20 qps: 2488.20 (r/w/o: 0.00/1976.60/511.60) lat (ms,95%): 4.91 err/s: 0.00 reconn/s: 0.00
[ 50s ] thds: 8 tps: 2509.40 qps: 2509.40 (r/w/o: 0.00/1990.00/519.40) lat (ms,95%): 4.91 err/s: 0.00 reconn/s: 0.00
[ 60s ] thds: 8 tps: 2544.80 qps: 2544.80 (r/w/o: 0.00/2009.40/535.40) lat (ms,95%): 4.74 err/s: 0.00 reconn/s: 0.00
[ 70s ] thds: 8 tps: 2505.60 qps: 2505.60 (r/w/o: 0.00/1995.20/510.40) lat (ms,95%): 4.74 err/s: 0.00 reconn/s: 0.00
[ 80s ] thds: 8 tps: 2532.20 qps: 2532.20 (r/w/o: 0.00/2007.50/524.70) lat (ms,95%): 4.82 err/s: 0.00 reconn/s: 0.00
[ 90s ] thds: 8 tps: 2504.80 qps: 2504.80 (r/w/o: 0.00/1996.40/508.40) lat (ms,95%): 4.82 err/s: 0.00 reconn/s: 0.00
[ 100s ] thds: 8 tps: 2543.30 qps: 2543.30 (r/w/o: 0.00/2013.90/529.40) lat (ms,95%): 4.74 err/s: 0.00 reconn/s: 0.00
[ 110s ] thds: 8 tps: 2517.90 qps: 2517.90 (r/w/o: 0.00/1999.30/518.60) lat (ms,95%): 4.74 err/s: 0.00 reconn/s: 0.00
[ 120s ] thds: 8 tps: 2485.00 qps: 2485.00 (r/w/o: 0.00/1966.80/518.20) lat (ms,95%): 5.00 err/s: 0.00 reconn/s: 0.00
[ 130s ] thds: 8 tps: 2514.71 qps: 2514.71 (r/w/o: 0.00/2000.30/514.40) lat (ms,95%): 4.74 err/s: 0.00 reconn/s: 0.00
[ 140s ] thds: 8 tps: 2506.00 qps: 2506.00 (r/w/o: 0.00/1993.00/513.00) lat (ms,95%): 4.74 err/s: 0.00 reconn/s: 0.00
[ 150s ] thds: 8 tps: 2529.30 qps: 2529.30 (r/w/o: 0.00/2000.60/528.70) lat (ms,95%): 4.74 err/s: 0.00 reconn/s: 0.00
[ 160s ] thds: 8 tps: 2513.91 qps: 2513.91 (r/w/o: 0.00/1992.70/521.20) lat (ms,95%): 4.82 err/s: 0.00 reconn/s: 0.00
[ 170s ] thds: 8 tps: 2413.60 qps: 2413.60 (r/w/o: 0.00/1912.40/501.20) lat (ms,95%): 5.47 err/s: 0.00 reconn/s: 0.00
[ 180s ] thds: 8 tps: 2542.07 qps: 2542.07 (r/w/o: 0.00/2006.28/535.79) lat (ms,95%): 4.74 err/s: 0.00 reconn/s: 0.00
SQL statistics:
    queries performed:
        read:                            0
        write:                           358182
        other:                           93291
        total:                           451473
    transactions:                        451473 (2508.10 per sec.)
    queries:                             451473 (2508.10 per sec.)
    ignored errors:                      0      (0.00 per sec.)
    reconnects:                          0      (0.00 per sec.)

General statistics:
    total time:                          180.0044s
    total number of events:              451473

Latency (ms):
         min:                                    0.41
         avg:                                    3.19
         max:                                  154.08
         95th percentile:                        4.82
         sum:                              1439739.85

Threads fairness:
    events (avg/stddev):           56434.1250/140.19
    execution time (avg/stddev):   179.9675/0.00

