sysbench 1.0.17 (using system LuaJIT 2.0.4)

Running the test with following options:
Number of threads: 512
Report intermediate results every 10 second(s)
Initializing random number generator from current time


Initializing worker threads...

Threads started!

[ 10s ] thds: 512 tps: 2792.28 qps: 45052.15 (r/w/o: 39420.57/0.00/5631.58) lat (ms,95%): 227.40 err/s: 0.00 reconn/s: 0.00
[ 20s ] thds: 512 tps: 2905.57 qps: 46517.23 (r/w/o: 40706.49/0.00/5810.74) lat (ms,95%): 227.40 err/s: 0.00 reconn/s: 0.00
[ 30s ] thds: 512 tps: 2916.31 qps: 46631.39 (r/w/o: 40798.48/0.00/5832.91) lat (ms,95%): 231.53 err/s: 0.00 reconn/s: 0.00
[ 40s ] thds: 512 tps: 2923.11 qps: 46814.37 (r/w/o: 40966.45/0.00/5847.92) lat (ms,95%): 231.53 err/s: 0.00 reconn/s: 0.00
[ 50s ] thds: 512 tps: 2900.48 qps: 46342.61 (r/w/o: 40543.66/0.00/5798.95) lat (ms,95%): 231.53 err/s: 0.00 reconn/s: 0.00
[ 60s ] thds: 512 tps: 2917.40 qps: 46728.02 (r/w/o: 40892.52/0.00/5835.50) lat (ms,95%): 231.53 err/s: 0.00 reconn/s: 0.00
[ 70s ] thds: 512 tps: 2921.07 qps: 46776.43 (r/w/o: 40934.69/0.00/5841.74) lat (ms,95%): 231.53 err/s: 0.00 reconn/s: 0.00
[ 80s ] thds: 512 tps: 2908.40 qps: 46430.27 (r/w/o: 40615.57/0.00/5814.70) lat (ms,95%): 231.53 err/s: 0.00 reconn/s: 0.00
[ 90s ] thds: 512 tps: 2910.39 qps: 46608.41 (r/w/o: 40786.42/0.00/5821.99) lat (ms,95%): 231.53 err/s: 0.00 reconn/s: 0.00
[ 100s ] thds: 512 tps: 2937.58 qps: 47019.81 (r/w/o: 41142.55/0.00/5877.26) lat (ms,95%): 231.53 err/s: 0.00 reconn/s: 0.00
[ 110s ] thds: 512 tps: 2897.62 qps: 46304.11 (r/w/o: 40507.07/0.00/5797.04) lat (ms,95%): 231.53 err/s: 0.00 reconn/s: 0.00
[ 120s ] thds: 512 tps: 2910.94 qps: 46605.69 (r/w/o: 40785.20/0.00/5820.49) lat (ms,95%): 231.53 err/s: 0.00 reconn/s: 0.00
[ 130s ] thds: 512 tps: 2922.78 qps: 46787.00 (r/w/o: 40942.23/0.00/5844.76) lat (ms,95%): 231.53 err/s: 0.00 reconn/s: 0.00
[ 140s ] thds: 512 tps: 2899.04 qps: 46332.86 (r/w/o: 40538.59/0.00/5794.27) lat (ms,95%): 231.53 err/s: 0.00 reconn/s: 0.00
[ 150s ] thds: 512 tps: 2923.06 qps: 46794.31 (r/w/o: 40945.68/0.00/5848.63) lat (ms,95%): 231.53 err/s: 0.00 reconn/s: 0.00
[ 160s ] thds: 512 tps: 2898.22 qps: 46374.70 (r/w/o: 40578.45/0.00/5796.25) lat (ms,95%): 231.53 err/s: 0.00 reconn/s: 0.00
[ 170s ] thds: 512 tps: 2918.93 qps: 46685.24 (r/w/o: 40848.39/0.00/5836.86) lat (ms,95%): 231.53 err/s: 0.00 reconn/s: 0.00
[ 180s ] thds: 512 tps: 2805.09 qps: 44926.03 (r/w/o: 39311.95/0.00/5614.08) lat (ms,95%): 244.38 err/s: 0.00 reconn/s: 0.00
SQL statistics:
    queries performed:
        read:                            7316876
        write:                           0
        other:                           1045268
        total:                           8362144
    transactions:                        522634 (2899.29 per sec.)
    queries:                             8362144 (46388.62 per sec.)
    ignored errors:                      0      (0.00 per sec.)
    reconnects:                          0      (0.00 per sec.)

General statistics:
    total time:                          180.2614s
    total number of events:              522634

Latency (ms):
         min:                                   37.70
         avg:                                  176.45
         max:                                  374.04
         95th percentile:                      231.53
         sum:                             92218445.02

Threads fairness:
    events (avg/stddev):           1020.7695/2.26
    execution time (avg/stddev):   180.1142/0.06

