sysbench 1.0.17 (using system LuaJIT 2.0.4)

Running the test with following options:
Number of threads: 16
Initializing random number generator from current time


Prime numbers limit: 200000

Initializing worker threads...

Threads started!

CPU speed:
    events per second:   165.19

General statistics:
    total time:                          30.0789s
    total number of events:              4969

Latency (ms):
         min:                                   74.22
         avg:                                   96.72
         max:                                  128.40
         95th percentile:                       97.55
         sum:                               480611.03

Threads fairness:
    events (avg/stddev):           310.5625/0.50
    execution time (avg/stddev):   30.0382/0.03

