sysbench 1.0.17 (using system LuaJIT 2.0.4)

Running the test with following options:
Number of threads: 16
Report intermediate results every 10 second(s)
Initializing random number generator from current time


Initializing worker threads...

Threads started!

[ 10s ] thds: 16 tps: 1592.51 qps: 25493.48 (r/w/o: 22306.87/0.00/3186.61) lat (ms,95%): 14.21 err/s: 0.00 reconn/s: 0.00
[ 20s ] thds: 16 tps: 811.52 qps: 12984.18 (r/w/o: 11361.13/0.00/1623.05) lat (ms,95%): 14.46 err/s: 0.00 reconn/s: 0.00
[ 30s ] thds: 16 tps: 15.70 qps: 252.70 (r/w/o: 221.30/0.00/31.40) lat (ms,95%): 11317.84 err/s: 0.00 reconn/s: 0.00
[ 40s ] thds: 16 tps: 1196.99 qps: 19149.42 (r/w/o: 16755.43/0.00/2393.99) lat (ms,95%): 14.73 err/s: 0.00 reconn/s: 0.00
[ 50s ] thds: 16 tps: 1506.79 qps: 24107.52 (r/w/o: 21093.95/0.00/3013.58) lat (ms,95%): 14.73 err/s: 0.00 reconn/s: 0.00
[ 60s ] thds: 16 tps: 1511.20 qps: 24182.59 (r/w/o: 21160.19/0.00/3022.40) lat (ms,95%): 14.73 err/s: 0.00 reconn/s: 0.00
[ 70s ] thds: 16 tps: 1511.80 qps: 24187.45 (r/w/o: 21163.84/0.00/3023.61) lat (ms,95%): 14.73 err/s: 0.00 reconn/s: 0.00
[ 80s ] thds: 16 tps: 1541.00 qps: 24656.77 (r/w/o: 21574.88/0.00/3081.90) lat (ms,95%): 14.46 err/s: 0.00 reconn/s: 0.00
[ 90s ] thds: 16 tps: 1579.40 qps: 25271.47 (r/w/o: 22112.56/0.00/3158.91) lat (ms,95%): 14.46 err/s: 0.00 reconn/s: 0.00
[ 100s ] thds: 16 tps: 1577.50 qps: 25240.86 (r/w/o: 22085.87/0.00/3155.00) lat (ms,95%): 14.46 err/s: 0.00 reconn/s: 0.00
[ 110s ] thds: 16 tps: 1579.20 qps: 25264.96 (r/w/o: 22106.76/0.00/3158.19) lat (ms,95%): 14.46 err/s: 0.00 reconn/s: 0.00
[ 120s ] thds: 16 tps: 1582.30 qps: 25316.12 (r/w/o: 22151.33/0.00/3164.79) lat (ms,95%): 14.46 err/s: 0.00 reconn/s: 0.00
[ 130s ] thds: 16 tps: 1581.31 qps: 25304.37 (r/w/o: 22141.75/0.00/3162.62) lat (ms,95%): 14.21 err/s: 0.00 reconn/s: 0.00
[ 140s ] thds: 16 tps: 1578.50 qps: 25252.67 (r/w/o: 22095.78/0.00/3156.90) lat (ms,95%): 14.46 err/s: 0.00 reconn/s: 0.00
[ 150s ] thds: 16 tps: 1558.50 qps: 24934.99 (r/w/o: 21817.89/0.00/3117.10) lat (ms,95%): 14.73 err/s: 0.00 reconn/s: 0.00
[ 160s ] thds: 16 tps: 1572.60 qps: 25165.53 (r/w/o: 22020.33/0.00/3145.20) lat (ms,95%): 14.46 err/s: 0.00 reconn/s: 0.00
[ 170s ] thds: 16 tps: 1573.30 qps: 25170.12 (r/w/o: 22023.62/0.00/3146.50) lat (ms,95%): 14.46 err/s: 0.00 reconn/s: 0.00
[ 180s ] thds: 16 tps: 1581.46 qps: 25300.72 (r/w/o: 22137.80/0.00/3162.91) lat (ms,95%): 14.46 err/s: 0.00 reconn/s: 0.00
SQL statistics:
    queries performed:
        read:                            3563476
        write:                           0
        other:                           509068
        total:                           4072544
    transactions:                        254534 (1413.98 per sec.)
    queries:                             4072544 (22623.73 per sec.)
    ignored errors:                      0      (0.00 per sec.)
    reconnects:                          0      (0.00 per sec.)

General statistics:
    total time:                          180.0107s
    total number of events:              254534

Latency (ms):
         min:                                    6.01
         avg:                                   11.31
         max:                                17358.89
         95th percentile:                       14.46
         sum:                              2879515.66

Threads fairness:
    events (avg/stddev):           15908.3750/46.44
    execution time (avg/stddev):   179.9697/0.00

