sysbench 1.0.17 (using system LuaJIT 2.0.4)

Running the test with following options:
Number of threads: 64
Report intermediate results every 10 second(s)
Initializing random number generator from current time


Initializing worker threads...

Threads started!

[ 10s ] thds: 64 tps: 8137.90 qps: 8137.90 (r/w/o: 0.00/5691.07/2446.83) lat (ms,95%): 19.65 err/s: 0.00 reconn/s: 0.00
[ 20s ] thds: 64 tps: 5234.85 qps: 5234.85 (r/w/o: 0.00/3663.33/1571.51) lat (ms,95%): 82.96 err/s: 0.00 reconn/s: 0.00
[ 30s ] thds: 64 tps: 1088.00 qps: 1088.00 (r/w/o: 0.00/750.50/337.50) lat (ms,95%): 104.84 err/s: 0.00 reconn/s: 0.00
[ 40s ] thds: 64 tps: 7058.72 qps: 7058.72 (r/w/o: 0.00/4948.81/2109.90) lat (ms,95%): 31.37 err/s: 0.00 reconn/s: 0.00
[ 50s ] thds: 64 tps: 3557.28 qps: 3557.28 (r/w/o: 0.00/2499.99/1057.30) lat (ms,95%): 80.03 err/s: 0.00 reconn/s: 0.00
[ 60s ] thds: 64 tps: 12930.40 qps: 12930.40 (r/w/o: 0.00/9045.43/3884.97) lat (ms,95%): 11.04 err/s: 0.00 reconn/s: 0.00
[ 70s ] thds: 64 tps: 11855.57 qps: 11855.57 (r/w/o: 0.00/8317.35/3538.22) lat (ms,95%): 13.22 err/s: 0.00 reconn/s: 0.00
[ 80s ] thds: 64 tps: 12955.45 qps: 12955.45 (r/w/o: 0.00/9062.67/3892.79) lat (ms,95%): 10.27 err/s: 0.00 reconn/s: 0.00
[ 90s ] thds: 64 tps: 12416.97 qps: 12416.97 (r/w/o: 0.00/8692.68/3724.29) lat (ms,95%): 11.24 err/s: 0.00 reconn/s: 0.00
FATAL: mysql_stmt_execute() returned error 2013 (Lost connection to MySQL server during query) for query 'UPDATE sbtest14 SET k=k+1 WHERE id=?'
FATAL: mysql_stmt_execute() returned error 2013 (Lost connection to MySQL server during query) for query 'UPDATE sbtest31 SET k=k+1 WHERE id=?'
FATAL: `thread_run' function failed: /usr/share/sysbench/oltp_common.lua:458: SQL error, errno = 2013, state = 'HY000': Lost connection to MySQL server during query
Error in my_thread_global_end(): 2 threads didn't exit
