sysbench 1.0.17 (using system LuaJIT 2.0.4)

Running the test with following options:
Number of threads: 8
Report intermediate results every 10 second(s)
Initializing random number generator from current time


Initializing worker threads...

Threads started!

[ 10s ] thds: 8 tps: 18642.23 qps: 18642.23 (r/w/o: 18642.23/0.00/0.00) lat (ms,95%): 0.52 err/s: 0.00 reconn/s: 0.00
[ 20s ] thds: 8 tps: 18706.09 qps: 18706.09 (r/w/o: 18706.09/0.00/0.00) lat (ms,95%): 0.52 err/s: 0.00 reconn/s: 0.00
[ 30s ] thds: 8 tps: 18689.12 qps: 18689.12 (r/w/o: 18689.12/0.00/0.00) lat (ms,95%): 0.52 err/s: 0.00 reconn/s: 0.00
[ 40s ] thds: 8 tps: 18611.59 qps: 18611.59 (r/w/o: 18611.59/0.00/0.00) lat (ms,95%): 0.52 err/s: 0.00 reconn/s: 0.00
[ 50s ] thds: 8 tps: 18617.62 qps: 18617.62 (r/w/o: 18617.62/0.00/0.00) lat (ms,95%): 0.52 err/s: 0.00 reconn/s: 0.00
[ 60s ] thds: 8 tps: 18617.40 qps: 18617.40 (r/w/o: 18617.40/0.00/0.00) lat (ms,95%): 0.52 err/s: 0.00 reconn/s: 0.00
[ 70s ] thds: 8 tps: 18622.07 qps: 18622.07 (r/w/o: 18622.07/0.00/0.00) lat (ms,95%): 0.52 err/s: 0.00 reconn/s: 0.00
[ 80s ] thds: 8 tps: 18640.44 qps: 18640.44 (r/w/o: 18640.44/0.00/0.00) lat (ms,95%): 0.52 err/s: 0.00 reconn/s: 0.00
[ 90s ] thds: 8 tps: 18568.27 qps: 18568.27 (r/w/o: 18568.27/0.00/0.00) lat (ms,95%): 0.52 err/s: 0.00 reconn/s: 0.00
[ 100s ] thds: 8 tps: 18600.11 qps: 18600.11 (r/w/o: 18600.11/0.00/0.00) lat (ms,95%): 0.52 err/s: 0.00 reconn/s: 0.00
[ 110s ] thds: 8 tps: 18677.59 qps: 18677.59 (r/w/o: 18677.59/0.00/0.00) lat (ms,95%): 0.52 err/s: 0.00 reconn/s: 0.00
[ 120s ] thds: 8 tps: 18635.09 qps: 18635.09 (r/w/o: 18635.09/0.00/0.00) lat (ms,95%): 0.52 err/s: 0.00 reconn/s: 0.00
[ 130s ] thds: 8 tps: 18631.39 qps: 18631.39 (r/w/o: 18631.39/0.00/0.00) lat (ms,95%): 0.52 err/s: 0.00 reconn/s: 0.00
[ 140s ] thds: 8 tps: 18617.23 qps: 18617.23 (r/w/o: 18617.23/0.00/0.00) lat (ms,95%): 0.52 err/s: 0.00 reconn/s: 0.00
[ 150s ] thds: 8 tps: 18530.60 qps: 18530.60 (r/w/o: 18530.60/0.00/0.00) lat (ms,95%): 0.52 err/s: 0.00 reconn/s: 0.00
[ 160s ] thds: 8 tps: 18631.96 qps: 18631.96 (r/w/o: 18631.96/0.00/0.00) lat (ms,95%): 0.52 err/s: 0.00 reconn/s: 0.00
[ 170s ] thds: 8 tps: 18595.62 qps: 18595.62 (r/w/o: 18595.62/0.00/0.00) lat (ms,95%): 0.52 err/s: 0.00 reconn/s: 0.00
SQL statistics:
    queries performed:
        read:                            3352391
        write:                           0
        other:                           0
        total:                           3352391
    transactions:                        3352391 (18624.06 per sec.)
    queries:                             3352391 (18624.06 per sec.)
    ignored errors:                      0      (0.00 per sec.)
    reconnects:                          0      (0.00 per sec.)

General statistics:
    total time:                          180.0019s
    total number of events:              3352391

Latency (ms):
         min:                                    0.25
         avg:                                    0.43
         max:                                    7.45
         95th percentile:                        0.52
         sum:                              1438580.88

Threads fairness:
    events (avg/stddev):           419048.8750/3091.43
    execution time (avg/stddev):   179.8226/0.00

