sysbench 1.0.17 (using system LuaJIT 2.0.4)

Running the test with following options:
Number of threads: 1
Initializing random number generator from current time


Prime numbers limit: 200000

Initializing worker threads...

Threads started!

CPU speed:
    events per second:    17.18

General statistics:
    total time:                          30.0308s
    total number of events:              516

Latency (ms):
         min:                                   58.04
         avg:                                   58.20
         max:                                   58.37
         95th percentile:                       57.87
         sum:                                30030.21

Threads fairness:
    events (avg/stddev):           516.0000/0.00
    execution time (avg/stddev):   30.0302/0.00

