sysbench 1.0.17 (using system LuaJIT 2.0.4)

Running the test with following options:
Number of threads: 32
Report intermediate results every 10 second(s)
Initializing random number generator from current time


Initializing worker threads...

Threads started!

[ 10s ] thds: 32 tps: 4620.26 qps: 4620.26 (r/w/o: 0.00/3676.33/943.93) lat (ms,95%): 14.46 err/s: 0.00 reconn/s: 0.00
[ 20s ] thds: 32 tps: 4573.80 qps: 4573.80 (r/w/o: 0.00/3634.90/938.90) lat (ms,95%): 15.00 err/s: 0.00 reconn/s: 0.00
[ 30s ] thds: 32 tps: 4656.22 qps: 4656.22 (r/w/o: 0.00/3690.42/965.80) lat (ms,95%): 14.46 err/s: 0.00 reconn/s: 0.00
[ 40s ] thds: 32 tps: 4548.09 qps: 4548.09 (r/w/o: 0.00/3611.69/936.40) lat (ms,95%): 15.00 err/s: 0.00 reconn/s: 0.00
[ 50s ] thds: 32 tps: 4543.30 qps: 4543.30 (r/w/o: 0.00/3614.60/928.70) lat (ms,95%): 15.27 err/s: 0.00 reconn/s: 0.00
[ 60s ] thds: 32 tps: 4134.49 qps: 4134.49 (r/w/o: 0.00/3285.89/848.60) lat (ms,95%): 18.95 err/s: 0.00 reconn/s: 0.00
[ 70s ] thds: 32 tps: 4155.10 qps: 4155.10 (r/w/o: 0.00/3292.60/862.50) lat (ms,95%): 19.29 err/s: 0.00 reconn/s: 0.00
[ 80s ] thds: 32 tps: 4123.21 qps: 4123.21 (r/w/o: 0.00/3270.21/853.00) lat (ms,95%): 18.61 err/s: 0.00 reconn/s: 0.00
[ 90s ] thds: 32 tps: 4243.20 qps: 4243.20 (r/w/o: 0.00/3361.60/881.60) lat (ms,95%): 17.32 err/s: 0.00 reconn/s: 0.00
[ 100s ] thds: 32 tps: 4322.60 qps: 4322.60 (r/w/o: 0.00/3438.40/884.20) lat (ms,95%): 16.12 err/s: 0.00 reconn/s: 0.00
[ 110s ] thds: 32 tps: 4365.89 qps: 4365.89 (r/w/o: 0.00/3457.90/908.00) lat (ms,95%): 16.41 err/s: 0.00 reconn/s: 0.00
[ 120s ] thds: 32 tps: 4406.01 qps: 4406.01 (r/w/o: 0.00/3481.71/924.30) lat (ms,95%): 16.71 err/s: 0.00 reconn/s: 0.00
[ 130s ] thds: 32 tps: 4447.39 qps: 4447.39 (r/w/o: 0.00/3526.49/920.90) lat (ms,95%): 16.41 err/s: 0.00 reconn/s: 0.00
[ 140s ] thds: 32 tps: 4441.61 qps: 4441.61 (r/w/o: 0.00/3528.01/913.60) lat (ms,95%): 16.12 err/s: 0.00 reconn/s: 0.00
[ 150s ] thds: 32 tps: 4496.90 qps: 4496.90 (r/w/o: 0.00/3569.50/927.40) lat (ms,95%): 15.55 err/s: 0.00 reconn/s: 0.00
[ 160s ] thds: 32 tps: 4465.80 qps: 4465.80 (r/w/o: 0.00/3538.90/926.90) lat (ms,95%): 16.12 err/s: 0.00 reconn/s: 0.00
[ 170s ] thds: 32 tps: 4448.70 qps: 4448.70 (r/w/o: 0.00/3537.70/911.00) lat (ms,95%): 15.83 err/s: 0.00 reconn/s: 0.00
[ 180s ] thds: 32 tps: 4294.41 qps: 4294.41 (r/w/o: 0.00/3400.73/893.68) lat (ms,95%): 17.63 err/s: 0.00 reconn/s: 0.00
SQL statistics:
    queries performed:
        read:                            0
        write:                           629214
        other:                           163696
        total:                           792910
    transactions:                        792910 (4404.79 per sec.)
    queries:                             792910 (4404.79 per sec.)
    ignored errors:                      0      (0.00 per sec.)
    reconnects:                          0      (0.00 per sec.)

General statistics:
    total time:                          180.0096s
    total number of events:              792910

Latency (ms):
         min:                                    0.43
         avg:                                    7.26
         max:                                 3010.20
         95th percentile:                       16.41
         sum:                              5759678.01

Threads fairness:
    events (avg/stddev):           24778.4375/161.51
    execution time (avg/stddev):   179.9899/0.00

