sysbench 1.0.17 (using system LuaJIT 2.0.4)

Running the test with following options:
Number of threads: 1
Initializing random number generator from current time


Prime numbers limit: 200000

Initializing worker threads...

Threads started!

CPU speed:
    events per second:    14.18

General statistics:
    total time:                          30.0378s
    total number of events:              426

Latency (ms):
         min:                                   69.72
         avg:                                   70.51
         max:                                   70.89
         95th percentile:                       70.55
         sum:                                30036.46

Threads fairness:
    events (avg/stddev):           426.0000/0.00
    execution time (avg/stddev):   30.0365/0.00

