sysbench 1.0.17 (using system LuaJIT 2.0.4)

Running the test with following options:
Number of threads: 128
Report intermediate results every 10 second(s)
Initializing random number generator from current time


Initializing worker threads...

Threads started!

[ 10s ] thds: 128 tps: 5250.28 qps: 5250.28 (r/w/o: 0.00/4173.09/1077.19) lat (ms,95%): 80.03 err/s: 0.00 reconn/s: 0.00
[ 20s ] thds: 128 tps: 3659.71 qps: 3659.71 (r/w/o: 0.00/2900.71/759.00) lat (ms,95%): 63.32 err/s: 0.00 reconn/s: 0.00
[ 30s ] thds: 128 tps: 58.00 qps: 58.00 (r/w/o: 0.00/46.40/11.60) lat (ms,95%): 11317.84 err/s: 0.00 reconn/s: 0.00
[ 40s ] thds: 128 tps: 4026.29 qps: 4026.29 (r/w/o: 0.00/3186.89/839.40) lat (ms,95%): 51.02 err/s: 0.00 reconn/s: 0.00
[ 50s ] thds: 128 tps: 6072.82 qps: 6072.82 (r/w/o: 0.00/4821.82/1251.00) lat (ms,95%): 52.89 err/s: 0.00 reconn/s: 0.00
[ 60s ] thds: 128 tps: 2345.20 qps: 2345.20 (r/w/o: 0.00/1870.80/474.40) lat (ms,95%): 54.83 err/s: 0.00 reconn/s: 0.00
[ 70s ] thds: 128 tps: 440.10 qps: 440.10 (r/w/o: 0.00/357.40/82.70) lat (ms,95%): 646.19 err/s: 0.00 reconn/s: 0.00
[ 80s ] thds: 128 tps: 5031.81 qps: 5031.81 (r/w/o: 0.00/3992.91/1038.90) lat (ms,95%): 54.83 err/s: 0.00 reconn/s: 0.00
[ 90s ] thds: 128 tps: 4815.17 qps: 4815.17 (r/w/o: 0.00/3831.08/984.09) lat (ms,95%): 63.32 err/s: 0.00 reconn/s: 0.00
[ 100s ] thds: 128 tps: 4568.03 qps: 4568.03 (r/w/o: 0.00/3620.02/948.01) lat (ms,95%): 71.83 err/s: 0.00 reconn/s: 0.00
[ 110s ] thds: 128 tps: 0.00 qps: 0.00 (r/w/o: 0.00/0.00/0.00) lat (ms,95%): 0.00 err/s: 0.00 reconn/s: 0.00
[ 120s ] thds: 128 tps: 0.00 qps: 0.00 (r/w/o: 0.00/0.00/0.00) lat (ms,95%): 0.00 err/s: 0.00 reconn/s: 0.00
[ 130s ] thds: 128 tps: 44.10 qps: 44.10 (r/w/o: 0.00/38.10/6.00) lat (ms,95%): 25448.93 err/s: 0.00 reconn/s: 0.00
[ 140s ] thds: 128 tps: 0.00 qps: 0.00 (r/w/o: 0.00/0.00/0.00) lat (ms,95%): 0.00 err/s: 0.00 reconn/s: 0.00
[ 150s ] thds: 128 tps: 234.30 qps: 234.30 (r/w/o: 0.00/186.20/48.10) lat (ms,95%): 20137.61 err/s: 0.00 reconn/s: 0.00
[ 160s ] thds: 128 tps: 0.00 qps: 0.00 (r/w/o: 0.00/0.00/0.00) lat (ms,95%): 0.00 err/s: 0.00 reconn/s: 0.00
[ 170s ] thds: 128 tps: 3394.40 qps: 3394.40 (r/w/o: 0.00/2682.50/711.90) lat (ms,95%): 29.72 err/s: 0.00 reconn/s: 0.00
[ 180s ] thds: 128 tps: 982.80 qps: 982.80 (r/w/o: 0.00/776.20/206.60) lat (ms,95%): 22.28 err/s: 0.00 reconn/s: 0.00
[ 190s ] thds: 128 tps: 2.80 qps: 2.80 (r/w/o: 0.00/2.80/0.00) lat (ms,95%): 20137.61 err/s: 0.00 reconn/s: 0.00
[ 200s ] thds: 128 tps: 1.40 qps: 1.40 (r/w/o: 0.00/1.20/0.20) lat (ms,95%): 20137.61 err/s: 0.00 reconn/s: 0.00
[ 210s ] thds: 128 tps: 0.00 qps: 0.00 (r/w/o: 0.00/0.00/0.00) lat (ms,95%): 0.00 err/s: 0.00 reconn/s: 0.00
[ 220s ] thds: 128 tps: 0.00 qps: 0.00 (r/w/o: 0.00/0.00/0.00) lat (ms,95%): 0.00 err/s: 0.00 reconn/s: 0.00
[ 230s ] thds: 128 tps: 0.00 qps: 0.00 (r/w/o: 0.00/0.00/0.00) lat (ms,95%): 0.00 err/s: 0.00 reconn/s: 0.00
[ 240s ] thds: 128 tps: 0.00 qps: 0.00 (r/w/o: 0.00/0.00/0.00) lat (ms,95%): 0.00 err/s: 0.00 reconn/s: 0.00
[ 250s ] thds: 128 tps: 0.00 qps: 0.00 (r/w/o: 0.00/0.00/0.00) lat (ms,95%): 0.00 err/s: 0.00 reconn/s: 0.00
[ 260s ] thds: 128 tps: 0.00 qps: 0.00 (r/w/o: 0.00/0.00/0.00) lat (ms,95%): 0.00 err/s: 0.00 reconn/s: 0.00
[ 270s ] thds: 128 tps: 0.10 qps: 0.10 (r/w/o: 0.00/0.10/0.00) lat (ms,95%): 100000.00 err/s: 0.00 reconn/s: 0.00
[ 280s ] thds: 128 tps: 0.00 qps: 0.00 (r/w/o: 0.00/0.00/0.00) lat (ms,95%): 0.00 err/s: 0.00 reconn/s: 0.00
[ 290s ] thds: 128 tps: 1.20 qps: 1.20 (r/w/o: 0.00/1.20/0.00) lat (ms,95%): 100000.00 err/s: 0.00 reconn/s: 0.00
[ 300s ] thds: 120 tps: 5.30 qps: 5.30 (r/w/o: 0.00/5.30/0.00) lat (ms,95%): 100000.00 err/s: 0.00 reconn/s: 0.00
[ 310s ] thds: 113 tps: 0.20 qps: 0.20 (r/w/o: 0.00/0.20/0.00) lat (ms,95%): 100000.00 err/s: 0.00 reconn/s: 0.00
[ 320s ] thds: 80 tps: 1.40 qps: 1.40 (r/w/o: 0.00/1.40/0.00) lat (ms,95%): 100000.00 err/s: 0.00 reconn/s: 0.00
[ 330s ] thds: 80 tps: 0.00 qps: 0.00 (r/w/o: 0.00/0.00/0.00) lat (ms,95%): 0.00 err/s: 0.00 reconn/s: 0.00
[ 340s ] thds: 80 tps: 0.00 qps: 0.00 (r/w/o: 0.00/0.00/0.00) lat (ms,95%): 0.00 err/s: 0.00 reconn/s: 0.00
[ 350s ] thds: 80 tps: 0.00 qps: 0.00 (r/w/o: 0.00/0.00/0.00) lat (ms,95%): 0.00 err/s: 0.00 reconn/s: 0.00
[ 360s ] thds: 80 tps: 0.00 qps: 0.00 (r/w/o: 0.00/0.00/0.00) lat (ms,95%): 0.00 err/s: 0.00 reconn/s: 0.00
[ 370s ] thds: 80 tps: 0.00 qps: 0.00 (r/w/o: 0.00/0.00/0.00) lat (ms,95%): 0.00 err/s: 0.00 reconn/s: 0.00
[ 380s ] thds: 80 tps: 0.00 qps: 0.00 (r/w/o: 0.00/0.00/0.00) lat (ms,95%): 0.00 err/s: 0.00 reconn/s: 0.00
[ 390s ] thds: 80 tps: 0.00 qps: 0.00 (r/w/o: 0.00/0.00/0.00) lat (ms,95%): 0.00 err/s: 0.00 reconn/s: 0.00
[ 400s ] thds: 80 tps: 0.00 qps: 0.00 (r/w/o: 0.00/0.00/0.00) lat (ms,95%): 0.00 err/s: 0.00 reconn/s: 0.00
[ 410s ] thds: 80 tps: 0.00 qps: 0.00 (r/w/o: 0.00/0.00/0.00) lat (ms,95%): 0.00 err/s: 0.00 reconn/s: 0.00
[ 420s ] thds: 80 tps: 0.00 qps: 0.00 (r/w/o: 0.00/0.00/0.00) lat (ms,95%): 0.00 err/s: 0.00 reconn/s: 0.00
[ 430s ] thds: 80 tps: 0.00 qps: 0.00 (r/w/o: 0.00/0.00/0.00) lat (ms,95%): 0.00 err/s: 0.00 reconn/s: 0.00
[ 440s ] thds: 80 tps: 0.00 qps: 0.00 (r/w/o: 0.00/0.00/0.00) lat (ms,95%): 0.00 err/s: 0.00 reconn/s: 0.00
[ 450s ] thds: 80 tps: 0.00 qps: 0.00 (r/w/o: 0.00/0.00/0.00) lat (ms,95%): 0.00 err/s: 0.00 reconn/s: 0.00
[ 460s ] thds: 80 tps: 0.00 qps: 0.00 (r/w/o: 0.00/0.00/0.00) lat (ms,95%): 0.00 err/s: 0.00 reconn/s: 0.00
[ 470s ] thds: 80 tps: 0.00 qps: 0.00 (r/w/o: 0.00/0.00/0.00) lat (ms,95%): 0.00 err/s: 0.00 reconn/s: 0.00
[ 480s ] thds: 80 tps: 0.00 qps: 0.00 (r/w/o: 0.00/0.00/0.00) lat (ms,95%): 0.00 err/s: 0.00 reconn/s: 0.00
[ 490s ] thds: 80 tps: 0.00 qps: 0.00 (r/w/o: 0.00/0.00/0.00) lat (ms,95%): 0.00 err/s: 0.00 reconn/s: 0.00
[ 500s ] thds: 80 tps: 0.00 qps: 0.00 (r/w/o: 0.00/0.00/0.00) lat (ms,95%): 0.00 err/s: 0.00 reconn/s: 0.00
[ 510s ] thds: 80 tps: 0.00 qps: 0.00 (r/w/o: 0.00/0.00/0.00) lat (ms,95%): 0.00 err/s: 0.00 reconn/s: 0.00
[ 520s ] thds: 80 tps: 0.00 qps: 0.00 (r/w/o: 0.00/0.00/0.00) lat (ms,95%): 0.00 err/s: 0.00 reconn/s: 0.00
[ 530s ] thds: 80 tps: 0.00 qps: 0.00 (r/w/o: 0.00/0.00/0.00) lat (ms,95%): 0.00 err/s: 0.00 reconn/s: 0.00
[ 540s ] thds: 80 tps: 0.00 qps: 0.00 (r/w/o: 0.00/0.00/0.00) lat (ms,95%): 0.00 err/s: 0.00 reconn/s: 0.00
[ 550s ] thds: 80 tps: 0.00 qps: 0.00 (r/w/o: 0.00/0.00/0.00) lat (ms,95%): 0.00 err/s: 0.00 reconn/s: 0.00
[ 560s ] thds: 80 tps: 0.00 qps: 0.00 (r/w/o: 0.00/0.00/0.00) lat (ms,95%): 0.00 err/s: 0.00 reconn/s: 0.00
