sysbench 1.0.17 (using system LuaJIT 2.0.4)

Running the test with following options:
Number of threads: 32
Report intermediate results every 10 second(s)
Initializing random number generator from current time


Initializing worker threads...

Threads started!

[ 10s ] thds: 32 tps: 2262.70 qps: 36233.06 (r/w/o: 31704.57/0.00/4528.50) lat (ms,95%): 20.74 err/s: 0.00 reconn/s: 0.00
[ 20s ] thds: 32 tps: 2199.43 qps: 35189.93 (r/w/o: 30790.97/0.00/4398.97) lat (ms,95%): 21.50 err/s: 0.00 reconn/s: 0.00
[ 30s ] thds: 32 tps: 2209.09 qps: 35341.69 (r/w/o: 30923.50/0.00/4418.19) lat (ms,95%): 21.89 err/s: 0.00 reconn/s: 0.00
[ 40s ] thds: 32 tps: 2189.63 qps: 35039.32 (r/w/o: 30660.05/0.00/4379.26) lat (ms,95%): 21.50 err/s: 0.00 reconn/s: 0.00
[ 50s ] thds: 32 tps: 2182.01 qps: 34909.34 (r/w/o: 30545.33/0.00/4364.02) lat (ms,95%): 21.89 err/s: 0.00 reconn/s: 0.00
[ 60s ] thds: 32 tps: 2238.21 qps: 35814.10 (r/w/o: 31337.79/0.00/4476.31) lat (ms,95%): 21.89 err/s: 0.00 reconn/s: 0.00
[ 70s ] thds: 32 tps: 2259.89 qps: 36156.45 (r/w/o: 31636.57/0.00/4519.88) lat (ms,95%): 20.74 err/s: 0.00 reconn/s: 0.00
[ 80s ] thds: 32 tps: 2273.19 qps: 36369.51 (r/w/o: 31823.32/0.00/4546.19) lat (ms,95%): 20.74 err/s: 0.00 reconn/s: 0.00
[ 90s ] thds: 32 tps: 2277.40 qps: 36442.98 (r/w/o: 31887.99/0.00/4555.00) lat (ms,95%): 21.11 err/s: 0.00 reconn/s: 0.00
[ 100s ] thds: 32 tps: 2273.62 qps: 36372.40 (r/w/o: 31825.26/0.00/4547.14) lat (ms,95%): 21.11 err/s: 0.00 reconn/s: 0.00
[ 110s ] thds: 32 tps: 2266.10 qps: 36258.73 (r/w/o: 31726.54/0.00/4532.19) lat (ms,95%): 21.11 err/s: 0.00 reconn/s: 0.00
[ 120s ] thds: 32 tps: 2261.49 qps: 36181.90 (r/w/o: 31658.81/0.00/4523.09) lat (ms,95%): 21.50 err/s: 0.00 reconn/s: 0.00
[ 130s ] thds: 32 tps: 2286.80 qps: 36590.59 (r/w/o: 32016.99/0.00/4573.60) lat (ms,95%): 20.74 err/s: 0.00 reconn/s: 0.00
[ 140s ] thds: 32 tps: 2281.09 qps: 36493.80 (r/w/o: 31931.61/0.00/4562.19) lat (ms,95%): 21.11 err/s: 0.00 reconn/s: 0.00
[ 150s ] thds: 32 tps: 2283.29 qps: 36535.78 (r/w/o: 31969.20/0.00/4566.59) lat (ms,95%): 21.11 err/s: 0.00 reconn/s: 0.00
[ 160s ] thds: 32 tps: 2283.08 qps: 36531.18 (r/w/o: 31965.02/0.00/4566.16) lat (ms,95%): 21.11 err/s: 0.00 reconn/s: 0.00
[ 170s ] thds: 32 tps: 2291.31 qps: 36661.87 (r/w/o: 32079.35/0.00/4582.52) lat (ms,95%): 21.11 err/s: 0.00 reconn/s: 0.00
[ 180s ] thds: 32 tps: 2327.54 qps: 37242.07 (r/w/o: 32587.09/0.00/4654.98) lat (ms,95%): 20.74 err/s: 0.00 reconn/s: 0.00
SQL statistics:
    queries performed:
        read:                            5690916
        write:                           0
        other:                           812988
        total:                           6503904
    transactions:                        406494 (2258.09 per sec.)
    queries:                             6503904 (36129.44 per sec.)
    ignored errors:                      0      (0.00 per sec.)
    reconnects:                          0      (0.00 per sec.)

General statistics:
    total time:                          180.0154s
    total number of events:              406494

Latency (ms):
         min:                                    7.34
         avg:                                   14.17
         max:                                   54.08
         95th percentile:                       21.11
         sum:                              5759135.97

Threads fairness:
    events (avg/stddev):           12702.9375/21.17
    execution time (avg/stddev):   179.9730/0.00

